running egg_info
writing ../build/grizzly_stack/grizzly_stack.egg-info/PKG-INFO
writing dependency_links to ../build/grizzly_stack/grizzly_stack.egg-info/dependency_links.txt
writing entry points to ../build/grizzly_stack/grizzly_stack.egg-info/entry_points.txt
writing requirements to ../build/grizzly_stack/grizzly_stack.egg-info/requires.txt
writing top-level names to ../build/grizzly_stack/grizzly_stack.egg-info/top_level.txt
reading manifest file '../build/grizzly_stack/grizzly_stack.egg-info/SOURCES.txt'
writing manifest file '../build/grizzly_stack/grizzly_stack.egg-info/SOURCES.txt'
running build
running build_py
copying core/__init__.py -> /Users/danielhuinda/robotics/grizzly-25-26/build/grizzly_stack/build/lib/core
copying core/system_manager.py -> /Users/danielhuinda/robotics/grizzly-25-26/build/grizzly_stack/build/lib/core
copying launch/grizzly_minimal.launch.py -> /Users/danielhuinda/robotics/grizzly-25-26/build/grizzly_stack/build/lib/launch
copying launch/__init__.py -> /Users/danielhuinda/robotics/grizzly-25-26/build/grizzly_stack/build/lib/launch
running install
running install_lib
running install_data
copying resource/grizzly_stack -> /Users/danielhuinda/robotics/grizzly-25-26/install/grizzly_stack/share/ament_index/resource_index/packages
copying package.xml -> /Users/danielhuinda/robotics/grizzly-25-26/install/grizzly_stack/share/grizzly_stack
copying launch/grizzly_minimal.launch.py -> /Users/danielhuinda/robotics/grizzly-25-26/install/grizzly_stack/share/grizzly_stack/launch
copying config/core.yaml -> /Users/danielhuinda/robotics/grizzly-25-26/install/grizzly_stack/share/grizzly_stack/config
running install_egg_info
Copying ../build/grizzly_stack/grizzly_stack.egg-info to /Users/danielhuinda/robotics/grizzly-25-26/install/grizzly_stack/lib/python3.11/site-packages/grizzly_stack-0.1.0-py3.11.egg-info
running install_scripts
Installing arm_controller script to /Users/danielhuinda/robotics/grizzly-25-26/install/grizzly_stack/lib/grizzly_stack
Installing arm_planner script to /Users/danielhuinda/robotics/grizzly-25-26/install/grizzly_stack/lib/grizzly_stack
Installing central_perception script to /Users/danielhuinda/robotics/grizzly-25-26/install/grizzly_stack/lib/grizzly_stack
Installing drive_controller script to /Users/danielhuinda/robotics/grizzly-25-26/install/grizzly_stack/lib/grizzly_stack
Installing drive_planner script to /Users/danielhuinda/robotics/grizzly-25-26/install/grizzly_stack/lib/grizzly_stack
Installing fusion_planner script to /Users/danielhuinda/robotics/grizzly-25-26/install/grizzly_stack/lib/grizzly_stack
Installing science_controller script to /Users/danielhuinda/robotics/grizzly-25-26/install/grizzly_stack/lib/grizzly_stack
Installing science_planner script to /Users/danielhuinda/robotics/grizzly-25-26/install/grizzly_stack/lib/grizzly_stack
Installing system_manager script to /Users/danielhuinda/robotics/grizzly-25-26/install/grizzly_stack/lib/grizzly_stack
Installing telemetry_unit script to /Users/danielhuinda/robotics/grizzly-25-26/install/grizzly_stack/lib/grizzly_stack
writing list of installed files to '/Users/danielhuinda/robotics/grizzly-25-26/build/grizzly_stack/install.log'
