[0.378s] Invoking command in '/Users/danielhuinda/robotics/grizzly-25-26/grizzly_stack': AMENT_PREFIX_PATH=/Users/danielhuinda/robotics/grizzly-25-26/install/grizzly_interfaces:${AMENT_PREFIX_PATH} CMAKE_PREFIX_PATH=/Users/danielhuinda/robotics/grizzly-25-26/install/grizzly_interfaces${CMAKE_PREFIX_PATH} CONDA_PROMPT_MODIFIER=(ros_env) DYLD_LIBRARY_PATH=/Users/danielhuinda/robotics/grizzly-25-26/install/grizzly_interfaces/lib:${DYLD_LIBRARY_PATH} PYTHONPATH=/Users/danielhuinda/robotics/grizzly-25-26/build/grizzly_stack/prefix_override:/opt/anaconda3/envs/ros_env/lib/python3.11/site-packages/colcon_core/task/python/colcon_distutils_commands:/Users/danielhuinda/robotics/grizzly-25-26/install/grizzly_stack/lib/python3.11/site-packages:/Users/danielhuinda/robotics/grizzly-25-26/install/grizzly_interfaces/lib/python3.11/site-packages:${PYTHONPATH} SHLVL=3 _=/opt/anaconda3/envs/ros_env/bin/env /opt/anaconda3/envs/ros_env/bin/python3.11 -W ignore:setup.py install is deprecated -W ignore:easy_install command is deprecated setup.py egg_info --egg-base ../build/grizzly_stack build --build-base /Users/danielhuinda/robotics/grizzly-25-26/build/grizzly_stack/build install --record /Users/danielhuinda/robotics/grizzly-25-26/build/grizzly_stack/install.log --single-version-externally-managed install_data
[0.503s] running egg_info
[0.509s] writing ../build/grizzly_stack/grizzly_stack.egg-info/PKG-INFO
[0.509s] writing dependency_links to ../build/grizzly_stack/grizzly_stack.egg-info/dependency_links.txt
[0.510s] writing entry points to ../build/grizzly_stack/grizzly_stack.egg-info/entry_points.txt
[0.510s] writing requirements to ../build/grizzly_stack/grizzly_stack.egg-info/requires.txt
[0.510s] writing top-level names to ../build/grizzly_stack/grizzly_stack.egg-info/top_level.txt
[0.523s] reading manifest file '../build/grizzly_stack/grizzly_stack.egg-info/SOURCES.txt'
[0.524s] writing manifest file '../build/grizzly_stack/grizzly_stack.egg-info/SOURCES.txt'
[0.524s] running build
[0.524s] running build_py
[0.524s] copying core/__init__.py -> /Users/danielhuinda/robotics/grizzly-25-26/build/grizzly_stack/build/lib/core
[0.524s] copying core/system_manager.py -> /Users/danielhuinda/robotics/grizzly-25-26/build/grizzly_stack/build/lib/core
[0.525s] copying launch/grizzly_minimal.launch.py -> /Users/danielhuinda/robotics/grizzly-25-26/build/grizzly_stack/build/lib/launch
[0.525s] copying launch/__init__.py -> /Users/danielhuinda/robotics/grizzly-25-26/build/grizzly_stack/build/lib/launch
[0.525s] running install
[0.528s] running install_lib
[0.536s] running install_data
[0.536s] copying resource/grizzly_stack -> /Users/danielhuinda/robotics/grizzly-25-26/install/grizzly_stack/share/ament_index/resource_index/packages
[0.536s] copying package.xml -> /Users/danielhuinda/robotics/grizzly-25-26/install/grizzly_stack/share/grizzly_stack
[0.536s] copying launch/grizzly_minimal.launch.py -> /Users/danielhuinda/robotics/grizzly-25-26/install/grizzly_stack/share/grizzly_stack/launch
[0.537s] copying config/core.yaml -> /Users/danielhuinda/robotics/grizzly-25-26/install/grizzly_stack/share/grizzly_stack/config
[0.537s] running install_egg_info
[0.544s] Copying ../build/grizzly_stack/grizzly_stack.egg-info to /Users/danielhuinda/robotics/grizzly-25-26/install/grizzly_stack/lib/python3.11/site-packages/grizzly_stack-0.1.0-py3.11.egg-info
[0.545s] running install_scripts
[0.558s] Installing arm_controller script to /Users/danielhuinda/robotics/grizzly-25-26/install/grizzly_stack/lib/grizzly_stack
[0.559s] Installing arm_planner script to /Users/danielhuinda/robotics/grizzly-25-26/install/grizzly_stack/lib/grizzly_stack
[0.559s] Installing central_perception script to /Users/danielhuinda/robotics/grizzly-25-26/install/grizzly_stack/lib/grizzly_stack
[0.559s] Installing drive_controller script to /Users/danielhuinda/robotics/grizzly-25-26/install/grizzly_stack/lib/grizzly_stack
[0.559s] Installing drive_planner script to /Users/danielhuinda/robotics/grizzly-25-26/install/grizzly_stack/lib/grizzly_stack
[0.559s] Installing fusion_planner script to /Users/danielhuinda/robotics/grizzly-25-26/install/grizzly_stack/lib/grizzly_stack
[0.559s] Installing science_controller script to /Users/danielhuinda/robotics/grizzly-25-26/install/grizzly_stack/lib/grizzly_stack
[0.559s] Installing science_planner script to /Users/danielhuinda/robotics/grizzly-25-26/install/grizzly_stack/lib/grizzly_stack
[0.559s] Installing system_manager script to /Users/danielhuinda/robotics/grizzly-25-26/install/grizzly_stack/lib/grizzly_stack
[0.559s] Installing telemetry_unit script to /Users/danielhuinda/robotics/grizzly-25-26/install/grizzly_stack/lib/grizzly_stack
[0.560s] writing list of installed files to '/Users/danielhuinda/robotics/grizzly-25-26/build/grizzly_stack/install.log'
[0.571s] Invoked command in '/Users/danielhuinda/robotics/grizzly-25-26/grizzly_stack' returned '0': AMENT_PREFIX_PATH=/Users/danielhuinda/robotics/grizzly-25-26/install/grizzly_interfaces:${AMENT_PREFIX_PATH} CMAKE_PREFIX_PATH=/Users/danielhuinda/robotics/grizzly-25-26/install/grizzly_interfaces${CMAKE_PREFIX_PATH} CONDA_PROMPT_MODIFIER=(ros_env) DYLD_LIBRARY_PATH=/Users/danielhuinda/robotics/grizzly-25-26/install/grizzly_interfaces/lib:${DYLD_LIBRARY_PATH} PYTHONPATH=/Users/danielhuinda/robotics/grizzly-25-26/build/grizzly_stack/prefix_override:/opt/anaconda3/envs/ros_env/lib/python3.11/site-packages/colcon_core/task/python/colcon_distutils_commands:/Users/danielhuinda/robotics/grizzly-25-26/install/grizzly_stack/lib/python3.11/site-packages:/Users/danielhuinda/robotics/grizzly-25-26/install/grizzly_interfaces/lib/python3.11/site-packages:${PYTHONPATH} SHLVL=3 _=/opt/anaconda3/envs/ros_env/bin/env /opt/anaconda3/envs/ros_env/bin/python3.11 -W ignore:setup.py install is deprecated -W ignore:easy_install command is deprecated setup.py egg_info --egg-base ../build/grizzly_stack build --build-base /Users/danielhuinda/robotics/grizzly-25-26/build/grizzly_stack/build install --record /Users/danielhuinda/robotics/grizzly-25-26/build/grizzly_stack/install.log --single-version-externally-managed install_data
