[0.022s] Invoking command in '/Users/danielhuinda/robotics/grizzly-25-26/build/grizzly_interfaces': CONDA_PROMPT_MODIFIER=(ros_env) SHLVL=2 _=/opt/anaconda3/envs/ros_env/bin/env /opt/anaconda3/envs/ros_env/bin/cmake /Users/danielhuinda/robotics/grizzly-25-26/grizzly_interfaces -DCMAKE_INSTALL_PREFIX=/Users/danielhuinda/robotics/grizzly-25-26/install/grizzly_interfaces
[0.090s] CMake Deprecation Warning at CMakeLists.txt:1 (cmake_minimum_required):
[0.090s]   Compatibility with CMake < 3.10 will be removed from a future version of
[0.090s]   CMake.
[0.090s] 
[0.090s]   Update the VERSION argument <min> value.  Or, use the <min>...<max> syntax
[0.090s]   to tell CMake that the project requires at least <min> but has been updated
[0.090s]   to work with policies introduced by <max> or earlier.
[0.090s] 
[0.091s] 
[0.151s] -- Found ament_cmake: 1.3.12 (/opt/anaconda3/envs/ros_env/share/ament_cmake/cmake)
[0.304s] -- Found rosidl_default_generators: 1.2.0 (/opt/anaconda3/envs/ros_env/share/rosidl_default_generators/cmake)
[0.307s] -- Using all available rosidl_typesupport_c: rosidl_typesupport_fastrtps_c;rosidl_typesupport_introspection_c
[0.310s] -- Found rosidl_adapter: 3.1.6 (/opt/anaconda3/envs/ros_env/share/rosidl_adapter/cmake)
[0.349s] -- Using all available rosidl_typesupport_cpp: rosidl_typesupport_fastrtps_cpp;rosidl_typesupport_introspection_cpp
[0.384s] -- Found std_msgs: 4.9.0 (/opt/anaconda3/envs/ros_env/share/std_msgs/cmake)
[0.423s] -- Found geometry_msgs: 4.9.0 (/opt/anaconda3/envs/ros_env/share/geometry_msgs/cmake)
[0.440s] -- Found nav_msgs: 4.9.0 (/opt/anaconda3/envs/ros_env/share/nav_msgs/cmake)
[0.775s] -- Found ament_cmake_ros: 0.10.0 (/opt/anaconda3/envs/ros_env/share/ament_cmake_ros/cmake)
[1.126s] -- Using all available rosidl_typesupport_c: rosidl_typesupport_fastrtps_c;rosidl_typesupport_introspection_c
[1.584s] -- Using all available rosidl_typesupport_cpp: rosidl_typesupport_fastrtps_cpp;rosidl_typesupport_introspection_cpp
[1.586s] -- Found python_cmake_module: 0.10.0 (/opt/anaconda3/envs/ros_env/share/python_cmake_module/cmake)
[1.587s] CMake Warning (dev) at /opt/anaconda3/envs/ros_env/share/python_cmake_module/cmake/Modules/FindPythonExtra.cmake:52 (find_package):
[1.587s]   Policy CMP0148 is not set: The FindPythonInterp and FindPythonLibs modules
[1.587s]   are removed.  Run "cmake --help-policy CMP0148" for policy details.  Use
[1.587s]   the cmake_policy command to set the policy and suppress this warning.
[1.587s] 
[1.587s] Call Stack (most recent call first):
[1.587s]   /opt/anaconda3/envs/ros_env/share/rosidl_generator_py/cmake/rosidl_generator_py_generate_interfaces.cmake:33 (find_package)
[1.587s]   /opt/anaconda3/envs/ros_env/share/ament_cmake_core/cmake/core/ament_execute_extensions.cmake:48 (include)
[1.587s]   /opt/anaconda3/envs/ros_env/share/rosidl_cmake/cmake/rosidl_generate_interfaces.cmake:286 (ament_execute_extensions)
[1.587s]   CMakeLists.txt:11 (rosidl_generate_interfaces)
[1.587s] This warning is for project developers.  Use -Wno-dev to suppress it.
[1.587s] 
[1.598s] -- Using PythonExtra_INCLUDE_DIRS: /opt/anaconda3/envs/ros_env/include/python3.11;/opt/anaconda3/envs/ros_env/include/python3.11
[1.598s] -- Using PythonExtra_LIBRARIES: /opt/anaconda3/envs/ros_env/lib/libpython3.11.dylib
[1.863s] -- Configuring done (1.8s)
[1.929s] -- Generating done (0.1s)
[1.939s] -- Build files have been written to: /Users/danielhuinda/robotics/grizzly-25-26/build/grizzly_interfaces
[1.944s] Invoked command in '/Users/danielhuinda/robotics/grizzly-25-26/build/grizzly_interfaces' returned '0': CONDA_PROMPT_MODIFIER=(ros_env) SHLVL=2 _=/opt/anaconda3/envs/ros_env/bin/env /opt/anaconda3/envs/ros_env/bin/cmake /Users/danielhuinda/robotics/grizzly-25-26/grizzly_interfaces -DCMAKE_INSTALL_PREFIX=/Users/danielhuinda/robotics/grizzly-25-26/install/grizzly_interfaces
[1.946s] Invoking command in '/Users/danielhuinda/robotics/grizzly-25-26/build/grizzly_interfaces': CONDA_PROMPT_MODIFIER=(ros_env) SHLVL=2 _=/opt/anaconda3/envs/ros_env/bin/env /opt/anaconda3/envs/ros_env/bin/cmake --build /Users/danielhuinda/robotics/grizzly-25-26/build/grizzly_interfaces -- -j12 -l12
[2.041s] [  3%] Built target grizzly_interfaces__cpp
[2.043s] [ 12%] Built target grizzly_interfaces__rosidl_generator_c
[2.058s] [ 12%] Built target ament_cmake_python_copy_grizzly_interfaces
[2.119s] [ 29%] Built target grizzly_interfaces__rosidl_typesupport_c
[2.119s] [ 32%] Built target grizzly_interfaces__rosidl_typesupport_introspection_c
[2.132s] [ 41%] Built target grizzly_interfaces__rosidl_typesupport_cpp
[2.136s] [ 51%] Built target grizzly_interfaces__rosidl_typesupport_fastrtps_cpp
[2.137s] [ 64%] Built target grizzly_interfaces__rosidl_typesupport_introspection_cpp
[2.138s] [ 70%] Built target grizzly_interfaces__rosidl_typesupport_fastrtps_c
[2.182s] [ 70%] Built target grizzly_interfaces
[2.228s] [ 74%] Built target grizzly_interfaces__py
[2.230s] running egg_info
[2.237s] writing grizzly_interfaces.egg-info/PKG-INFO
[2.237s] writing dependency_links to grizzly_interfaces.egg-info/dependency_links.txt
[2.237s] writing top-level names to grizzly_interfaces.egg-info/top_level.txt
[2.258s] reading manifest file 'grizzly_interfaces.egg-info/SOURCES.txt'
[2.258s] writing manifest file 'grizzly_interfaces.egg-info/SOURCES.txt'
[2.279s] [ 80%] Built target grizzly_interfaces__rosidl_generator_py
[2.288s] [ 80%] Built target ament_cmake_python_build_grizzly_interfaces_egg
[2.339s] [ 90%] Built target grizzly_interfaces__rosidl_typesupport_c__pyext
[2.339s] [ 96%] Built target grizzly_interfaces__rosidl_typesupport_introspection_c__pyext
[2.339s] [100%] Built target grizzly_interfaces__rosidl_typesupport_fastrtps_c__pyext
[2.354s] Invoked command in '/Users/danielhuinda/robotics/grizzly-25-26/build/grizzly_interfaces' returned '0': CONDA_PROMPT_MODIFIER=(ros_env) SHLVL=2 _=/opt/anaconda3/envs/ros_env/bin/env /opt/anaconda3/envs/ros_env/bin/cmake --build /Users/danielhuinda/robotics/grizzly-25-26/build/grizzly_interfaces -- -j12 -l12
[2.371s] Invoking command in '/Users/danielhuinda/robotics/grizzly-25-26/build/grizzly_interfaces': CONDA_PROMPT_MODIFIER=(ros_env) SHLVL=2 _=/opt/anaconda3/envs/ros_env/bin/env /opt/anaconda3/envs/ros_env/bin/cmake --install /Users/danielhuinda/robotics/grizzly-25-26/build/grizzly_interfaces
[2.383s] -- Install configuration: ""
[2.384s] -- Up-to-date: /Users/danielhuinda/robotics/grizzly-25-26/install/grizzly_interfaces/share/ament_index/resource_index/rosidl_interfaces/grizzly_interfaces
[2.384s] -- Up-to-date: /Users/danielhuinda/robotics/grizzly-25-26/install/grizzly_interfaces/include/grizzly_interfaces/grizzly_interfaces
[2.384s] -- Up-to-date: /Users/danielhuinda/robotics/grizzly-25-26/install/grizzly_interfaces/include/grizzly_interfaces/grizzly_interfaces/msg
[2.384s] -- Up-to-date: /Users/danielhuinda/robotics/grizzly-25-26/install/grizzly_interfaces/include/grizzly_interfaces/grizzly_interfaces/msg/rosidl_generator_c__visibility_control.h
[2.384s] -- Up-to-date: /Users/danielhuinda/robotics/grizzly-25-26/install/grizzly_interfaces/include/grizzly_interfaces/grizzly_interfaces/msg/perception_state.h
[2.384s] -- Up-to-date: /Users/danielhuinda/robotics/grizzly-25-26/install/grizzly_interfaces/include/grizzly_interfaces/grizzly_interfaces/msg/detail
[2.384s] -- Up-to-date: /Users/danielhuinda/robotics/grizzly-25-26/install/grizzly_interfaces/include/grizzly_interfaces/grizzly_interfaces/msg/detail/perception_state__functions.c
[2.384s] -- Up-to-date: /Users/danielhuinda/robotics/grizzly-25-26/install/grizzly_interfaces/include/grizzly_interfaces/grizzly_interfaces/msg/detail/perception_state__type_support.h
[2.384s] -- Up-to-date: /Users/danielhuinda/robotics/grizzly-25-26/install/grizzly_interfaces/include/grizzly_interfaces/grizzly_interfaces/msg/detail/perception_state__struct.h
[2.384s] -- Up-to-date: /Users/danielhuinda/robotics/grizzly-25-26/install/grizzly_interfaces/include/grizzly_interfaces/grizzly_interfaces/msg/detail/perception_state__functions.h
[2.384s] -- Installing: /Users/danielhuinda/robotics/grizzly-25-26/install/grizzly_interfaces/lib/libgrizzly_interfaces__rosidl_generator_c.dylib
[2.388s] /opt/anaconda3/envs/ros_env/bin/install_name_tool: warning: changes being made to the file will invalidate the code signature in: /Users/danielhuinda/robotics/grizzly-25-26/install/grizzly_interfaces/lib/libgrizzly_interfaces__rosidl_generator_c.dylib
[2.389s] [cctools-port]: generating fake signature for '/Users/danielhuinda/robotics/grizzly-25-26/install/grizzly_interfaces/lib/libgrizzly_interfaces__rosidl_generator_c.dylib'
[2.406s] -- Up-to-date: /Users/danielhuinda/robotics/grizzly-25-26/install/grizzly_interfaces/include/grizzly_interfaces/grizzly_interfaces
[2.407s] -- Up-to-date: /Users/danielhuinda/robotics/grizzly-25-26/install/grizzly_interfaces/include/grizzly_interfaces/grizzly_interfaces/msg
[2.407s] -- Up-to-date: /Users/danielhuinda/robotics/grizzly-25-26/install/grizzly_interfaces/include/grizzly_interfaces/grizzly_interfaces/msg/detail
[2.407s] -- Up-to-date: /Users/danielhuinda/robotics/grizzly-25-26/install/grizzly_interfaces/include/grizzly_interfaces/grizzly_interfaces/msg/detail/perception_state__rosidl_typesupport_fastrtps_c.h
[2.407s] -- Up-to-date: /Users/danielhuinda/robotics/grizzly-25-26/install/grizzly_interfaces/include/grizzly_interfaces/grizzly_interfaces/msg/rosidl_typesupport_fastrtps_c__visibility_control.h
[2.407s] -- Up-to-date: /Users/danielhuinda/robotics/grizzly-25-26/install/grizzly_interfaces/lib/libgrizzly_interfaces__rosidl_typesupport_fastrtps_c.dylib
[2.410s] error: /opt/anaconda3/envs/ros_env/bin/install_name_tool: no LC_RPATH load command with path: /Users/danielhuinda/robotics/grizzly-25-26/build/grizzly_interfaces found in: /Users/danielhuinda/robotics/grizzly-25-26/install/grizzly_interfaces/lib/libgrizzly_interfaces__rosidl_typesupport_fastrtps_c.dylib (for architecture arm64), required for specified option "-delete_rpath /Users/danielhuinda/robotics/grizzly-25-26/build/grizzly_interfaces"
[2.410s] error: /opt/anaconda3/envs/ros_env/bin/install_name_tool: no LC_RPATH load command with path: /opt/anaconda3/envs/ros_env/lib found in: /Users/danielhuinda/robotics/grizzly-25-26/install/grizzly_interfaces/lib/libgrizzly_interfaces__rosidl_typesupport_fastrtps_c.dylib (for architecture arm64), required for specified option "-delete_rpath /opt/anaconda3/envs/ros_env/lib"
[2.410s] -- Up-to-date: /Users/danielhuinda/robotics/grizzly-25-26/install/grizzly_interfaces/include/grizzly_interfaces/grizzly_interfaces
[2.410s] -- Up-to-date: /Users/danielhuinda/robotics/grizzly-25-26/install/grizzly_interfaces/include/grizzly_interfaces/grizzly_interfaces/msg
[2.410s] -- Up-to-date: /Users/danielhuinda/robotics/grizzly-25-26/install/grizzly_interfaces/include/grizzly_interfaces/grizzly_interfaces/msg/detail
[2.410s] -- Up-to-date: /Users/danielhuinda/robotics/grizzly-25-26/install/grizzly_interfaces/include/grizzly_interfaces/grizzly_interfaces/msg/detail/perception_state__rosidl_typesupport_introspection_c.h
[2.410s] -- Up-to-date: /Users/danielhuinda/robotics/grizzly-25-26/install/grizzly_interfaces/include/grizzly_interfaces/grizzly_interfaces/msg/detail/perception_state__type_support.c
[2.410s] -- Up-to-date: /Users/danielhuinda/robotics/grizzly-25-26/install/grizzly_interfaces/include/grizzly_interfaces/grizzly_interfaces/msg/rosidl_typesupport_introspection_c__visibility_control.h
[2.410s] -- Installing: /Users/danielhuinda/robotics/grizzly-25-26/install/grizzly_interfaces/lib/libgrizzly_interfaces__rosidl_typesupport_introspection_c.dylib
[2.413s] /opt/anaconda3/envs/ros_env/bin/install_name_tool: warning: changes being made to the file will invalidate the code signature in: /Users/danielhuinda/robotics/grizzly-25-26/install/grizzly_interfaces/lib/libgrizzly_interfaces__rosidl_typesupport_introspection_c.dylib
[2.414s] [cctools-port]: generating fake signature for '/Users/danielhuinda/robotics/grizzly-25-26/install/grizzly_interfaces/lib/libgrizzly_interfaces__rosidl_typesupport_introspection_c.dylib'
[2.429s] -- Installing: /Users/danielhuinda/robotics/grizzly-25-26/install/grizzly_interfaces/lib/libgrizzly_interfaces__rosidl_typesupport_c.dylib
[2.432s] /opt/anaconda3/envs/ros_env/bin/install_name_tool: warning: changes being made to the file will invalidate the code signature in: /Users/danielhuinda/robotics/grizzly-25-26/install/grizzly_interfaces/lib/libgrizzly_interfaces__rosidl_typesupport_c.dylib
[2.433s] [cctools-port]: generating fake signature for '/Users/danielhuinda/robotics/grizzly-25-26/install/grizzly_interfaces/lib/libgrizzly_interfaces__rosidl_typesupport_c.dylib'
[2.447s] -- Up-to-date: /Users/danielhuinda/robotics/grizzly-25-26/install/grizzly_interfaces/include/grizzly_interfaces/grizzly_interfaces
[2.447s] -- Up-to-date: /Users/danielhuinda/robotics/grizzly-25-26/install/grizzly_interfaces/include/grizzly_interfaces/grizzly_interfaces/msg
[2.448s] -- Up-to-date: /Users/danielhuinda/robotics/grizzly-25-26/install/grizzly_interfaces/include/grizzly_interfaces/grizzly_interfaces/msg/detail
[2.448s] -- Up-to-date: /Users/danielhuinda/robotics/grizzly-25-26/install/grizzly_interfaces/include/grizzly_interfaces/grizzly_interfaces/msg/detail/perception_state__builder.hpp
[2.448s] -- Up-to-date: /Users/danielhuinda/robotics/grizzly-25-26/install/grizzly_interfaces/include/grizzly_interfaces/grizzly_interfaces/msg/detail/perception_state__struct.hpp
[2.448s] -- Up-to-date: /Users/danielhuinda/robotics/grizzly-25-26/install/grizzly_interfaces/include/grizzly_interfaces/grizzly_interfaces/msg/detail/perception_state__type_support.hpp
[2.448s] -- Up-to-date: /Users/danielhuinda/robotics/grizzly-25-26/install/grizzly_interfaces/include/grizzly_interfaces/grizzly_interfaces/msg/detail/perception_state__traits.hpp
[2.448s] -- Up-to-date: /Users/danielhuinda/robotics/grizzly-25-26/install/grizzly_interfaces/include/grizzly_interfaces/grizzly_interfaces/msg/rosidl_generator_cpp__visibility_control.hpp
[2.448s] -- Up-to-date: /Users/danielhuinda/robotics/grizzly-25-26/install/grizzly_interfaces/include/grizzly_interfaces/grizzly_interfaces/msg/perception_state.hpp
[2.448s] -- Up-to-date: /Users/danielhuinda/robotics/grizzly-25-26/install/grizzly_interfaces/include/grizzly_interfaces/grizzly_interfaces
[2.448s] -- Up-to-date: /Users/danielhuinda/robotics/grizzly-25-26/install/grizzly_interfaces/include/grizzly_interfaces/grizzly_interfaces/msg
[2.448s] -- Up-to-date: /Users/danielhuinda/robotics/grizzly-25-26/install/grizzly_interfaces/include/grizzly_interfaces/grizzly_interfaces/msg/rosidl_typesupport_fastrtps_cpp__visibility_control.h
[2.448s] -- Up-to-date: /Users/danielhuinda/robotics/grizzly-25-26/install/grizzly_interfaces/include/grizzly_interfaces/grizzly_interfaces/msg/detail
[2.448s] -- Up-to-date: /Users/danielhuinda/robotics/grizzly-25-26/install/grizzly_interfaces/include/grizzly_interfaces/grizzly_interfaces/msg/detail/perception_state__rosidl_typesupport_fastrtps_cpp.hpp
[2.448s] -- Up-to-date: /Users/danielhuinda/robotics/grizzly-25-26/install/grizzly_interfaces/include/grizzly_interfaces/grizzly_interfaces/msg/detail/dds_fastrtps
[2.448s] -- Installing: /Users/danielhuinda/robotics/grizzly-25-26/install/grizzly_interfaces/lib/libgrizzly_interfaces__rosidl_typesupport_fastrtps_cpp.dylib
[2.451s] /opt/anaconda3/envs/ros_env/bin/install_name_tool: warning: changes being made to the file will invalidate the code signature in: /Users/danielhuinda/robotics/grizzly-25-26/install/grizzly_interfaces/lib/libgrizzly_interfaces__rosidl_typesupport_fastrtps_cpp.dylib
[2.452s] [cctools-port]: generating fake signature for '/Users/danielhuinda/robotics/grizzly-25-26/install/grizzly_interfaces/lib/libgrizzly_interfaces__rosidl_typesupport_fastrtps_cpp.dylib'
[2.467s] -- Up-to-date: /Users/danielhuinda/robotics/grizzly-25-26/install/grizzly_interfaces/include/grizzly_interfaces/grizzly_interfaces
[2.467s] -- Up-to-date: /Users/danielhuinda/robotics/grizzly-25-26/install/grizzly_interfaces/include/grizzly_interfaces/grizzly_interfaces/msg
[2.467s] -- Up-to-date: /Users/danielhuinda/robotics/grizzly-25-26/install/grizzly_interfaces/include/grizzly_interfaces/grizzly_interfaces/msg/detail
[2.467s] -- Up-to-date: /Users/danielhuinda/robotics/grizzly-25-26/install/grizzly_interfaces/include/grizzly_interfaces/grizzly_interfaces/msg/detail/perception_state__rosidl_typesupport_introspection_cpp.hpp
[2.467s] -- Up-to-date: /Users/danielhuinda/robotics/grizzly-25-26/install/grizzly_interfaces/include/grizzly_interfaces/grizzly_interfaces/msg/detail/perception_state__type_support.cpp
[2.467s] -- Installing: /Users/danielhuinda/robotics/grizzly-25-26/install/grizzly_interfaces/lib/libgrizzly_interfaces__rosidl_typesupport_introspection_cpp.dylib
[2.470s] /opt/anaconda3/envs/ros_env/bin/install_name_tool: warning: changes being made to the file will invalidate the code signature in: /Users/danielhuinda/robotics/grizzly-25-26/install/grizzly_interfaces/lib/libgrizzly_interfaces__rosidl_typesupport_introspection_cpp.dylib
[2.470s] [cctools-port]: generating fake signature for '/Users/danielhuinda/robotics/grizzly-25-26/install/grizzly_interfaces/lib/libgrizzly_interfaces__rosidl_typesupport_introspection_cpp.dylib'
[2.485s] -- Installing: /Users/danielhuinda/robotics/grizzly-25-26/install/grizzly_interfaces/lib/libgrizzly_interfaces__rosidl_typesupport_cpp.dylib
[2.488s] /opt/anaconda3/envs/ros_env/bin/install_name_tool: warning: changes being made to the file will invalidate the code signature in: /Users/danielhuinda/robotics/grizzly-25-26/install/grizzly_interfaces/lib/libgrizzly_interfaces__rosidl_typesupport_cpp.dylib
[2.488s] [cctools-port]: generating fake signature for '/Users/danielhuinda/robotics/grizzly-25-26/install/grizzly_interfaces/lib/libgrizzly_interfaces__rosidl_typesupport_cpp.dylib'
[2.503s] -- Up-to-date: /Users/danielhuinda/robotics/grizzly-25-26/install/grizzly_interfaces/share/grizzly_interfaces/environment/pythonpath.sh
[2.503s] -- Installing: /Users/danielhuinda/robotics/grizzly-25-26/install/grizzly_interfaces/share/grizzly_interfaces/environment/pythonpath.dsv
[2.503s] -- Up-to-date: /Users/danielhuinda/robotics/grizzly-25-26/install/grizzly_interfaces/lib/python3.11/site-packages/grizzly_interfaces-0.1.0-py3.11.egg-info
[2.503s] -- Installing: /Users/danielhuinda/robotics/grizzly-25-26/install/grizzly_interfaces/lib/python3.11/site-packages/grizzly_interfaces-0.1.0-py3.11.egg-info/PKG-INFO
[2.503s] -- Installing: /Users/danielhuinda/robotics/grizzly-25-26/install/grizzly_interfaces/lib/python3.11/site-packages/grizzly_interfaces-0.1.0-py3.11.egg-info/SOURCES.txt
[2.504s] -- Installing: /Users/danielhuinda/robotics/grizzly-25-26/install/grizzly_interfaces/lib/python3.11/site-packages/grizzly_interfaces-0.1.0-py3.11.egg-info/top_level.txt
[2.504s] -- Installing: /Users/danielhuinda/robotics/grizzly-25-26/install/grizzly_interfaces/lib/python3.11/site-packages/grizzly_interfaces-0.1.0-py3.11.egg-info/dependency_links.txt
[2.504s] -- Up-to-date: /Users/danielhuinda/robotics/grizzly-25-26/install/grizzly_interfaces/lib/python3.11/site-packages/grizzly_interfaces
[2.504s] -- Up-to-date: /Users/danielhuinda/robotics/grizzly-25-26/install/grizzly_interfaces/lib/python3.11/site-packages/grizzly_interfaces/msg
[2.504s] -- Up-to-date: /Users/danielhuinda/robotics/grizzly-25-26/install/grizzly_interfaces/lib/python3.11/site-packages/grizzly_interfaces/msg/_perception_state.py
[2.504s] -- Up-to-date: /Users/danielhuinda/robotics/grizzly-25-26/install/grizzly_interfaces/lib/python3.11/site-packages/grizzly_interfaces/msg/__init__.py
[2.504s] -- Up-to-date: /Users/danielhuinda/robotics/grizzly-25-26/install/grizzly_interfaces/lib/python3.11/site-packages/grizzly_interfaces/msg/_perception_state_s.c
[2.504s] -- Up-to-date: /Users/danielhuinda/robotics/grizzly-25-26/install/grizzly_interfaces/lib/python3.11/site-packages/grizzly_interfaces/_grizzly_interfaces_s.ep.rosidl_typesupport_fastrtps_c.c
[2.504s] -- Up-to-date: /Users/danielhuinda/robotics/grizzly-25-26/install/grizzly_interfaces/lib/python3.11/site-packages/grizzly_interfaces/libgrizzly_interfaces__rosidl_generator_py.dylib
[2.504s] -- Installing: /Users/danielhuinda/robotics/grizzly-25-26/install/grizzly_interfaces/lib/python3.11/site-packages/grizzly_interfaces/__init__.py
[2.504s] -- Up-to-date: /Users/danielhuinda/robotics/grizzly-25-26/install/grizzly_interfaces/lib/python3.11/site-packages/grizzly_interfaces/grizzly_interfaces_s__rosidl_typesupport_c.cpython-311-darwin.so
[2.504s] -- Up-to-date: /Users/danielhuinda/robotics/grizzly-25-26/install/grizzly_interfaces/lib/python3.11/site-packages/grizzly_interfaces/grizzly_interfaces_s__rosidl_typesupport_fastrtps_c.cpython-311-darwin.so
[2.505s] -- Up-to-date: /Users/danielhuinda/robotics/grizzly-25-26/install/grizzly_interfaces/lib/python3.11/site-packages/grizzly_interfaces/_grizzly_interfaces_s.ep.rosidl_typesupport_introspection_c.c
[2.505s] -- Up-to-date: /Users/danielhuinda/robotics/grizzly-25-26/install/grizzly_interfaces/lib/python3.11/site-packages/grizzly_interfaces/grizzly_interfaces_s__rosidl_typesupport_introspection_c.cpython-311-darwin.so
[2.505s] -- Up-to-date: /Users/danielhuinda/robotics/grizzly-25-26/install/grizzly_interfaces/lib/python3.11/site-packages/grizzly_interfaces/_grizzly_interfaces_s.ep.rosidl_typesupport_c.c
[2.526s] Listing 'lib/python3.11/site-packages/grizzly_interfaces'...
[2.526s] Can't list 'lib/python3.11/site-packages/grizzly_interfaces'
[2.529s] -- Up-to-date: /Users/danielhuinda/robotics/grizzly-25-26/install/grizzly_interfaces/lib/python3.11/site-packages/grizzly_interfaces/grizzly_interfaces_s__rosidl_typesupport_fastrtps_c.cpython-311-darwin.so
[2.532s] error: /opt/anaconda3/envs/ros_env/bin/install_name_tool: no LC_RPATH load command with path: /Users/danielhuinda/robotics/grizzly-25-26/build/grizzly_interfaces/rosidl_generator_py/grizzly_interfaces found in: /Users/danielhuinda/robotics/grizzly-25-26/install/grizzly_interfaces/lib/python3.11/site-packages/grizzly_interfaces/grizzly_interfaces_s__rosidl_typesupport_fastrtps_c.cpython-311-darwin.so (for architecture arm64), required for specified option "-delete_rpath /Users/danielhuinda/robotics/grizzly-25-26/build/grizzly_interfaces/rosidl_generator_py/grizzly_interfaces"
[2.532s] error: /opt/anaconda3/envs/ros_env/bin/install_name_tool: no LC_RPATH load command with path: /Users/danielhuinda/robotics/grizzly-25-26/build/grizzly_interfaces found in: /Users/danielhuinda/robotics/grizzly-25-26/install/grizzly_interfaces/lib/python3.11/site-packages/grizzly_interfaces/grizzly_interfaces_s__rosidl_typesupport_fastrtps_c.cpython-311-darwin.so (for architecture arm64), required for specified option "-delete_rpath /Users/danielhuinda/robotics/grizzly-25-26/build/grizzly_interfaces"
[2.532s] error: /opt/anaconda3/envs/ros_env/bin/install_name_tool: no LC_RPATH load command with path: /opt/anaconda3/envs/ros_env/lib found in: /Users/danielhuinda/robotics/grizzly-25-26/install/grizzly_interfaces/lib/python3.11/site-packages/grizzly_interfaces/grizzly_interfaces_s__rosidl_typesupport_fastrtps_c.cpython-311-darwin.so (for architecture arm64), required for specified option "-delete_rpath /opt/anaconda3/envs/ros_env/lib"
[2.532s] -- Up-to-date: /Users/danielhuinda/robotics/grizzly-25-26/install/grizzly_interfaces/lib/python3.11/site-packages/grizzly_interfaces/grizzly_interfaces_s__rosidl_typesupport_introspection_c.cpython-311-darwin.so
[2.535s] error: /opt/anaconda3/envs/ros_env/bin/install_name_tool: no LC_RPATH load command with path: /Users/danielhuinda/robotics/grizzly-25-26/build/grizzly_interfaces/rosidl_generator_py/grizzly_interfaces found in: /Users/danielhuinda/robotics/grizzly-25-26/install/grizzly_interfaces/lib/python3.11/site-packages/grizzly_interfaces/grizzly_interfaces_s__rosidl_typesupport_introspection_c.cpython-311-darwin.so (for architecture arm64), required for specified option "-delete_rpath /Users/danielhuinda/robotics/grizzly-25-26/build/grizzly_interfaces/rosidl_generator_py/grizzly_interfaces"
[2.535s] error: /opt/anaconda3/envs/ros_env/bin/install_name_tool: no LC_RPATH load command with path: /Users/danielhuinda/robotics/grizzly-25-26/build/grizzly_interfaces found in: /Users/danielhuinda/robotics/grizzly-25-26/install/grizzly_interfaces/lib/python3.11/site-packages/grizzly_interfaces/grizzly_interfaces_s__rosidl_typesupport_introspection_c.cpython-311-darwin.so (for architecture arm64), required for specified option "-delete_rpath /Users/danielhuinda/robotics/grizzly-25-26/build/grizzly_interfaces"
[2.535s] error: /opt/anaconda3/envs/ros_env/bin/install_name_tool: no LC_RPATH load command with path: /opt/anaconda3/envs/ros_env/lib found in: /Users/danielhuinda/robotics/grizzly-25-26/install/grizzly_interfaces/lib/python3.11/site-packages/grizzly_interfaces/grizzly_interfaces_s__rosidl_typesupport_introspection_c.cpython-311-darwin.so (for architecture arm64), required for specified option "-delete_rpath /opt/anaconda3/envs/ros_env/lib"
[2.535s] -- Up-to-date: /Users/danielhuinda/robotics/grizzly-25-26/install/grizzly_interfaces/lib/python3.11/site-packages/grizzly_interfaces/grizzly_interfaces_s__rosidl_typesupport_c.cpython-311-darwin.so
[2.538s] error: /opt/anaconda3/envs/ros_env/bin/install_name_tool: no LC_RPATH load command with path: /Users/danielhuinda/robotics/grizzly-25-26/build/grizzly_interfaces/rosidl_generator_py/grizzly_interfaces found in: /Users/danielhuinda/robotics/grizzly-25-26/install/grizzly_interfaces/lib/python3.11/site-packages/grizzly_interfaces/grizzly_interfaces_s__rosidl_typesupport_c.cpython-311-darwin.so (for architecture arm64), required for specified option "-delete_rpath /Users/danielhuinda/robotics/grizzly-25-26/build/grizzly_interfaces/rosidl_generator_py/grizzly_interfaces"
[2.538s] error: /opt/anaconda3/envs/ros_env/bin/install_name_tool: no LC_RPATH load command with path: /Users/danielhuinda/robotics/grizzly-25-26/build/grizzly_interfaces found in: /Users/danielhuinda/robotics/grizzly-25-26/install/grizzly_interfaces/lib/python3.11/site-packages/grizzly_interfaces/grizzly_interfaces_s__rosidl_typesupport_c.cpython-311-darwin.so (for architecture arm64), required for specified option "-delete_rpath /Users/danielhuinda/robotics/grizzly-25-26/build/grizzly_interfaces"
[2.538s] error: /opt/anaconda3/envs/ros_env/bin/install_name_tool: no LC_RPATH load command with path: /opt/anaconda3/envs/ros_env/lib found in: /Users/danielhuinda/robotics/grizzly-25-26/install/grizzly_interfaces/lib/python3.11/site-packages/grizzly_interfaces/grizzly_interfaces_s__rosidl_typesupport_c.cpython-311-darwin.so (for architecture arm64), required for specified option "-delete_rpath /opt/anaconda3/envs/ros_env/lib"
[2.538s] -- Up-to-date: /Users/danielhuinda/robotics/grizzly-25-26/install/grizzly_interfaces/lib/libgrizzly_interfaces__rosidl_generator_py.dylib
[2.541s] error: /opt/anaconda3/envs/ros_env/bin/install_name_tool: no LC_RPATH load command with path: /Users/danielhuinda/robotics/grizzly-25-26/build/grizzly_interfaces found in: /Users/danielhuinda/robotics/grizzly-25-26/install/grizzly_interfaces/lib/libgrizzly_interfaces__rosidl_generator_py.dylib (for architecture arm64), required for specified option "-delete_rpath /Users/danielhuinda/robotics/grizzly-25-26/build/grizzly_interfaces"
[2.541s] error: /opt/anaconda3/envs/ros_env/bin/install_name_tool: no LC_RPATH load command with path: /opt/anaconda3/envs/ros_env/lib found in: /Users/danielhuinda/robotics/grizzly-25-26/install/grizzly_interfaces/lib/libgrizzly_interfaces__rosidl_generator_py.dylib (for architecture arm64), required for specified option "-delete_rpath /opt/anaconda3/envs/ros_env/lib"
[2.541s] -- Up-to-date: /Users/danielhuinda/robotics/grizzly-25-26/install/grizzly_interfaces/share/grizzly_interfaces/msg/PerceptionState.idl
[2.542s] -- Up-to-date: /Users/danielhuinda/robotics/grizzly-25-26/install/grizzly_interfaces/share/grizzly_interfaces/msg/PerceptionState.msg
[2.542s] -- Up-to-date: /Users/danielhuinda/robotics/grizzly-25-26/install/grizzly_interfaces/share/ament_index/resource_index/package_run_dependencies/grizzly_interfaces
[2.542s] -- Up-to-date: /Users/danielhuinda/robotics/grizzly-25-26/install/grizzly_interfaces/share/ament_index/resource_index/parent_prefix_path/grizzly_interfaces
[2.542s] -- Up-to-date: /Users/danielhuinda/robotics/grizzly-25-26/install/grizzly_interfaces/share/grizzly_interfaces/environment/ament_prefix_path.sh
[2.542s] -- Installing: /Users/danielhuinda/robotics/grizzly-25-26/install/grizzly_interfaces/share/grizzly_interfaces/environment/ament_prefix_path.dsv
[2.542s] -- Up-to-date: /Users/danielhuinda/robotics/grizzly-25-26/install/grizzly_interfaces/share/grizzly_interfaces/environment/path.sh
[2.542s] -- Installing: /Users/danielhuinda/robotics/grizzly-25-26/install/grizzly_interfaces/share/grizzly_interfaces/environment/path.dsv
[2.543s] -- Up-to-date: /Users/danielhuinda/robotics/grizzly-25-26/install/grizzly_interfaces/share/grizzly_interfaces/local_setup.bash
[2.543s] -- Up-to-date: /Users/danielhuinda/robotics/grizzly-25-26/install/grizzly_interfaces/share/grizzly_interfaces/local_setup.sh
[2.543s] -- Up-to-date: /Users/danielhuinda/robotics/grizzly-25-26/install/grizzly_interfaces/share/grizzly_interfaces/local_setup.zsh
[2.543s] -- Installing: /Users/danielhuinda/robotics/grizzly-25-26/install/grizzly_interfaces/share/grizzly_interfaces/local_setup.dsv
[2.543s] -- Installing: /Users/danielhuinda/robotics/grizzly-25-26/install/grizzly_interfaces/share/grizzly_interfaces/package.dsv
[2.543s] -- Up-to-date: /Users/danielhuinda/robotics/grizzly-25-26/install/grizzly_interfaces/share/ament_index/resource_index/packages/grizzly_interfaces
[2.543s] -- Up-to-date: /Users/danielhuinda/robotics/grizzly-25-26/install/grizzly_interfaces/share/grizzly_interfaces/cmake/export_grizzly_interfaces__rosidl_generator_cExport.cmake
[2.543s] -- Up-to-date: /Users/danielhuinda/robotics/grizzly-25-26/install/grizzly_interfaces/share/grizzly_interfaces/cmake/export_grizzly_interfaces__rosidl_generator_cExport-noconfig.cmake
[2.543s] -- Up-to-date: /Users/danielhuinda/robotics/grizzly-25-26/install/grizzly_interfaces/share/grizzly_interfaces/cmake/export_grizzly_interfaces__rosidl_typesupport_fastrtps_cExport.cmake
[2.543s] -- Up-to-date: /Users/danielhuinda/robotics/grizzly-25-26/install/grizzly_interfaces/share/grizzly_interfaces/cmake/export_grizzly_interfaces__rosidl_typesupport_fastrtps_cExport-noconfig.cmake
[2.544s] -- Up-to-date: /Users/danielhuinda/robotics/grizzly-25-26/install/grizzly_interfaces/share/grizzly_interfaces/cmake/grizzly_interfaces__rosidl_typesupport_introspection_cExport.cmake
[2.544s] -- Up-to-date: /Users/danielhuinda/robotics/grizzly-25-26/install/grizzly_interfaces/share/grizzly_interfaces/cmake/grizzly_interfaces__rosidl_typesupport_introspection_cExport-noconfig.cmake
[2.544s] -- Up-to-date: /Users/danielhuinda/robotics/grizzly-25-26/install/grizzly_interfaces/share/grizzly_interfaces/cmake/grizzly_interfaces__rosidl_typesupport_cExport.cmake
[2.544s] -- Up-to-date: /Users/danielhuinda/robotics/grizzly-25-26/install/grizzly_interfaces/share/grizzly_interfaces/cmake/grizzly_interfaces__rosidl_typesupport_cExport-noconfig.cmake
[2.544s] -- Up-to-date: /Users/danielhuinda/robotics/grizzly-25-26/install/grizzly_interfaces/share/grizzly_interfaces/cmake/export_grizzly_interfaces__rosidl_generator_cppExport.cmake
[2.544s] -- Up-to-date: /Users/danielhuinda/robotics/grizzly-25-26/install/grizzly_interfaces/share/grizzly_interfaces/cmake/export_grizzly_interfaces__rosidl_typesupport_fastrtps_cppExport.cmake
[2.544s] -- Up-to-date: /Users/danielhuinda/robotics/grizzly-25-26/install/grizzly_interfaces/share/grizzly_interfaces/cmake/export_grizzly_interfaces__rosidl_typesupport_fastrtps_cppExport-noconfig.cmake
[2.544s] -- Up-to-date: /Users/danielhuinda/robotics/grizzly-25-26/install/grizzly_interfaces/share/grizzly_interfaces/cmake/grizzly_interfaces__rosidl_typesupport_introspection_cppExport.cmake
[2.544s] -- Up-to-date: /Users/danielhuinda/robotics/grizzly-25-26/install/grizzly_interfaces/share/grizzly_interfaces/cmake/grizzly_interfaces__rosidl_typesupport_introspection_cppExport-noconfig.cmake
[2.544s] -- Up-to-date: /Users/danielhuinda/robotics/grizzly-25-26/install/grizzly_interfaces/share/grizzly_interfaces/cmake/grizzly_interfaces__rosidl_typesupport_cppExport.cmake
[2.544s] -- Up-to-date: /Users/danielhuinda/robotics/grizzly-25-26/install/grizzly_interfaces/share/grizzly_interfaces/cmake/grizzly_interfaces__rosidl_typesupport_cppExport-noconfig.cmake
[2.545s] -- Up-to-date: /Users/danielhuinda/robotics/grizzly-25-26/install/grizzly_interfaces/share/grizzly_interfaces/cmake/export_grizzly_interfaces__rosidl_generator_pyExport.cmake
[2.545s] -- Up-to-date: /Users/danielhuinda/robotics/grizzly-25-26/install/grizzly_interfaces/share/grizzly_interfaces/cmake/export_grizzly_interfaces__rosidl_generator_pyExport-noconfig.cmake
[2.545s] -- Up-to-date: /Users/danielhuinda/robotics/grizzly-25-26/install/grizzly_interfaces/share/grizzly_interfaces/cmake/rosidl_cmake-extras.cmake
[2.545s] -- Up-to-date: /Users/danielhuinda/robotics/grizzly-25-26/install/grizzly_interfaces/share/grizzly_interfaces/cmake/ament_cmake_export_dependencies-extras.cmake
[2.545s] -- Up-to-date: /Users/danielhuinda/robotics/grizzly-25-26/install/grizzly_interfaces/share/grizzly_interfaces/cmake/ament_cmake_export_include_directories-extras.cmake
[2.545s] -- Up-to-date: /Users/danielhuinda/robotics/grizzly-25-26/install/grizzly_interfaces/share/grizzly_interfaces/cmake/ament_cmake_export_libraries-extras.cmake
[2.545s] -- Up-to-date: /Users/danielhuinda/robotics/grizzly-25-26/install/grizzly_interfaces/share/grizzly_interfaces/cmake/ament_cmake_export_targets-extras.cmake
[2.545s] -- Up-to-date: /Users/danielhuinda/robotics/grizzly-25-26/install/grizzly_interfaces/share/grizzly_interfaces/cmake/rosidl_cmake_export_typesupport_targets-extras.cmake
[2.545s] -- Up-to-date: /Users/danielhuinda/robotics/grizzly-25-26/install/grizzly_interfaces/share/grizzly_interfaces/cmake/rosidl_cmake_export_typesupport_libraries-extras.cmake
[2.545s] -- Up-to-date: /Users/danielhuinda/robotics/grizzly-25-26/install/grizzly_interfaces/share/grizzly_interfaces/cmake/grizzly_interfacesConfig.cmake
[2.545s] -- Up-to-date: /Users/danielhuinda/robotics/grizzly-25-26/install/grizzly_interfaces/share/grizzly_interfaces/cmake/grizzly_interfacesConfig-version.cmake
[2.545s] -- Up-to-date: /Users/danielhuinda/robotics/grizzly-25-26/install/grizzly_interfaces/share/grizzly_interfaces/package.xml
[2.547s] Invoked command in '/Users/danielhuinda/robotics/grizzly-25-26/build/grizzly_interfaces' returned '0': CONDA_PROMPT_MODIFIER=(ros_env) SHLVL=2 _=/opt/anaconda3/envs/ros_env/bin/env /opt/anaconda3/envs/ros_env/bin/cmake --install /Users/danielhuinda/robotics/grizzly-25-26/build/grizzly_interfaces
