/Users/danielhuinda/robotics/grizzly-25-26/install/grizzly_stack/lib/python3.11/site-packages/core/__init__.py
/Users/danielhuinda/robotics/grizzly-25-26/install/grizzly_stack/lib/python3.11/site-packages/core/system_manager.py
/Users/danielhuinda/robotics/grizzly-25-26/install/grizzly_stack/lib/python3.11/site-packages/launch/grizzly_minimal.launch.py
/Users/danielhuinda/robotics/grizzly-25-26/install/grizzly_stack/lib/python3.11/site-packages/launch/__init__.py
/Users/danielhuinda/robotics/grizzly-25-26/install/grizzly_stack/lib/python3.11/site-packages/core/__pycache__/__init__.cpython-311.pyc
/Users/danielhuinda/robotics/grizzly-25-26/install/grizzly_stack/lib/python3.11/site-packages/core/__pycache__/system_manager.cpython-311.pyc
/Users/danielhuinda/robotics/grizzly-25-26/install/grizzly_stack/lib/python3.11/site-packages/launch/__pycache__/grizzly_minimal.launch.cpython-311.pyc
/Users/danielhuinda/robotics/grizzly-25-26/install/grizzly_stack/lib/python3.11/site-packages/launch/__pycache__/__init__.cpython-311.pyc
/Users/danielhuinda/robotics/grizzly-25-26/install/grizzly_stack/share/ament_index/resource_index/packages/grizzly_stack
/Users/danielhuinda/robotics/grizzly-25-26/install/grizzly_stack/share/grizzly_stack/package.xml
/Users/danielhuinda/robotics/grizzly-25-26/install/grizzly_stack/share/grizzly_stack/launch/grizzly_minimal.launch.py
/Users/danielhuinda/robotics/grizzly-25-26/install/grizzly_stack/share/grizzly_stack/config/core.yaml
/Users/danielhuinda/robotics/grizzly-25-26/install/grizzly_stack/lib/python3.11/site-packages/grizzly_stack-0.1.0-py3.11.egg-info/PKG-INFO
/Users/danielhuinda/robotics/grizzly-25-26/install/grizzly_stack/lib/python3.11/site-packages/grizzly_stack-0.1.0-py3.11.egg-info/zip-safe
/Users/danielhuinda/robotics/grizzly-25-26/install/grizzly_stack/lib/python3.11/site-packages/grizzly_stack-0.1.0-py3.11.egg-info/SOURCES.txt
/Users/danielhuinda/robotics/grizzly-25-26/install/grizzly_stack/lib/python3.11/site-packages/grizzly_stack-0.1.0-py3.11.egg-info/entry_points.txt
/Users/danielhuinda/robotics/grizzly-25-26/install/grizzly_stack/lib/python3.11/site-packages/grizzly_stack-0.1.0-py3.11.egg-info/requires.txt
/Users/danielhuinda/robotics/grizzly-25-26/install/grizzly_stack/lib/python3.11/site-packages/grizzly_stack-0.1.0-py3.11.egg-info/top_level.txt
/Users/danielhuinda/robotics/grizzly-25-26/install/grizzly_stack/lib/python3.11/site-packages/grizzly_stack-0.1.0-py3.11.egg-info/dependency_links.txt
/Users/danielhuinda/robotics/grizzly-25-26/install/grizzly_stack/lib/grizzly_stack/arm_controller
/Users/danielhuinda/robotics/grizzly-25-26/install/grizzly_stack/lib/grizzly_stack/arm_planner
/Users/danielhuinda/robotics/grizzly-25-26/install/grizzly_stack/lib/grizzly_stack/central_perception
/Users/danielhuinda/robotics/grizzly-25-26/install/grizzly_stack/lib/grizzly_stack/drive_controller
/Users/danielhuinda/robotics/grizzly-25-26/install/grizzly_stack/lib/grizzly_stack/drive_planner
/Users/danielhuinda/robotics/grizzly-25-26/install/grizzly_stack/lib/grizzly_stack/fusion_planner
/Users/danielhuinda/robotics/grizzly-25-26/install/grizzly_stack/lib/grizzly_stack/science_controller
/Users/danielhuinda/robotics/grizzly-25-26/install/grizzly_stack/lib/grizzly_stack/science_planner
/Users/danielhuinda/robotics/grizzly-25-26/install/grizzly_stack/lib/grizzly_stack/system_manager
/Users/danielhuinda/robotics/grizzly-25-26/install/grizzly_stack/lib/grizzly_stack/telemetry_unit
