[0.022s] Invoking command in '/Users/danielhuinda/robotics/grizzly-25-26/build/grizzly_interfaces': CMAKE_PREFIX_PATH=/opt/anaconda3/envs/ros_env CONDA_PROMPT_MODIFIER=(base) SHLVL=2 _=/opt/anaconda3/envs/ros_env/bin/env /opt/anaconda3/envs/ros_env/bin/cmake /Users/danielhuinda/robotics/grizzly-25-26/grizzly_interfaces -DCMAKE_INSTALL_PREFIX=/Users/danielhuinda/robotics/grizzly-25-26/install/grizzly_interfaces
[0.079s] CMake Deprecation Warning at CMakeLists.txt:1 (cmake_minimum_required):
[0.079s]   Compatibility with CMake < 3.10 will be removed from a future version of
[0.079s]   CMake.
[0.079s] 
[0.079s]   Update the VERSION argument <min> value.  Or, use the <min>...<max> syntax
[0.079s]   to tell CMake that the project requires at least <min> but has been updated
[0.080s]   to work with policies introduced by <max> or earlier.
[0.080s] 
[0.080s] 
[0.202s] -- The C compiler identification is AppleClang 17.0.0.17000319
[0.292s] -- The CXX compiler identification is AppleClang 17.0.0.17000319
[0.303s] -- Detecting C compiler ABI info
[0.470s] -- Detecting C compiler ABI info - done
[0.485s] -- Check for working C compiler: /usr/bin/cc - skipped
[0.485s] -- Detecting C compile features
[0.485s] -- Detecting C compile features - done
[0.492s] -- Detecting CXX compiler ABI info
[0.650s] -- Detecting CXX compiler ABI info - done
[0.665s] -- Check for working CXX compiler: /usr/bin/c++ - skipped
[0.665s] -- Detecting CXX compile features
[0.665s] -- Detecting CXX compile features - done
[0.677s] -- Found ament_cmake: 1.3.12 (/opt/anaconda3/envs/ros_env/share/ament_cmake/cmake)
[0.784s] -- Found Python3: /opt/anaconda3/envs/ros_env/bin/python3 (found version "3.11.14") found components: Interpreter
[0.980s] -- Found rosidl_default_generators: 1.2.0 (/opt/anaconda3/envs/ros_env/share/rosidl_default_generators/cmake)
[0.994s] -- Using all available rosidl_typesupport_c: rosidl_typesupport_fastrtps_c;rosidl_typesupport_introspection_c
[1.022s] -- Found rosidl_adapter: 3.1.6 (/opt/anaconda3/envs/ros_env/share/rosidl_adapter/cmake)
[1.135s] -- Using all available rosidl_typesupport_cpp: rosidl_typesupport_fastrtps_cpp;rosidl_typesupport_introspection_cpp
[1.231s] -- Found std_msgs: 4.9.0 (/opt/anaconda3/envs/ros_env/share/std_msgs/cmake)
[1.295s] -- Found geometry_msgs: 4.9.0 (/opt/anaconda3/envs/ros_env/share/geometry_msgs/cmake)
[1.322s] -- Found nav_msgs: 4.9.0 (/opt/anaconda3/envs/ros_env/share/nav_msgs/cmake)
[1.682s] -- Found ament_cmake_ros: 0.10.0 (/opt/anaconda3/envs/ros_env/share/ament_cmake_ros/cmake)
[2.067s] -- Using all available rosidl_typesupport_c: rosidl_typesupport_fastrtps_c;rosidl_typesupport_introspection_c
[2.555s] -- Using all available rosidl_typesupport_cpp: rosidl_typesupport_fastrtps_cpp;rosidl_typesupport_introspection_cpp
[2.565s] -- Found python_cmake_module: 0.10.0 (/opt/anaconda3/envs/ros_env/share/python_cmake_module/cmake)
[2.566s] CMake Warning (dev) at /opt/anaconda3/envs/ros_env/share/python_cmake_module/cmake/Modules/FindPythonExtra.cmake:52 (find_package):
[2.566s]   Policy CMP0148 is not set: The FindPythonInterp and FindPythonLibs modules
[2.566s]   are removed.  Run "cmake --help-policy CMP0148" for policy details.  Use
[2.566s]   the cmake_policy command to set the policy and suppress this warning.
[2.567s] 
[2.567s] Call Stack (most recent call first):
[2.567s]   /opt/anaconda3/envs/ros_env/share/rosidl_generator_py/cmake/rosidl_generator_py_generate_interfaces.cmake:33 (find_package)
[2.567s]   /opt/anaconda3/envs/ros_env/share/ament_cmake_core/cmake/core/ament_execute_extensions.cmake:48 (include)
[2.567s]   /opt/anaconda3/envs/ros_env/share/rosidl_cmake/cmake/rosidl_generate_interfaces.cmake:286 (ament_execute_extensions)
[2.567s]   CMakeLists.txt:11 (rosidl_generate_interfaces)
[2.567s] This warning is for project developers.  Use -Wno-dev to suppress it.
[2.567s] 
[2.580s] -- Found PythonInterp: /opt/anaconda3/envs/ros_env/bin/python3 (found suitable version "3.11.14", minimum required is "3.6")
[2.597s] -- Using PythonExtra_INCLUDE_DIRS: /opt/anaconda3/envs/ros_env/include/python3.11;/opt/anaconda3/envs/ros_env/include/python3.11
[2.622s] -- Using PythonExtra_LIBRARIES: /opt/anaconda3/envs/ros_env/lib/libpython3.11.dylib
[2.638s] -- Found PythonExtra: .so
[4.008s] CMake Error at /opt/anaconda3/envs/ros_env/share/cmake-4.1/Modules/FindPackageHandleStandardArgs.cmake:227 (message):
[4.008s]   Could NOT find Python (missing: Python_EXECUTABLE Python_INCLUDE_DIRS
[4.008s]   Python_LIBRARIES Python_NumPy_INCLUDE_DIRS Interpreter Development NumPy
[4.008s]   Development.Module Development.Embed)
[4.008s] Call Stack (most recent call first):
[4.008s]   /opt/anaconda3/envs/ros_env/share/cmake-4.1/Modules/FindPackageHandleStandardArgs.cmake:591 (_FPHSA_FAILURE_MESSAGE)
[4.008s]   /opt/anaconda3/envs/ros_env/share/cmake-4.1/Modules/FindPython.cmake:727 (find_package_handle_standard_args)
[4.008s]   /opt/anaconda3/envs/ros_env/share/rosidl_generator_py/cmake/rosidl_generator_py_generate_interfaces.cmake:34 (find_package)
[4.008s]   /opt/anaconda3/envs/ros_env/share/ament_cmake_core/cmake/core/ament_execute_extensions.cmake:48 (include)
[4.008s]   /opt/anaconda3/envs/ros_env/share/rosidl_cmake/cmake/rosidl_generate_interfaces.cmake:286 (ament_execute_extensions)
[4.008s]   CMakeLists.txt:11 (rosidl_generate_interfaces)
[4.008s] 
[4.008s] 
[4.008s] -- Configuring incomplete, errors occurred!
[4.014s] Invoked command in '/Users/danielhuinda/robotics/grizzly-25-26/build/grizzly_interfaces' returned '1': CMAKE_PREFIX_PATH=/opt/anaconda3/envs/ros_env CONDA_PROMPT_MODIFIER=(base) SHLVL=2 _=/opt/anaconda3/envs/ros_env/bin/env /opt/anaconda3/envs/ros_env/bin/cmake /Users/danielhuinda/robotics/grizzly-25-26/grizzly_interfaces -DCMAKE_INSTALL_PREFIX=/Users/danielhuinda/robotics/grizzly-25-26/install/grizzly_interfaces
