[0.021s] Invoking command in '/Users/danielhuinda/robotics/grizzly-25-26/build/grizzly_interfaces': CMAKE_PREFIX_PATH=/opt/anaconda3/envs/ros_env CONDA_PROMPT_MODIFIER=(base) SHLVL=2 _=/opt/anaconda3/envs/ros_env/bin/env /opt/anaconda3/envs/ros_env/bin/cmake /Users/danielhuinda/robotics/grizzly-25-26/grizzly_interfaces -DPython_EXECUTABLE=/opt/anaconda3/envs/ros_env/bin/python -DPython_INCLUDE_DIR=/opt/anaconda3/envs/ros_env/include/python3.11 -DPython_LIBRARY=/opt/anaconda3/envs/ros_env/lib/libpython3.11.dylib -DCMAKE_INSTALL_PREFIX=/Users/danielhuinda/robotics/grizzly-25-26/install/grizzly_interfaces
[0.044s] CMake Deprecation Warning at CMakeLists.txt:1 (cmake_minimum_required):
[0.044s]   Compatibility with CMake < 3.10 will be removed from a future version of
[0.044s]   CMake.
[0.044s] 
[0.044s]   Update the VERSION argument <min> value.  Or, use the <min>...<max> syntax
[0.044s]   to tell CMake that the project requires at least <min> but has been updated
[0.044s]   to work with policies introduced by <max> or earlier.
[0.044s] 
[0.044s] 
[0.080s] -- Found ament_cmake: 1.3.12 (/opt/anaconda3/envs/ros_env/share/ament_cmake/cmake)
[0.234s] -- Found rosidl_default_generators: 1.2.0 (/opt/anaconda3/envs/ros_env/share/rosidl_default_generators/cmake)
[0.236s] -- Using all available rosidl_typesupport_c: rosidl_typesupport_fastrtps_c;rosidl_typesupport_introspection_c
[0.240s] -- Found rosidl_adapter: 3.1.6 (/opt/anaconda3/envs/ros_env/share/rosidl_adapter/cmake)
[0.278s] -- Using all available rosidl_typesupport_cpp: rosidl_typesupport_fastrtps_cpp;rosidl_typesupport_introspection_cpp
[0.315s] -- Found std_msgs: 4.9.0 (/opt/anaconda3/envs/ros_env/share/std_msgs/cmake)
[0.354s] -- Found geometry_msgs: 4.9.0 (/opt/anaconda3/envs/ros_env/share/geometry_msgs/cmake)
[0.372s] -- Found nav_msgs: 4.9.0 (/opt/anaconda3/envs/ros_env/share/nav_msgs/cmake)
[0.721s] -- Found ament_cmake_ros: 0.10.0 (/opt/anaconda3/envs/ros_env/share/ament_cmake_ros/cmake)
[1.084s] -- Using all available rosidl_typesupport_c: rosidl_typesupport_fastrtps_c;rosidl_typesupport_introspection_c
[1.558s] -- Using all available rosidl_typesupport_cpp: rosidl_typesupport_fastrtps_cpp;rosidl_typesupport_introspection_cpp
[1.561s] -- Found python_cmake_module: 0.10.0 (/opt/anaconda3/envs/ros_env/share/python_cmake_module/cmake)
[1.562s] CMake Warning (dev) at /opt/anaconda3/envs/ros_env/share/python_cmake_module/cmake/Modules/FindPythonExtra.cmake:52 (find_package):
[1.562s]   Policy CMP0148 is not set: The FindPythonInterp and FindPythonLibs modules
[1.562s]   are removed.  Run "cmake --help-policy CMP0148" for policy details.  Use
[1.562s]   the cmake_policy command to set the policy and suppress this warning.
[1.562s] 
[1.562s] Call Stack (most recent call first):
[1.562s]   /opt/anaconda3/envs/ros_env/share/rosidl_generator_py/cmake/rosidl_generator_py_generate_interfaces.cmake:33 (find_package)
[1.562s]   /opt/anaconda3/envs/ros_env/share/ament_cmake_core/cmake/core/ament_execute_extensions.cmake:48 (include)
[1.562s]   /opt/anaconda3/envs/ros_env/share/rosidl_cmake/cmake/rosidl_generate_interfaces.cmake:286 (ament_execute_extensions)
[1.562s]   CMakeLists.txt:11 (rosidl_generate_interfaces)
[1.562s] This warning is for project developers.  Use -Wno-dev to suppress it.
[1.562s] 
[1.573s] -- Using PythonExtra_INCLUDE_DIRS: /opt/anaconda3/envs/ros_env/include/python3.11;/opt/anaconda3/envs/ros_env/include/python3.11
[1.573s] -- Using PythonExtra_LIBRARIES: /opt/anaconda3/envs/ros_env/lib/libpython3.11.dylib
[1.873s] -- Found Python: /opt/anaconda3/envs/ros_env/bin/python (found version "3.11.14") found components: Interpreter Development NumPy Development.Module Development.Embed
[1.941s] -- Configuring done (1.9s)
[2.000s] -- Generating done (0.1s)
[2.011s] -- Build files have been written to: /Users/danielhuinda/robotics/grizzly-25-26/build/grizzly_interfaces
[2.015s] Invoked command in '/Users/danielhuinda/robotics/grizzly-25-26/build/grizzly_interfaces' returned '0': CMAKE_PREFIX_PATH=/opt/anaconda3/envs/ros_env CONDA_PROMPT_MODIFIER=(base) SHLVL=2 _=/opt/anaconda3/envs/ros_env/bin/env /opt/anaconda3/envs/ros_env/bin/cmake /Users/danielhuinda/robotics/grizzly-25-26/grizzly_interfaces -DPython_EXECUTABLE=/opt/anaconda3/envs/ros_env/bin/python -DPython_INCLUDE_DIR=/opt/anaconda3/envs/ros_env/include/python3.11 -DPython_LIBRARY=/opt/anaconda3/envs/ros_env/lib/libpython3.11.dylib -DCMAKE_INSTALL_PREFIX=/Users/danielhuinda/robotics/grizzly-25-26/install/grizzly_interfaces
[2.016s] Invoking command in '/Users/danielhuinda/robotics/grizzly-25-26/build/grizzly_interfaces': CMAKE_PREFIX_PATH=/opt/anaconda3/envs/ros_env CONDA_PROMPT_MODIFIER=(base) SHLVL=2 _=/opt/anaconda3/envs/ros_env/bin/env /opt/anaconda3/envs/ros_env/bin/cmake --build /Users/danielhuinda/robotics/grizzly-25-26/build/grizzly_interfaces -- -j12 -l12
[2.091s] [  3%] Generating C code for ROS interfaces
[2.114s] [  6%] Generating C++ code for ROS interfaces
[2.126s] [  6%] Built target ament_cmake_python_copy_grizzly_interfaces
[2.271s] [  6%] Built target grizzly_interfaces__cpp
[2.286s] [  9%] Building C object CMakeFiles/grizzly_interfaces__rosidl_generator_c.dir/rosidl_generator_c/grizzly_interfaces/msg/detail/perception_state__functions.c.o
[2.290s] running egg_info
[2.297s] creating grizzly_interfaces.egg-info
[2.297s] writing grizzly_interfaces.egg-info/PKG-INFO
[2.298s] writing dependency_links to grizzly_interfaces.egg-info/dependency_links.txt
[2.298s] writing top-level names to grizzly_interfaces.egg-info/top_level.txt
[2.298s] writing manifest file 'grizzly_interfaces.egg-info/SOURCES.txt'
[2.299s] [ 16%] Generating C++ introspection for ROS interfaces
[2.299s] [ 16%] Generating C++ type support for eProsima Fast-RTPS
[2.300s] [ 19%] Generating C++ type support dispatch for ROS interfaces
[2.321s] reading manifest file 'grizzly_interfaces.egg-info/SOURCES.txt'
[2.322s] writing manifest file 'grizzly_interfaces.egg-info/SOURCES.txt'
[2.356s] [ 19%] Built target ament_cmake_python_build_grizzly_interfaces_egg
[2.391s] [ 22%] Linking C shared library libgrizzly_interfaces__rosidl_generator_c.dylib
[2.459s] [ 25%] Building CXX object CMakeFiles/grizzly_interfaces__rosidl_typesupport_cpp.dir/rosidl_typesupport_cpp/grizzly_interfaces/msg/perception_state__type_support.cpp.o
[2.463s] [ 25%] Built target grizzly_interfaces__rosidl_generator_c
[2.477s] [ 29%] Building CXX object CMakeFiles/grizzly_interfaces__rosidl_typesupport_introspection_cpp.dir/rosidl_typesupport_introspection_cpp/grizzly_interfaces/msg/detail/perception_state__type_support.cpp.o
[2.485s] [ 32%] Building CXX object CMakeFiles/grizzly_interfaces__rosidl_typesupport_fastrtps_cpp.dir/rosidl_typesupport_fastrtps_cpp/grizzly_interfaces/msg/detail/dds_fastrtps/perception_state__type_support.cpp.o
[2.493s] [ 35%] Generating C type support for eProsima Fast-RTPS
[2.496s] [ 38%] Generating C type support dispatch for ROS interfaces
[2.496s] [ 41%] Generating C introspection for ROS interfaces
[2.679s] [ 45%] Building CXX object CMakeFiles/grizzly_interfaces__rosidl_typesupport_c.dir/rosidl_typesupport_c/grizzly_interfaces/msg/perception_state__type_support.cpp.o
[2.698s] [ 48%] Building CXX object CMakeFiles/grizzly_interfaces__rosidl_typesupport_fastrtps_c.dir/rosidl_typesupport_fastrtps_c/grizzly_interfaces/msg/detail/perception_state__type_support_c.cpp.o
[2.705s] [ 51%] Building C object CMakeFiles/grizzly_interfaces__rosidl_typesupport_introspection_c.dir/rosidl_typesupport_introspection_c/grizzly_interfaces/msg/detail/perception_state__type_support.c.o
[2.745s] [ 54%] Linking CXX shared library libgrizzly_interfaces__rosidl_typesupport_c.dylib
[2.771s] [ 58%] Linking C shared library libgrizzly_interfaces__rosidl_typesupport_introspection_c.dylib
[2.832s] [ 58%] Built target grizzly_interfaces__rosidl_typesupport_c
[2.849s] [ 61%] Linking CXX shared library libgrizzly_interfaces__rosidl_typesupport_cpp.dylib
[2.855s] [ 64%] Linking CXX shared library libgrizzly_interfaces__rosidl_typesupport_introspection_cpp.dylib
[2.858s] [ 64%] Built target grizzly_interfaces__rosidl_typesupport_introspection_c
[2.912s] [ 67%] Linking CXX shared library libgrizzly_interfaces__rosidl_typesupport_fastrtps_cpp.dylib
[2.922s] [ 67%] Built target grizzly_interfaces__rosidl_typesupport_cpp
[2.930s] [ 67%] Built target grizzly_interfaces__rosidl_typesupport_introspection_cpp
[2.999s] [ 67%] Built target grizzly_interfaces__rosidl_typesupport_fastrtps_cpp
[3.029s] [ 70%] Linking CXX shared library libgrizzly_interfaces__rosidl_typesupport_fastrtps_c.dylib
[3.102s] [ 70%] Built target grizzly_interfaces__rosidl_typesupport_fastrtps_c
[3.147s] [ 70%] Built target grizzly_interfaces
[3.193s] [ 74%] Generating Python code for ROS interfaces
[3.378s] [ 74%] Built target grizzly_interfaces__py
[3.420s] [ 77%] Building C object CMakeFiles/grizzly_interfaces__rosidl_generator_py.dir/rosidl_generator_py/grizzly_interfaces/msg/_perception_state_s.c.o
[3.512s] [ 80%] Linking C shared library rosidl_generator_py/grizzly_interfaces/libgrizzly_interfaces__rosidl_generator_py.dylib
[3.579s] [ 80%] Built target grizzly_interfaces__rosidl_generator_py
[3.635s] [ 87%] Building C object CMakeFiles/grizzly_interfaces__rosidl_typesupport_fastrtps_c__pyext.dir/rosidl_generator_py/grizzly_interfaces/_grizzly_interfaces_s.ep.rosidl_typesupport_fastrtps_c.c.o
[3.635s] [ 87%] Building C object CMakeFiles/grizzly_interfaces__rosidl_typesupport_introspection_c__pyext.dir/rosidl_generator_py/grizzly_interfaces/_grizzly_interfaces_s.ep.rosidl_typesupport_introspection_c.c.o
[3.635s] [ 90%] Building C object CMakeFiles/grizzly_interfaces__rosidl_typesupport_c__pyext.dir/rosidl_generator_py/grizzly_interfaces/_grizzly_interfaces_s.ep.rosidl_typesupport_c.c.o
[3.722s] [100%] Linking C shared library rosidl_generator_py/grizzly_interfaces/grizzly_interfaces_s__rosidl_typesupport_fastrtps_c.cpython-311-darwin.so
[3.722s] [100%] Linking C shared library rosidl_generator_py/grizzly_interfaces/grizzly_interfaces_s__rosidl_typesupport_introspection_c.cpython-311-darwin.so
[3.722s] [100%] Linking C shared library rosidl_generator_py/grizzly_interfaces/grizzly_interfaces_s__rosidl_typesupport_c.cpython-311-darwin.so
[3.802s] [100%] Built target grizzly_interfaces__rosidl_typesupport_c__pyext
[3.804s] [100%] Built target grizzly_interfaces__rosidl_typesupport_fastrtps_c__pyext
[3.805s] [100%] Built target grizzly_interfaces__rosidl_typesupport_introspection_c__pyext
[3.820s] Invoked command in '/Users/danielhuinda/robotics/grizzly-25-26/build/grizzly_interfaces' returned '0': CMAKE_PREFIX_PATH=/opt/anaconda3/envs/ros_env CONDA_PROMPT_MODIFIER=(base) SHLVL=2 _=/opt/anaconda3/envs/ros_env/bin/env /opt/anaconda3/envs/ros_env/bin/cmake --build /Users/danielhuinda/robotics/grizzly-25-26/build/grizzly_interfaces -- -j12 -l12
[3.836s] Invoking command in '/Users/danielhuinda/robotics/grizzly-25-26/build/grizzly_interfaces': CMAKE_PREFIX_PATH=/opt/anaconda3/envs/ros_env CONDA_PROMPT_MODIFIER=(base) SHLVL=2 _=/opt/anaconda3/envs/ros_env/bin/env /opt/anaconda3/envs/ros_env/bin/cmake --install /Users/danielhuinda/robotics/grizzly-25-26/build/grizzly_interfaces
[3.849s] -- Install configuration: ""
[3.849s] -- Installing: /Users/danielhuinda/robotics/grizzly-25-26/install/grizzly_interfaces/share/ament_index/resource_index/rosidl_interfaces/grizzly_interfaces
[3.849s] -- Installing: /Users/danielhuinda/robotics/grizzly-25-26/install/grizzly_interfaces/include/grizzly_interfaces/grizzly_interfaces
[3.849s] -- Installing: /Users/danielhuinda/robotics/grizzly-25-26/install/grizzly_interfaces/include/grizzly_interfaces/grizzly_interfaces/msg
[3.850s] -- Installing: /Users/danielhuinda/robotics/grizzly-25-26/install/grizzly_interfaces/include/grizzly_interfaces/grizzly_interfaces/msg/rosidl_generator_c__visibility_control.h
[3.850s] -- Installing: /Users/danielhuinda/robotics/grizzly-25-26/install/grizzly_interfaces/include/grizzly_interfaces/grizzly_interfaces/msg/perception_state.h
[3.850s] -- Installing: /Users/danielhuinda/robotics/grizzly-25-26/install/grizzly_interfaces/include/grizzly_interfaces/grizzly_interfaces/msg/detail
[3.850s] -- Installing: /Users/danielhuinda/robotics/grizzly-25-26/install/grizzly_interfaces/include/grizzly_interfaces/grizzly_interfaces/msg/detail/perception_state__functions.c
[3.850s] -- Installing: /Users/danielhuinda/robotics/grizzly-25-26/install/grizzly_interfaces/include/grizzly_interfaces/grizzly_interfaces/msg/detail/perception_state__type_support.h
[3.850s] -- Installing: /Users/danielhuinda/robotics/grizzly-25-26/install/grizzly_interfaces/include/grizzly_interfaces/grizzly_interfaces/msg/detail/perception_state__struct.h
[3.850s] -- Installing: /Users/danielhuinda/robotics/grizzly-25-26/install/grizzly_interfaces/include/grizzly_interfaces/grizzly_interfaces/msg/detail/perception_state__functions.h
[3.851s] -- Installing: /Users/danielhuinda/robotics/grizzly-25-26/install/grizzly_interfaces/lib/libgrizzly_interfaces__rosidl_generator_c.dylib
[3.855s] /opt/anaconda3/envs/ros_env/bin/install_name_tool: warning: changes being made to the file will invalidate the code signature in: /Users/danielhuinda/robotics/grizzly-25-26/install/grizzly_interfaces/lib/libgrizzly_interfaces__rosidl_generator_c.dylib
[3.856s] [cctools-port]: generating fake signature for '/Users/danielhuinda/robotics/grizzly-25-26/install/grizzly_interfaces/lib/libgrizzly_interfaces__rosidl_generator_c.dylib'
[3.876s] -- Up-to-date: /Users/danielhuinda/robotics/grizzly-25-26/install/grizzly_interfaces/include/grizzly_interfaces/grizzly_interfaces
[3.876s] -- Up-to-date: /Users/danielhuinda/robotics/grizzly-25-26/install/grizzly_interfaces/include/grizzly_interfaces/grizzly_interfaces/msg
[3.876s] -- Up-to-date: /Users/danielhuinda/robotics/grizzly-25-26/install/grizzly_interfaces/include/grizzly_interfaces/grizzly_interfaces/msg/detail
[3.876s] -- Installing: /Users/danielhuinda/robotics/grizzly-25-26/install/grizzly_interfaces/include/grizzly_interfaces/grizzly_interfaces/msg/detail/perception_state__rosidl_typesupport_fastrtps_c.h
[3.876s] -- Installing: /Users/danielhuinda/robotics/grizzly-25-26/install/grizzly_interfaces/include/grizzly_interfaces/grizzly_interfaces/msg/rosidl_typesupport_fastrtps_c__visibility_control.h
[3.876s] -- Installing: /Users/danielhuinda/robotics/grizzly-25-26/install/grizzly_interfaces/lib/libgrizzly_interfaces__rosidl_typesupport_fastrtps_c.dylib
[3.880s] /opt/anaconda3/envs/ros_env/bin/install_name_tool: warning: changes being made to the file will invalidate the code signature in: /Users/danielhuinda/robotics/grizzly-25-26/install/grizzly_interfaces/lib/libgrizzly_interfaces__rosidl_typesupport_fastrtps_c.dylib
[3.880s] [cctools-port]: generating fake signature for '/Users/danielhuinda/robotics/grizzly-25-26/install/grizzly_interfaces/lib/libgrizzly_interfaces__rosidl_typesupport_fastrtps_c.dylib'
[3.896s] -- Up-to-date: /Users/danielhuinda/robotics/grizzly-25-26/install/grizzly_interfaces/include/grizzly_interfaces/grizzly_interfaces
[3.896s] -- Up-to-date: /Users/danielhuinda/robotics/grizzly-25-26/install/grizzly_interfaces/include/grizzly_interfaces/grizzly_interfaces/msg
[3.896s] -- Up-to-date: /Users/danielhuinda/robotics/grizzly-25-26/install/grizzly_interfaces/include/grizzly_interfaces/grizzly_interfaces/msg/detail
[3.896s] -- Installing: /Users/danielhuinda/robotics/grizzly-25-26/install/grizzly_interfaces/include/grizzly_interfaces/grizzly_interfaces/msg/detail/perception_state__rosidl_typesupport_introspection_c.h
[3.896s] -- Installing: /Users/danielhuinda/robotics/grizzly-25-26/install/grizzly_interfaces/include/grizzly_interfaces/grizzly_interfaces/msg/detail/perception_state__type_support.c
[3.896s] -- Installing: /Users/danielhuinda/robotics/grizzly-25-26/install/grizzly_interfaces/include/grizzly_interfaces/grizzly_interfaces/msg/rosidl_typesupport_introspection_c__visibility_control.h
[3.896s] -- Installing: /Users/danielhuinda/robotics/grizzly-25-26/install/grizzly_interfaces/lib/libgrizzly_interfaces__rosidl_typesupport_introspection_c.dylib
[3.900s] /opt/anaconda3/envs/ros_env/bin/install_name_tool: warning: changes being made to the file will invalidate the code signature in: /Users/danielhuinda/robotics/grizzly-25-26/install/grizzly_interfaces/lib/libgrizzly_interfaces__rosidl_typesupport_introspection_c.dylib
[3.900s] [cctools-port]: generating fake signature for '/Users/danielhuinda/robotics/grizzly-25-26/install/grizzly_interfaces/lib/libgrizzly_interfaces__rosidl_typesupport_introspection_c.dylib'
[3.915s] -- Installing: /Users/danielhuinda/robotics/grizzly-25-26/install/grizzly_interfaces/lib/libgrizzly_interfaces__rosidl_typesupport_c.dylib
[3.919s] /opt/anaconda3/envs/ros_env/bin/install_name_tool: warning: changes being made to the file will invalidate the code signature in: /Users/danielhuinda/robotics/grizzly-25-26/install/grizzly_interfaces/lib/libgrizzly_interfaces__rosidl_typesupport_c.dylib
[3.919s] [cctools-port]: generating fake signature for '/Users/danielhuinda/robotics/grizzly-25-26/install/grizzly_interfaces/lib/libgrizzly_interfaces__rosidl_typesupport_c.dylib'
[3.936s] -- Up-to-date: /Users/danielhuinda/robotics/grizzly-25-26/install/grizzly_interfaces/include/grizzly_interfaces/grizzly_interfaces
[3.936s] -- Up-to-date: /Users/danielhuinda/robotics/grizzly-25-26/install/grizzly_interfaces/include/grizzly_interfaces/grizzly_interfaces/msg
[3.936s] -- Up-to-date: /Users/danielhuinda/robotics/grizzly-25-26/install/grizzly_interfaces/include/grizzly_interfaces/grizzly_interfaces/msg/detail
[3.936s] -- Installing: /Users/danielhuinda/robotics/grizzly-25-26/install/grizzly_interfaces/include/grizzly_interfaces/grizzly_interfaces/msg/detail/perception_state__builder.hpp
[3.937s] -- Installing: /Users/danielhuinda/robotics/grizzly-25-26/install/grizzly_interfaces/include/grizzly_interfaces/grizzly_interfaces/msg/detail/perception_state__struct.hpp
[3.937s] -- Installing: /Users/danielhuinda/robotics/grizzly-25-26/install/grizzly_interfaces/include/grizzly_interfaces/grizzly_interfaces/msg/detail/perception_state__type_support.hpp
[3.937s] -- Installing: /Users/danielhuinda/robotics/grizzly-25-26/install/grizzly_interfaces/include/grizzly_interfaces/grizzly_interfaces/msg/detail/perception_state__traits.hpp
[3.937s] -- Installing: /Users/danielhuinda/robotics/grizzly-25-26/install/grizzly_interfaces/include/grizzly_interfaces/grizzly_interfaces/msg/rosidl_generator_cpp__visibility_control.hpp
[3.937s] -- Installing: /Users/danielhuinda/robotics/grizzly-25-26/install/grizzly_interfaces/include/grizzly_interfaces/grizzly_interfaces/msg/perception_state.hpp
[3.937s] -- Up-to-date: /Users/danielhuinda/robotics/grizzly-25-26/install/grizzly_interfaces/include/grizzly_interfaces/grizzly_interfaces
[3.937s] -- Up-to-date: /Users/danielhuinda/robotics/grizzly-25-26/install/grizzly_interfaces/include/grizzly_interfaces/grizzly_interfaces/msg
[3.937s] -- Installing: /Users/danielhuinda/robotics/grizzly-25-26/install/grizzly_interfaces/include/grizzly_interfaces/grizzly_interfaces/msg/rosidl_typesupport_fastrtps_cpp__visibility_control.h
[3.938s] -- Up-to-date: /Users/danielhuinda/robotics/grizzly-25-26/install/grizzly_interfaces/include/grizzly_interfaces/grizzly_interfaces/msg/detail
[3.938s] -- Installing: /Users/danielhuinda/robotics/grizzly-25-26/install/grizzly_interfaces/include/grizzly_interfaces/grizzly_interfaces/msg/detail/perception_state__rosidl_typesupport_fastrtps_cpp.hpp
[3.938s] -- Installing: /Users/danielhuinda/robotics/grizzly-25-26/install/grizzly_interfaces/include/grizzly_interfaces/grizzly_interfaces/msg/detail/dds_fastrtps
[3.938s] -- Installing: /Users/danielhuinda/robotics/grizzly-25-26/install/grizzly_interfaces/lib/libgrizzly_interfaces__rosidl_typesupport_fastrtps_cpp.dylib
[3.942s] /opt/anaconda3/envs/ros_env/bin/install_name_tool: warning: changes being made to the file will invalidate the code signature in: /Users/danielhuinda/robotics/grizzly-25-26/install/grizzly_interfaces/lib/libgrizzly_interfaces__rosidl_typesupport_fastrtps_cpp.dylib
[3.942s] [cctools-port]: generating fake signature for '/Users/danielhuinda/robotics/grizzly-25-26/install/grizzly_interfaces/lib/libgrizzly_interfaces__rosidl_typesupport_fastrtps_cpp.dylib'
[3.960s] -- Up-to-date: /Users/danielhuinda/robotics/grizzly-25-26/install/grizzly_interfaces/include/grizzly_interfaces/grizzly_interfaces
[3.960s] -- Up-to-date: /Users/danielhuinda/robotics/grizzly-25-26/install/grizzly_interfaces/include/grizzly_interfaces/grizzly_interfaces/msg
[3.960s] -- Up-to-date: /Users/danielhuinda/robotics/grizzly-25-26/install/grizzly_interfaces/include/grizzly_interfaces/grizzly_interfaces/msg/detail
[3.960s] -- Installing: /Users/danielhuinda/robotics/grizzly-25-26/install/grizzly_interfaces/include/grizzly_interfaces/grizzly_interfaces/msg/detail/perception_state__rosidl_typesupport_introspection_cpp.hpp
[3.960s] -- Installing: /Users/danielhuinda/robotics/grizzly-25-26/install/grizzly_interfaces/include/grizzly_interfaces/grizzly_interfaces/msg/detail/perception_state__type_support.cpp
[3.960s] -- Installing: /Users/danielhuinda/robotics/grizzly-25-26/install/grizzly_interfaces/lib/libgrizzly_interfaces__rosidl_typesupport_introspection_cpp.dylib
[3.965s] /opt/anaconda3/envs/ros_env/bin/install_name_tool: warning: changes being made to the file will invalidate the code signature in: /Users/danielhuinda/robotics/grizzly-25-26/install/grizzly_interfaces/lib/libgrizzly_interfaces__rosidl_typesupport_introspection_cpp.dylib
[3.966s] [cctools-port]: generating fake signature for '/Users/danielhuinda/robotics/grizzly-25-26/install/grizzly_interfaces/lib/libgrizzly_interfaces__rosidl_typesupport_introspection_cpp.dylib'
[3.984s] -- Installing: /Users/danielhuinda/robotics/grizzly-25-26/install/grizzly_interfaces/lib/libgrizzly_interfaces__rosidl_typesupport_cpp.dylib
[3.988s] /opt/anaconda3/envs/ros_env/bin/install_name_tool: warning: changes being made to the file will invalidate the code signature in: /Users/danielhuinda/robotics/grizzly-25-26/install/grizzly_interfaces/lib/libgrizzly_interfaces__rosidl_typesupport_cpp.dylib
[3.990s] [cctools-port]: generating fake signature for '/Users/danielhuinda/robotics/grizzly-25-26/install/grizzly_interfaces/lib/libgrizzly_interfaces__rosidl_typesupport_cpp.dylib'
[4.006s] -- Installing: /Users/danielhuinda/robotics/grizzly-25-26/install/grizzly_interfaces/share/grizzly_interfaces/environment/pythonpath.sh
[4.007s] -- Installing: /Users/danielhuinda/robotics/grizzly-25-26/install/grizzly_interfaces/share/grizzly_interfaces/environment/pythonpath.dsv
[4.007s] -- Installing: /Users/danielhuinda/robotics/grizzly-25-26/install/grizzly_interfaces/lib/python3.11/site-packages/grizzly_interfaces-0.1.0-py3.11.egg-info
[4.007s] -- Installing: /Users/danielhuinda/robotics/grizzly-25-26/install/grizzly_interfaces/lib/python3.11/site-packages/grizzly_interfaces-0.1.0-py3.11.egg-info/PKG-INFO
[4.007s] -- Installing: /Users/danielhuinda/robotics/grizzly-25-26/install/grizzly_interfaces/lib/python3.11/site-packages/grizzly_interfaces-0.1.0-py3.11.egg-info/SOURCES.txt
[4.007s] -- Installing: /Users/danielhuinda/robotics/grizzly-25-26/install/grizzly_interfaces/lib/python3.11/site-packages/grizzly_interfaces-0.1.0-py3.11.egg-info/top_level.txt
[4.007s] -- Installing: /Users/danielhuinda/robotics/grizzly-25-26/install/grizzly_interfaces/lib/python3.11/site-packages/grizzly_interfaces-0.1.0-py3.11.egg-info/dependency_links.txt
[4.007s] -- Installing: /Users/danielhuinda/robotics/grizzly-25-26/install/grizzly_interfaces/lib/python3.11/site-packages/grizzly_interfaces
[4.008s] -- Installing: /Users/danielhuinda/robotics/grizzly-25-26/install/grizzly_interfaces/lib/python3.11/site-packages/grizzly_interfaces/msg
[4.008s] -- Installing: /Users/danielhuinda/robotics/grizzly-25-26/install/grizzly_interfaces/lib/python3.11/site-packages/grizzly_interfaces/msg/_perception_state.py
[4.008s] -- Installing: /Users/danielhuinda/robotics/grizzly-25-26/install/grizzly_interfaces/lib/python3.11/site-packages/grizzly_interfaces/msg/__init__.py
[4.008s] -- Installing: /Users/danielhuinda/robotics/grizzly-25-26/install/grizzly_interfaces/lib/python3.11/site-packages/grizzly_interfaces/msg/_perception_state_s.c
[4.008s] -- Installing: /Users/danielhuinda/robotics/grizzly-25-26/install/grizzly_interfaces/lib/python3.11/site-packages/grizzly_interfaces/_grizzly_interfaces_s.ep.rosidl_typesupport_fastrtps_c.c
[4.009s] -- Installing: /Users/danielhuinda/robotics/grizzly-25-26/install/grizzly_interfaces/lib/python3.11/site-packages/grizzly_interfaces/libgrizzly_interfaces__rosidl_generator_py.dylib
[4.009s] -- Installing: /Users/danielhuinda/robotics/grizzly-25-26/install/grizzly_interfaces/lib/python3.11/site-packages/grizzly_interfaces/__init__.py
[4.009s] -- Installing: /Users/danielhuinda/robotics/grizzly-25-26/install/grizzly_interfaces/lib/python3.11/site-packages/grizzly_interfaces/grizzly_interfaces_s__rosidl_typesupport_c.cpython-311-darwin.so
[4.009s] -- Installing: /Users/danielhuinda/robotics/grizzly-25-26/install/grizzly_interfaces/lib/python3.11/site-packages/grizzly_interfaces/grizzly_interfaces_s__rosidl_typesupport_fastrtps_c.cpython-311-darwin.so
[4.009s] -- Installing: /Users/danielhuinda/robotics/grizzly-25-26/install/grizzly_interfaces/lib/python3.11/site-packages/grizzly_interfaces/_grizzly_interfaces_s.ep.rosidl_typesupport_introspection_c.c
[4.009s] -- Installing: /Users/danielhuinda/robotics/grizzly-25-26/install/grizzly_interfaces/lib/python3.11/site-packages/grizzly_interfaces/grizzly_interfaces_s__rosidl_typesupport_introspection_c.cpython-311-darwin.so
[4.010s] -- Installing: /Users/danielhuinda/robotics/grizzly-25-26/install/grizzly_interfaces/lib/python3.11/site-packages/grizzly_interfaces/_grizzly_interfaces_s.ep.rosidl_typesupport_c.c
[4.034s] Listing 'lib/python3.11/site-packages/grizzly_interfaces'...
[4.034s] Can't list 'lib/python3.11/site-packages/grizzly_interfaces'
[4.037s] -- Up-to-date: /Users/danielhuinda/robotics/grizzly-25-26/install/grizzly_interfaces/lib/python3.11/site-packages/grizzly_interfaces/grizzly_interfaces_s__rosidl_typesupport_fastrtps_c.cpython-311-darwin.so
[4.040s] /opt/anaconda3/envs/ros_env/bin/install_name_tool: warning: changes being made to the file will invalidate the code signature in: /Users/danielhuinda/robotics/grizzly-25-26/install/grizzly_interfaces/lib/python3.11/site-packages/grizzly_interfaces/grizzly_interfaces_s__rosidl_typesupport_fastrtps_c.cpython-311-darwin.so
[4.041s] [cctools-port]: generating fake signature for '/Users/danielhuinda/robotics/grizzly-25-26/install/grizzly_interfaces/lib/python3.11/site-packages/grizzly_interfaces/grizzly_interfaces_s__rosidl_typesupport_fastrtps_c.cpython-311-darwin.so'
[4.057s] -- Up-to-date: /Users/danielhuinda/robotics/grizzly-25-26/install/grizzly_interfaces/lib/python3.11/site-packages/grizzly_interfaces/grizzly_interfaces_s__rosidl_typesupport_introspection_c.cpython-311-darwin.so
[4.060s] /opt/anaconda3/envs/ros_env/bin/install_name_tool: warning: changes being made to the file will invalidate the code signature in: /Users/danielhuinda/robotics/grizzly-25-26/install/grizzly_interfaces/lib/python3.11/site-packages/grizzly_interfaces/grizzly_interfaces_s__rosidl_typesupport_introspection_c.cpython-311-darwin.so
[4.061s] [cctools-port]: generating fake signature for '/Users/danielhuinda/robotics/grizzly-25-26/install/grizzly_interfaces/lib/python3.11/site-packages/grizzly_interfaces/grizzly_interfaces_s__rosidl_typesupport_introspection_c.cpython-311-darwin.so'
[4.077s] -- Up-to-date: /Users/danielhuinda/robotics/grizzly-25-26/install/grizzly_interfaces/lib/python3.11/site-packages/grizzly_interfaces/grizzly_interfaces_s__rosidl_typesupport_c.cpython-311-darwin.so
[4.080s] /opt/anaconda3/envs/ros_env/bin/install_name_tool: warning: changes being made to the file will invalidate the code signature in: /Users/danielhuinda/robotics/grizzly-25-26/install/grizzly_interfaces/lib/python3.11/site-packages/grizzly_interfaces/grizzly_interfaces_s__rosidl_typesupport_c.cpython-311-darwin.so
[4.081s] [cctools-port]: generating fake signature for '/Users/danielhuinda/robotics/grizzly-25-26/install/grizzly_interfaces/lib/python3.11/site-packages/grizzly_interfaces/grizzly_interfaces_s__rosidl_typesupport_c.cpython-311-darwin.so'
[4.096s] -- Installing: /Users/danielhuinda/robotics/grizzly-25-26/install/grizzly_interfaces/lib/libgrizzly_interfaces__rosidl_generator_py.dylib
[4.099s] /opt/anaconda3/envs/ros_env/bin/install_name_tool: warning: changes being made to the file will invalidate the code signature in: /Users/danielhuinda/robotics/grizzly-25-26/install/grizzly_interfaces/lib/libgrizzly_interfaces__rosidl_generator_py.dylib
[4.100s] [cctools-port]: generating fake signature for '/Users/danielhuinda/robotics/grizzly-25-26/install/grizzly_interfaces/lib/libgrizzly_interfaces__rosidl_generator_py.dylib'
[4.115s] -- Installing: /Users/danielhuinda/robotics/grizzly-25-26/install/grizzly_interfaces/share/grizzly_interfaces/msg/PerceptionState.idl
[4.115s] -- Installing: /Users/danielhuinda/robotics/grizzly-25-26/install/grizzly_interfaces/share/grizzly_interfaces/msg/PerceptionState.msg
[4.115s] -- Installing: /Users/danielhuinda/robotics/grizzly-25-26/install/grizzly_interfaces/share/ament_index/resource_index/package_run_dependencies/grizzly_interfaces
[4.116s] -- Installing: /Users/danielhuinda/robotics/grizzly-25-26/install/grizzly_interfaces/share/ament_index/resource_index/parent_prefix_path/grizzly_interfaces
[4.116s] -- Installing: /Users/danielhuinda/robotics/grizzly-25-26/install/grizzly_interfaces/share/grizzly_interfaces/environment/ament_prefix_path.sh
[4.116s] -- Installing: /Users/danielhuinda/robotics/grizzly-25-26/install/grizzly_interfaces/share/grizzly_interfaces/environment/ament_prefix_path.dsv
[4.116s] -- Installing: /Users/danielhuinda/robotics/grizzly-25-26/install/grizzly_interfaces/share/grizzly_interfaces/environment/path.sh
[4.116s] -- Installing: /Users/danielhuinda/robotics/grizzly-25-26/install/grizzly_interfaces/share/grizzly_interfaces/environment/path.dsv
[4.116s] -- Installing: /Users/danielhuinda/robotics/grizzly-25-26/install/grizzly_interfaces/share/grizzly_interfaces/local_setup.bash
[4.116s] -- Installing: /Users/danielhuinda/robotics/grizzly-25-26/install/grizzly_interfaces/share/grizzly_interfaces/local_setup.sh
[4.117s] -- Installing: /Users/danielhuinda/robotics/grizzly-25-26/install/grizzly_interfaces/share/grizzly_interfaces/local_setup.zsh
[4.117s] -- Installing: /Users/danielhuinda/robotics/grizzly-25-26/install/grizzly_interfaces/share/grizzly_interfaces/local_setup.dsv
[4.117s] -- Installing: /Users/danielhuinda/robotics/grizzly-25-26/install/grizzly_interfaces/share/grizzly_interfaces/package.dsv
[4.117s] -- Installing: /Users/danielhuinda/robotics/grizzly-25-26/install/grizzly_interfaces/share/ament_index/resource_index/packages/grizzly_interfaces
[4.118s] -- Installing: /Users/danielhuinda/robotics/grizzly-25-26/install/grizzly_interfaces/share/grizzly_interfaces/cmake/export_grizzly_interfaces__rosidl_generator_cExport.cmake
[4.118s] -- Installing: /Users/danielhuinda/robotics/grizzly-25-26/install/grizzly_interfaces/share/grizzly_interfaces/cmake/export_grizzly_interfaces__rosidl_generator_cExport-noconfig.cmake
[4.118s] -- Installing: /Users/danielhuinda/robotics/grizzly-25-26/install/grizzly_interfaces/share/grizzly_interfaces/cmake/export_grizzly_interfaces__rosidl_typesupport_fastrtps_cExport.cmake
[4.118s] -- Installing: /Users/danielhuinda/robotics/grizzly-25-26/install/grizzly_interfaces/share/grizzly_interfaces/cmake/export_grizzly_interfaces__rosidl_typesupport_fastrtps_cExport-noconfig.cmake
[4.118s] -- Installing: /Users/danielhuinda/robotics/grizzly-25-26/install/grizzly_interfaces/share/grizzly_interfaces/cmake/grizzly_interfaces__rosidl_typesupport_introspection_cExport.cmake
[4.119s] -- Installing: /Users/danielhuinda/robotics/grizzly-25-26/install/grizzly_interfaces/share/grizzly_interfaces/cmake/grizzly_interfaces__rosidl_typesupport_introspection_cExport-noconfig.cmake
[4.119s] -- Installing: /Users/danielhuinda/robotics/grizzly-25-26/install/grizzly_interfaces/share/grizzly_interfaces/cmake/grizzly_interfaces__rosidl_typesupport_cExport.cmake
[4.119s] -- Installing: /Users/danielhuinda/robotics/grizzly-25-26/install/grizzly_interfaces/share/grizzly_interfaces/cmake/grizzly_interfaces__rosidl_typesupport_cExport-noconfig.cmake
[4.119s] -- Installing: /Users/danielhuinda/robotics/grizzly-25-26/install/grizzly_interfaces/share/grizzly_interfaces/cmake/export_grizzly_interfaces__rosidl_generator_cppExport.cmake
[4.119s] -- Installing: /Users/danielhuinda/robotics/grizzly-25-26/install/grizzly_interfaces/share/grizzly_interfaces/cmake/export_grizzly_interfaces__rosidl_typesupport_fastrtps_cppExport.cmake
[4.119s] -- Installing: /Users/danielhuinda/robotics/grizzly-25-26/install/grizzly_interfaces/share/grizzly_interfaces/cmake/export_grizzly_interfaces__rosidl_typesupport_fastrtps_cppExport-noconfig.cmake
[4.120s] -- Installing: /Users/danielhuinda/robotics/grizzly-25-26/install/grizzly_interfaces/share/grizzly_interfaces/cmake/grizzly_interfaces__rosidl_typesupport_introspection_cppExport.cmake
[4.120s] -- Installing: /Users/danielhuinda/robotics/grizzly-25-26/install/grizzly_interfaces/share/grizzly_interfaces/cmake/grizzly_interfaces__rosidl_typesupport_introspection_cppExport-noconfig.cmake
[4.120s] -- Installing: /Users/danielhuinda/robotics/grizzly-25-26/install/grizzly_interfaces/share/grizzly_interfaces/cmake/grizzly_interfaces__rosidl_typesupport_cppExport.cmake
[4.120s] -- Installing: /Users/danielhuinda/robotics/grizzly-25-26/install/grizzly_interfaces/share/grizzly_interfaces/cmake/grizzly_interfaces__rosidl_typesupport_cppExport-noconfig.cmake
[4.120s] -- Installing: /Users/danielhuinda/robotics/grizzly-25-26/install/grizzly_interfaces/share/grizzly_interfaces/cmake/export_grizzly_interfaces__rosidl_generator_pyExport.cmake
[4.121s] -- Installing: /Users/danielhuinda/robotics/grizzly-25-26/install/grizzly_interfaces/share/grizzly_interfaces/cmake/export_grizzly_interfaces__rosidl_generator_pyExport-noconfig.cmake
[4.121s] -- Installing: /Users/danielhuinda/robotics/grizzly-25-26/install/grizzly_interfaces/share/grizzly_interfaces/cmake/rosidl_cmake-extras.cmake
[4.121s] -- Installing: /Users/danielhuinda/robotics/grizzly-25-26/install/grizzly_interfaces/share/grizzly_interfaces/cmake/ament_cmake_export_dependencies-extras.cmake
[4.121s] -- Installing: /Users/danielhuinda/robotics/grizzly-25-26/install/grizzly_interfaces/share/grizzly_interfaces/cmake/ament_cmake_export_include_directories-extras.cmake
[4.121s] -- Installing: /Users/danielhuinda/robotics/grizzly-25-26/install/grizzly_interfaces/share/grizzly_interfaces/cmake/ament_cmake_export_libraries-extras.cmake
[4.122s] -- Installing: /Users/danielhuinda/robotics/grizzly-25-26/install/grizzly_interfaces/share/grizzly_interfaces/cmake/ament_cmake_export_targets-extras.cmake
[4.122s] -- Installing: /Users/danielhuinda/robotics/grizzly-25-26/install/grizzly_interfaces/share/grizzly_interfaces/cmake/rosidl_cmake_export_typesupport_targets-extras.cmake
[4.122s] -- Installing: /Users/danielhuinda/robotics/grizzly-25-26/install/grizzly_interfaces/share/grizzly_interfaces/cmake/rosidl_cmake_export_typesupport_libraries-extras.cmake
[4.122s] -- Installing: /Users/danielhuinda/robotics/grizzly-25-26/install/grizzly_interfaces/share/grizzly_interfaces/cmake/grizzly_interfacesConfig.cmake
[4.122s] -- Installing: /Users/danielhuinda/robotics/grizzly-25-26/install/grizzly_interfaces/share/grizzly_interfaces/cmake/grizzly_interfacesConfig-version.cmake
[4.122s] -- Installing: /Users/danielhuinda/robotics/grizzly-25-26/install/grizzly_interfaces/share/grizzly_interfaces/package.xml
[4.124s] Invoked command in '/Users/danielhuinda/robotics/grizzly-25-26/build/grizzly_interfaces' returned '0': CMAKE_PREFIX_PATH=/opt/anaconda3/envs/ros_env CONDA_PROMPT_MODIFIER=(base) SHLVL=2 _=/opt/anaconda3/envs/ros_env/bin/env /opt/anaconda3/envs/ros_env/bin/cmake --install /Users/danielhuinda/robotics/grizzly-25-26/build/grizzly_interfaces
