[0.024s] Invoking command in '/Users/danielhuinda/robotics/grizzly-25-26/build/grizzly_interfaces': CMAKE_PREFIX_PATH=/opt/anaconda3/envs/ros_env CONDA_PROMPT_MODIFIER=(base) SHLVL=2 _=/opt/anaconda3/envs/ros_env/bin/env /opt/anaconda3/envs/ros_env/bin/cmake /Users/danielhuinda/robotics/grizzly-25-26/grizzly_interfaces -DCMAKE_INSTALL_PREFIX=/Users/danielhuinda/robotics/grizzly-25-26/install/grizzly_interfaces
[0.093s] CMake Deprecation Warning at CMakeLists.txt:1 (cmake_minimum_required):
[0.093s]   Compatibility with CMake < 3.10 will be removed from a future version of
[0.093s]   CMake.
[0.093s] 
[0.093s]   Update the VERSION argument <min> value.  Or, use the <min>...<max> syntax
[0.093s]   to tell CMake that the project requires at least <min> but has been updated
[0.093s]   to work with policies introduced by <max> or earlier.
[0.093s] 
[0.093s] 
[0.422s] -- The C compiler identification is AppleClang 17.0.0.17000319
[0.517s] -- The CXX compiler identification is AppleClang 17.0.0.17000319
[0.528s] -- Detecting C compiler ABI info
[0.704s] -- Detecting C compiler ABI info - done
[0.720s] -- Check for working C compiler: /usr/bin/cc - skipped
[0.720s] -- Detecting C compile features
[0.720s] -- Detecting C compile features - done
[0.727s] -- Detecting CXX compiler ABI info
[0.896s] -- Detecting CXX compiler ABI info - done
[0.911s] -- Check for working CXX compiler: /usr/bin/c++ - skipped
[0.911s] -- Detecting CXX compile features
[0.911s] -- Detecting CXX compile features - done
[0.924s] -- Found ament_cmake: 1.3.12 (/opt/anaconda3/envs/ros_env/share/ament_cmake/cmake)
[1.041s] -- Found Python3: /opt/anaconda3/envs/ros_env/bin/python3 (found version "3.11.14") found components: Interpreter
[1.227s] -- Found rosidl_default_generators: 1.2.0 (/opt/anaconda3/envs/ros_env/share/rosidl_default_generators/cmake)
[1.238s] -- Using all available rosidl_typesupport_c: rosidl_typesupport_fastrtps_c;rosidl_typesupport_introspection_c
[1.266s] -- Found rosidl_adapter: 3.1.6 (/opt/anaconda3/envs/ros_env/share/rosidl_adapter/cmake)
[1.377s] -- Using all available rosidl_typesupport_cpp: rosidl_typesupport_fastrtps_cpp;rosidl_typesupport_introspection_cpp
[1.471s] -- Found std_msgs: 4.9.0 (/opt/anaconda3/envs/ros_env/share/std_msgs/cmake)
[1.539s] -- Found geometry_msgs: 4.9.0 (/opt/anaconda3/envs/ros_env/share/geometry_msgs/cmake)
[1.566s] -- Found nav_msgs: 4.9.0 (/opt/anaconda3/envs/ros_env/share/nav_msgs/cmake)
[1.948s] -- Found ament_cmake_ros: 0.10.0 (/opt/anaconda3/envs/ros_env/share/ament_cmake_ros/cmake)
[2.353s] -- Using all available rosidl_typesupport_c: rosidl_typesupport_fastrtps_c;rosidl_typesupport_introspection_c
[2.838s] -- Using all available rosidl_typesupport_cpp: rosidl_typesupport_fastrtps_cpp;rosidl_typesupport_introspection_cpp
[2.849s] -- Found python_cmake_module: 0.10.0 (/opt/anaconda3/envs/ros_env/share/python_cmake_module/cmake)
[2.850s] CMake Warning (dev) at /opt/anaconda3/envs/ros_env/share/python_cmake_module/cmake/Modules/FindPythonExtra.cmake:52 (find_package):
[2.850s]   Policy CMP0148 is not set: The FindPythonInterp and FindPythonLibs modules
[2.850s]   are removed.  Run "cmake --help-policy CMP0148" for policy details.  Use
[2.850s]   the cmake_policy command to set the policy and suppress this warning.
[2.850s] 
[2.850s] Call Stack (most recent call first):
[2.850s]   /opt/anaconda3/envs/ros_env/share/rosidl_generator_py/cmake/rosidl_generator_py_generate_interfaces.cmake:33 (find_package)
[2.850s]   /opt/anaconda3/envs/ros_env/share/ament_cmake_core/cmake/core/ament_execute_extensions.cmake:48 (include)
[2.850s]   /opt/anaconda3/envs/ros_env/share/rosidl_cmake/cmake/rosidl_generate_interfaces.cmake:286 (ament_execute_extensions)
[2.850s]   CMakeLists.txt:11 (rosidl_generate_interfaces)
[2.850s] This warning is for project developers.  Use -Wno-dev to suppress it.
[2.850s] 
[2.863s] -- Found PythonInterp: /opt/anaconda3/envs/ros_env/bin/python3 (found suitable version "3.11.14", minimum required is "3.6")
[2.882s] -- Using PythonExtra_INCLUDE_DIRS: /opt/anaconda3/envs/ros_env/include/python3.11;/opt/anaconda3/envs/ros_env/include/python3.11
[2.907s] -- Using PythonExtra_LIBRARIES: /opt/anaconda3/envs/ros_env/lib/libpython3.11.dylib
[2.925s] -- Found PythonExtra: .so
[4.287s] CMake Error at /opt/anaconda3/envs/ros_env/share/cmake-4.1/Modules/FindPackageHandleStandardArgs.cmake:227 (message):
[4.287s]   Could NOT find Python (missing: Python_EXECUTABLE Python_INCLUDE_DIRS
[4.287s]   Python_LIBRARIES Python_NumPy_INCLUDE_DIRS Interpreter Development NumPy
[4.287s]   Development.Module Development.Embed)
[4.287s] Call Stack (most recent call first):
[4.287s]   /opt/anaconda3/envs/ros_env/share/cmake-4.1/Modules/FindPackageHandleStandardArgs.cmake:591 (_FPHSA_FAILURE_MESSAGE)
[4.287s]   /opt/anaconda3/envs/ros_env/share/cmake-4.1/Modules/FindPython.cmake:727 (find_package_handle_standard_args)
[4.287s]   /opt/anaconda3/envs/ros_env/share/rosidl_generator_py/cmake/rosidl_generator_py_generate_interfaces.cmake:34 (find_package)
[4.287s]   /opt/anaconda3/envs/ros_env/share/ament_cmake_core/cmake/core/ament_execute_extensions.cmake:48 (include)
[4.287s]   /opt/anaconda3/envs/ros_env/share/rosidl_cmake/cmake/rosidl_generate_interfaces.cmake:286 (ament_execute_extensions)
[4.287s]   CMakeLists.txt:11 (rosidl_generate_interfaces)
[4.287s] 
[4.287s] 
[4.287s] -- Configuring incomplete, errors occurred!
[4.293s] Invoked command in '/Users/danielhuinda/robotics/grizzly-25-26/build/grizzly_interfaces' returned '1': CMAKE_PREFIX_PATH=/opt/anaconda3/envs/ros_env CONDA_PROMPT_MODIFIER=(base) SHLVL=2 _=/opt/anaconda3/envs/ros_env/bin/env /opt/anaconda3/envs/ros_env/bin/cmake /Users/danielhuinda/robotics/grizzly-25-26/grizzly_interfaces -DCMAKE_INSTALL_PREFIX=/Users/danielhuinda/robotics/grizzly-25-26/install/grizzly_interfaces
