running egg_info
creating ../build/grizzly_stack/grizzly_stack.egg-info
writing ../build/grizzly_stack/grizzly_stack.egg-info/PKG-INFO
writing dependency_links to ../build/grizzly_stack/grizzly_stack.egg-info/dependency_links.txt
writing entry points to ../build/grizzly_stack/grizzly_stack.egg-info/entry_points.txt
writing requirements to ../build/grizzly_stack/grizzly_stack.egg-info/requires.txt
writing top-level names to ../build/grizzly_stack/grizzly_stack.egg-info/top_level.txt
writing manifest file '../build/grizzly_stack/grizzly_stack.egg-info/SOURCES.txt'
reading manifest file '../build/grizzly_stack/grizzly_stack.egg-info/SOURCES.txt'
writing manifest file '../build/grizzly_stack/grizzly_stack.egg-info/SOURCES.txt'
running build
running build_py
creating /Users/danielhuinda/robotics/grizzly-25-26/build/grizzly_stack/build/lib/core
copying core/__init__.py -> /Users/danielhuinda/robotics/grizzly-25-26/build/grizzly_stack/build/lib/core
copying core/system_manager.py -> /Users/danielhuinda/robotics/grizzly-25-26/build/grizzly_stack/build/lib/core
creating /Users/danielhuinda/robotics/grizzly-25-26/build/grizzly_stack/build/lib/launch
copying launch/__init__.py -> /Users/danielhuinda/robotics/grizzly-25-26/build/grizzly_stack/build/lib/launch
copying launch/grizzly_minimal_launch.py -> /Users/danielhuinda/robotics/grizzly-25-26/build/grizzly_stack/build/lib/launch
running install
running install_lib
creating /Users/danielhuinda/robotics/grizzly-25-26/install/grizzly_stack/lib/python3.11/site-packages/core
copying /Users/danielhuinda/robotics/grizzly-25-26/build/grizzly_stack/build/lib/core/__init__.py -> /Users/danielhuinda/robotics/grizzly-25-26/install/grizzly_stack/lib/python3.11/site-packages/core
copying /Users/danielhuinda/robotics/grizzly-25-26/build/grizzly_stack/build/lib/core/system_manager.py -> /Users/danielhuinda/robotics/grizzly-25-26/install/grizzly_stack/lib/python3.11/site-packages/core
creating /Users/danielhuinda/robotics/grizzly-25-26/install/grizzly_stack/lib/python3.11/site-packages/launch
copying /Users/danielhuinda/robotics/grizzly-25-26/build/grizzly_stack/build/lib/launch/__init__.py -> /Users/danielhuinda/robotics/grizzly-25-26/install/grizzly_stack/lib/python3.11/site-packages/launch
copying /Users/danielhuinda/robotics/grizzly-25-26/build/grizzly_stack/build/lib/launch/grizzly_minimal_launch.py -> /Users/danielhuinda/robotics/grizzly-25-26/install/grizzly_stack/lib/python3.11/site-packages/launch
byte-compiling /Users/danielhuinda/robotics/grizzly-25-26/install/grizzly_stack/lib/python3.11/site-packages/core/__init__.py to __init__.cpython-311.pyc
byte-compiling /Users/danielhuinda/robotics/grizzly-25-26/install/grizzly_stack/lib/python3.11/site-packages/core/system_manager.py to system_manager.cpython-311.pyc
byte-compiling /Users/danielhuinda/robotics/grizzly-25-26/install/grizzly_stack/lib/python3.11/site-packages/launch/__init__.py to __init__.cpython-311.pyc
byte-compiling /Users/danielhuinda/robotics/grizzly-25-26/install/grizzly_stack/lib/python3.11/site-packages/launch/grizzly_minimal_launch.py to grizzly_minimal_launch.cpython-311.pyc
running install_data
creating /Users/danielhuinda/robotics/grizzly-25-26/install/grizzly_stack/share/ament_index/resource_index/packages
