[0.385s] Invoking command in '/Users/danielhuinda/robotics/grizzly-25-26/grizzly_stack': AMENT_PREFIX_PATH=/Users/danielhuinda/robotics/grizzly-25-26/install/grizzly_interfaces:${AMENT_PREFIX_PATH} CMAKE_PREFIX_PATH=/Users/danielhuinda/robotics/grizzly-25-26/install/grizzly_interfaces${CMAKE_PREFIX_PATH} CONDA_PROMPT_MODIFIER=(ros_env) DYLD_LIBRARY_PATH=/Users/danielhuinda/robotics/grizzly-25-26/install/grizzly_interfaces/lib:${DYLD_LIBRARY_PATH} PYTHONPATH=/Users/danielhuinda/robotics/grizzly-25-26/build/grizzly_stack/prefix_override:/opt/anaconda3/envs/ros_env/lib/python3.11/site-packages/colcon_core/task/python/colcon_distutils_commands:/Users/danielhuinda/robotics/grizzly-25-26/install/grizzly_stack/lib/python3.11/site-packages:/Users/danielhuinda/robotics/grizzly-25-26/install/grizzly_interfaces/lib/python3.11/site-packages:${PYTHONPATH} SHLVL=2 _=/opt/anaconda3/envs/ros_env/bin/env /opt/anaconda3/envs/ros_env/bin/python3.11 -W ignore:setup.py install is deprecated -W ignore:easy_install command is deprecated setup.py egg_info --egg-base ../build/grizzly_stack build --build-base /Users/danielhuinda/robotics/grizzly-25-26/build/grizzly_stack/build install --record /Users/danielhuinda/robotics/grizzly-25-26/build/grizzly_stack/install.log --single-version-externally-managed install_data
[0.473s] /opt/anaconda3/envs/ros_env/lib/python3.11/site-packages/setuptools/_distutils/dist.py:289: UserWarning: Unknown distribution option: 'tests_require'
[0.473s]   warnings.warn(msg)
[0.512s] running egg_info
[0.519s] creating ../build/grizzly_stack/grizzly_stack.egg-info
[0.519s] writing ../build/grizzly_stack/grizzly_stack.egg-info/PKG-INFO
[0.519s] writing dependency_links to ../build/grizzly_stack/grizzly_stack.egg-info/dependency_links.txt
[0.519s] writing entry points to ../build/grizzly_stack/grizzly_stack.egg-info/entry_points.txt
[0.519s] writing requirements to ../build/grizzly_stack/grizzly_stack.egg-info/requires.txt
[0.519s] writing top-level names to ../build/grizzly_stack/grizzly_stack.egg-info/top_level.txt
[0.519s] writing manifest file '../build/grizzly_stack/grizzly_stack.egg-info/SOURCES.txt'
[0.533s] reading manifest file '../build/grizzly_stack/grizzly_stack.egg-info/SOURCES.txt'
[0.534s] writing manifest file '../build/grizzly_stack/grizzly_stack.egg-info/SOURCES.txt'
[0.534s] running build
[0.534s] running build_py
[0.534s] creating /Users/danielhuinda/robotics/grizzly-25-26/build/grizzly_stack/build/lib/core
[0.534s] copying core/__init__.py -> /Users/danielhuinda/robotics/grizzly-25-26/build/grizzly_stack/build/lib/core
[0.534s] copying core/system_manager.py -> /Users/danielhuinda/robotics/grizzly-25-26/build/grizzly_stack/build/lib/core
[0.534s] creating /Users/danielhuinda/robotics/grizzly-25-26/build/grizzly_stack/build/lib/launch
[0.534s] copying launch/__init__.py -> /Users/danielhuinda/robotics/grizzly-25-26/build/grizzly_stack/build/lib/launch
[0.534s] copying launch/grizzly_minimal_launch.py -> /Users/danielhuinda/robotics/grizzly-25-26/build/grizzly_stack/build/lib/launch
[0.535s] running install
[0.538s] running install_lib
[0.545s] creating /Users/danielhuinda/robotics/grizzly-25-26/install/grizzly_stack/lib/python3.11/site-packages/core
[0.545s] copying /Users/danielhuinda/robotics/grizzly-25-26/build/grizzly_stack/build/lib/core/__init__.py -> /Users/danielhuinda/robotics/grizzly-25-26/install/grizzly_stack/lib/python3.11/site-packages/core
[0.545s] copying /Users/danielhuinda/robotics/grizzly-25-26/build/grizzly_stack/build/lib/core/system_manager.py -> /Users/danielhuinda/robotics/grizzly-25-26/install/grizzly_stack/lib/python3.11/site-packages/core
[0.545s] creating /Users/danielhuinda/robotics/grizzly-25-26/install/grizzly_stack/lib/python3.11/site-packages/launch
[0.545s] copying /Users/danielhuinda/robotics/grizzly-25-26/build/grizzly_stack/build/lib/launch/__init__.py -> /Users/danielhuinda/robotics/grizzly-25-26/install/grizzly_stack/lib/python3.11/site-packages/launch
[0.545s] copying /Users/danielhuinda/robotics/grizzly-25-26/build/grizzly_stack/build/lib/launch/grizzly_minimal_launch.py -> /Users/danielhuinda/robotics/grizzly-25-26/install/grizzly_stack/lib/python3.11/site-packages/launch
[0.546s] byte-compiling /Users/danielhuinda/robotics/grizzly-25-26/install/grizzly_stack/lib/python3.11/site-packages/core/__init__.py to __init__.cpython-311.pyc
[0.546s] byte-compiling /Users/danielhuinda/robotics/grizzly-25-26/install/grizzly_stack/lib/python3.11/site-packages/core/system_manager.py to system_manager.cpython-311.pyc
[0.546s] byte-compiling /Users/danielhuinda/robotics/grizzly-25-26/install/grizzly_stack/lib/python3.11/site-packages/launch/__init__.py to __init__.cpython-311.pyc
[0.546s] byte-compiling /Users/danielhuinda/robotics/grizzly-25-26/install/grizzly_stack/lib/python3.11/site-packages/launch/grizzly_minimal_launch.py to grizzly_minimal_launch.cpython-311.pyc
[0.547s] running install_data
[0.547s] creating /Users/danielhuinda/robotics/grizzly-25-26/install/grizzly_stack/share/ament_index/resource_index/packages
[0.547s] error: can't copy 'resource/grizzly_stack': doesn't exist or not a regular file
[0.558s] Invoked command in '/Users/danielhuinda/robotics/grizzly-25-26/grizzly_stack' returned '1': AMENT_PREFIX_PATH=/Users/danielhuinda/robotics/grizzly-25-26/install/grizzly_interfaces:${AMENT_PREFIX_PATH} CMAKE_PREFIX_PATH=/Users/danielhuinda/robotics/grizzly-25-26/install/grizzly_interfaces${CMAKE_PREFIX_PATH} CONDA_PROMPT_MODIFIER=(ros_env) DYLD_LIBRARY_PATH=/Users/danielhuinda/robotics/grizzly-25-26/install/grizzly_interfaces/lib:${DYLD_LIBRARY_PATH} PYTHONPATH=/Users/danielhuinda/robotics/grizzly-25-26/build/grizzly_stack/prefix_override:/opt/anaconda3/envs/ros_env/lib/python3.11/site-packages/colcon_core/task/python/colcon_distutils_commands:/Users/danielhuinda/robotics/grizzly-25-26/install/grizzly_stack/lib/python3.11/site-packages:/Users/danielhuinda/robotics/grizzly-25-26/install/grizzly_interfaces/lib/python3.11/site-packages:${PYTHONPATH} SHLVL=2 _=/opt/anaconda3/envs/ros_env/bin/env /opt/anaconda3/envs/ros_env/bin/python3.11 -W ignore:setup.py install is deprecated -W ignore:easy_install command is deprecated setup.py egg_info --egg-base ../build/grizzly_stack build --build-base /Users/danielhuinda/robotics/grizzly-25-26/build/grizzly_stack/build install --record /Users/danielhuinda/robotics/grizzly-25-26/build/grizzly_stack/install.log --single-version-externally-managed install_data
