CMake Deprecation Warning at CMakeLists.txt:1 (cmake_minimum_required):
  Compatibility with CMake < 3.10 will be removed from a future version of
  CMake.

  Update the VERSION argument <min> value.  Or, use the <min>...<max> syntax
  to tell CMake that the project requires at least <min> but has been updated
  to work with policies introduced by <max> or earlier.


CMake Warning (dev) at /opt/anaconda3/envs/ros_env/share/python_cmake_module/cmake/Modules/FindPythonExtra.cmake:52 (find_package):
  Policy CMP0148 is not set: The FindPythonInterp and FindPythonLibs modules
  are removed.  Run "cmake --help-policy CMP0148" for policy details.  Use
  the cmake_policy command to set the policy and suppress this warning.

Call Stack (most recent call first):
  /opt/anaconda3/envs/ros_env/share/rosidl_generator_py/cmake/rosidl_generator_py_generate_interfaces.cmake:33 (find_package)
  /opt/anaconda3/envs/ros_env/share/ament_cmake_core/cmake/core/ament_execute_extensions.cmake:48 (include)
  /opt/anaconda3/envs/ros_env/share/rosidl_cmake/cmake/rosidl_generate_interfaces.cmake:286 (ament_execute_extensions)
  CMakeLists.txt:11 (rosidl_generate_interfaces)
This warning is for project developers.  Use -Wno-dev to suppress it.

/opt/anaconda3/envs/ros_env/bin/install_name_tool: warning: changes being made to the file will invalidate the code signature in: /Users/danielhuinda/robotics/grizzly-25-26/install/grizzly_interfaces/lib/libgrizzly_interfaces__rosidl_generator_c.dylib
[cctools-port]: generating fake signature for '/Users/danielhuinda/robotics/grizzly-25-26/install/grizzly_interfaces/lib/libgrizzly_interfaces__rosidl_generator_c.dylib'
error: /opt/anaconda3/envs/ros_env/bin/install_name_tool: no LC_RPATH load command with path: /Users/danielhuinda/robotics/grizzly-25-26/build/grizzly_interfaces found in: /Users/danielhuinda/robotics/grizzly-25-26/install/grizzly_interfaces/lib/libgrizzly_interfaces__rosidl_typesupport_fastrtps_c.dylib (for architecture arm64), required for specified option "-delete_rpath /Users/danielhuinda/robotics/grizzly-25-26/build/grizzly_interfaces"
error: /opt/anaconda3/envs/ros_env/bin/install_name_tool: no LC_RPATH load command with path: /opt/anaconda3/envs/ros_env/lib found in: /Users/danielhuinda/robotics/grizzly-25-26/install/grizzly_interfaces/lib/libgrizzly_interfaces__rosidl_typesupport_fastrtps_c.dylib (for architecture arm64), required for specified option "-delete_rpath /opt/anaconda3/envs/ros_env/lib"
/opt/anaconda3/envs/ros_env/bin/install_name_tool: warning: changes being made to the file will invalidate the code signature in: /Users/danielhuinda/robotics/grizzly-25-26/install/grizzly_interfaces/lib/libgrizzly_interfaces__rosidl_typesupport_introspection_c.dylib
[cctools-port]: generating fake signature for '/Users/danielhuinda/robotics/grizzly-25-26/install/grizzly_interfaces/lib/libgrizzly_interfaces__rosidl_typesupport_introspection_c.dylib'
/opt/anaconda3/envs/ros_env/bin/install_name_tool: warning: changes being made to the file will invalidate the code signature in: /Users/danielhuinda/robotics/grizzly-25-26/install/grizzly_interfaces/lib/libgrizzly_interfaces__rosidl_typesupport_c.dylib
[cctools-port]: generating fake signature for '/Users/danielhuinda/robotics/grizzly-25-26/install/grizzly_interfaces/lib/libgrizzly_interfaces__rosidl_typesupport_c.dylib'
/opt/anaconda3/envs/ros_env/bin/install_name_tool: warning: changes being made to the file will invalidate the code signature in: /Users/danielhuinda/robotics/grizzly-25-26/install/grizzly_interfaces/lib/libgrizzly_interfaces__rosidl_typesupport_fastrtps_cpp.dylib
[cctools-port]: generating fake signature for '/Users/danielhuinda/robotics/grizzly-25-26/install/grizzly_interfaces/lib/libgrizzly_interfaces__rosidl_typesupport_fastrtps_cpp.dylib'
/opt/anaconda3/envs/ros_env/bin/install_name_tool: warning: changes being made to the file will invalidate the code signature in: /Users/danielhuinda/robotics/grizzly-25-26/install/grizzly_interfaces/lib/libgrizzly_interfaces__rosidl_typesupport_introspection_cpp.dylib
[cctools-port]: generating fake signature for '/Users/danielhuinda/robotics/grizzly-25-26/install/grizzly_interfaces/lib/libgrizzly_interfaces__rosidl_typesupport_introspection_cpp.dylib'
/opt/anaconda3/envs/ros_env/bin/install_name_tool: warning: changes being made to the file will invalidate the code signature in: /Users/danielhuinda/robotics/grizzly-25-26/install/grizzly_interfaces/lib/libgrizzly_interfaces__rosidl_typesupport_cpp.dylib
[cctools-port]: generating fake signature for '/Users/danielhuinda/robotics/grizzly-25-26/install/grizzly_interfaces/lib/libgrizzly_interfaces__rosidl_typesupport_cpp.dylib'
error: /opt/anaconda3/envs/ros_env/bin/install_name_tool: no LC_RPATH load command with path: /Users/danielhuinda/robotics/grizzly-25-26/build/grizzly_interfaces/rosidl_generator_py/grizzly_interfaces found in: /Users/danielhuinda/robotics/grizzly-25-26/install/grizzly_interfaces/lib/python3.11/site-packages/grizzly_interfaces/grizzly_interfaces_s__rosidl_typesupport_fastrtps_c.cpython-311-darwin.so (for architecture arm64), required for specified option "-delete_rpath /Users/danielhuinda/robotics/grizzly-25-26/build/grizzly_interfaces/rosidl_generator_py/grizzly_interfaces"
error: /opt/anaconda3/envs/ros_env/bin/install_name_tool: no LC_RPATH load command with path: /Users/danielhuinda/robotics/grizzly-25-26/build/grizzly_interfaces found in: /Users/danielhuinda/robotics/grizzly-25-26/install/grizzly_interfaces/lib/python3.11/site-packages/grizzly_interfaces/grizzly_interfaces_s__rosidl_typesupport_fastrtps_c.cpython-311-darwin.so (for architecture arm64), required for specified option "-delete_rpath /Users/danielhuinda/robotics/grizzly-25-26/build/grizzly_interfaces"
error: /opt/anaconda3/envs/ros_env/bin/install_name_tool: no LC_RPATH load command with path: /opt/anaconda3/envs/ros_env/lib found in: /Users/danielhuinda/robotics/grizzly-25-26/install/grizzly_interfaces/lib/python3.11/site-packages/grizzly_interfaces/grizzly_interfaces_s__rosidl_typesupport_fastrtps_c.cpython-311-darwin.so (for architecture arm64), required for specified option "-delete_rpath /opt/anaconda3/envs/ros_env/lib"
error: /opt/anaconda3/envs/ros_env/bin/install_name_tool: no LC_RPATH load command with path: /Users/danielhuinda/robotics/grizzly-25-26/build/grizzly_interfaces/rosidl_generator_py/grizzly_interfaces found in: /Users/danielhuinda/robotics/grizzly-25-26/install/grizzly_interfaces/lib/python3.11/site-packages/grizzly_interfaces/grizzly_interfaces_s__rosidl_typesupport_introspection_c.cpython-311-darwin.so (for architecture arm64), required for specified option "-delete_rpath /Users/danielhuinda/robotics/grizzly-25-26/build/grizzly_interfaces/rosidl_generator_py/grizzly_interfaces"
error: /opt/anaconda3/envs/ros_env/bin/install_name_tool: no LC_RPATH load command with path: /Users/danielhuinda/robotics/grizzly-25-26/build/grizzly_interfaces found in: /Users/danielhuinda/robotics/grizzly-25-26/install/grizzly_interfaces/lib/python3.11/site-packages/grizzly_interfaces/grizzly_interfaces_s__rosidl_typesupport_introspection_c.cpython-311-darwin.so (for architecture arm64), required for specified option "-delete_rpath /Users/danielhuinda/robotics/grizzly-25-26/build/grizzly_interfaces"
error: /opt/anaconda3/envs/ros_env/bin/install_name_tool: no LC_RPATH load command with path: /opt/anaconda3/envs/ros_env/lib found in: /Users/danielhuinda/robotics/grizzly-25-26/install/grizzly_interfaces/lib/python3.11/site-packages/grizzly_interfaces/grizzly_interfaces_s__rosidl_typesupport_introspection_c.cpython-311-darwin.so (for architecture arm64), required for specified option "-delete_rpath /opt/anaconda3/envs/ros_env/lib"
error: /opt/anaconda3/envs/ros_env/bin/install_name_tool: no LC_RPATH load command with path: /Users/danielhuinda/robotics/grizzly-25-26/build/grizzly_interfaces/rosidl_generator_py/grizzly_interfaces found in: /Users/danielhuinda/robotics/grizzly-25-26/install/grizzly_interfaces/lib/python3.11/site-packages/grizzly_interfaces/grizzly_interfaces_s__rosidl_typesupport_c.cpython-311-darwin.so (for architecture arm64), required for specified option "-delete_rpath /Users/danielhuinda/robotics/grizzly-25-26/build/grizzly_interfaces/rosidl_generator_py/grizzly_interfaces"
error: /opt/anaconda3/envs/ros_env/bin/install_name_tool: no LC_RPATH load command with path: /Users/danielhuinda/robotics/grizzly-25-26/build/grizzly_interfaces found in: /Users/danielhuinda/robotics/grizzly-25-26/install/grizzly_interfaces/lib/python3.11/site-packages/grizzly_interfaces/grizzly_interfaces_s__rosidl_typesupport_c.cpython-311-darwin.so (for architecture arm64), required for specified option "-delete_rpath /Users/danielhuinda/robotics/grizzly-25-26/build/grizzly_interfaces"
error: /opt/anaconda3/envs/ros_env/bin/install_name_tool: no LC_RPATH load command with path: /opt/anaconda3/envs/ros_env/lib found in: /Users/danielhuinda/robotics/grizzly-25-26/install/grizzly_interfaces/lib/python3.11/site-packages/grizzly_interfaces/grizzly_interfaces_s__rosidl_typesupport_c.cpython-311-darwin.so (for architecture arm64), required for specified option "-delete_rpath /opt/anaconda3/envs/ros_env/lib"
error: /opt/anaconda3/envs/ros_env/bin/install_name_tool: no LC_RPATH load command with path: /Users/danielhuinda/robotics/grizzly-25-26/build/grizzly_interfaces found in: /Users/danielhuinda/robotics/grizzly-25-26/install/grizzly_interfaces/lib/libgrizzly_interfaces__rosidl_generator_py.dylib (for architecture arm64), required for specified option "-delete_rpath /Users/danielhuinda/robotics/grizzly-25-26/build/grizzly_interfaces"
error: /opt/anaconda3/envs/ros_env/bin/install_name_tool: no LC_RPATH load command with path: /opt/anaconda3/envs/ros_env/lib found in: /Users/danielhuinda/robotics/grizzly-25-26/install/grizzly_interfaces/lib/libgrizzly_interfaces__rosidl_generator_py.dylib (for architecture arm64), required for specified option "-delete_rpath /opt/anaconda3/envs/ros_env/lib"
