[0.365s] Invoking command in '/Users/danielhuinda/robotics/grizzly-25-26/grizzly_stack': AMENT_PREFIX_PATH=/Users/danielhuinda/robotics/grizzly-25-26/install/grizzly_interfaces:${AMENT_PREFIX_PATH} CMAKE_PREFIX_PATH=/Users/danielhuinda/robotics/grizzly-25-26/install/grizzly_interfaces${CMAKE_PREFIX_PATH} CONDA_PROMPT_MODIFIER=(ros_env) DYLD_LIBRARY_PATH=/Users/danielhuinda/robotics/grizzly-25-26/install/grizzly_interfaces/lib:${DYLD_LIBRARY_PATH} PYTHONPATH=/Users/danielhuinda/robotics/grizzly-25-26/build/grizzly_stack/prefix_override:/opt/anaconda3/envs/ros_env/lib/python3.11/site-packages/colcon_core/task/python/colcon_distutils_commands:/Users/danielhuinda/robotics/grizzly-25-26/install/grizzly_stack/lib/python3.11/site-packages:/Users/danielhuinda/robotics/grizzly-25-26/install/grizzly_interfaces/lib/python3.11/site-packages:${PYTHONPATH} SHLVL=3 _=/opt/anaconda3/envs/ros_env/bin/env /opt/anaconda3/envs/ros_env/bin/python3.11 -W ignore:setup.py install is deprecated -W ignore:easy_install command is deprecated setup.py egg_info --egg-base ../build/grizzly_stack build --build-base /Users/danielhuinda/robotics/grizzly-25-26/build/grizzly_stack/build install --record /Users/danielhuinda/robotics/grizzly-25-26/build/grizzly_stack/install.log --single-version-externally-managed install_data
[0.493s] running egg_info
[0.499s] writing ../build/grizzly_stack/grizzly_stack.egg-info/PKG-INFO
[0.499s] writing dependency_links to ../build/grizzly_stack/grizzly_stack.egg-info/dependency_links.txt
[0.500s] writing entry points to ../build/grizzly_stack/grizzly_stack.egg-info/entry_points.txt
[0.500s] writing requirements to ../build/grizzly_stack/grizzly_stack.egg-info/requires.txt
[0.500s] writing top-level names to ../build/grizzly_stack/grizzly_stack.egg-info/top_level.txt
[0.512s] reading manifest file '../build/grizzly_stack/grizzly_stack.egg-info/SOURCES.txt'
[0.513s] writing manifest file '../build/grizzly_stack/grizzly_stack.egg-info/SOURCES.txt'
[0.513s] running build
[0.513s] running build_py
[0.514s] copying core/__init__.py -> /Users/danielhuinda/robotics/grizzly-25-26/build/grizzly_stack/build/lib/core
[0.514s] copying core/system_manager.py -> /Users/danielhuinda/robotics/grizzly-25-26/build/grizzly_stack/build/lib/core
[0.514s] copying launch/__init__.py -> /Users/danielhuinda/robotics/grizzly-25-26/build/grizzly_stack/build/lib/launch
[0.514s] copying launch/grizzly_minimal_launch.py -> /Users/danielhuinda/robotics/grizzly-25-26/build/grizzly_stack/build/lib/launch
[0.515s] running install
[0.518s] running install_lib
[0.524s] running install_data
[0.525s] copying resource/grizzly_stack -> /Users/danielhuinda/robotics/grizzly-25-26/install/grizzly_stack/share/ament_index/resource_index/packages
[0.525s] copying package.xml -> /Users/danielhuinda/robotics/grizzly-25-26/install/grizzly_stack/share/grizzly_stack
[0.525s] creating /Users/danielhuinda/robotics/grizzly-25-26/install/grizzly_stack/share/grizzly_stack/launch
[0.525s] error: can't copy 'launch/grizzly_minimal.launch.py': doesn't exist or not a regular file
[0.535s] Invoked command in '/Users/danielhuinda/robotics/grizzly-25-26/grizzly_stack' returned '1': AMENT_PREFIX_PATH=/Users/danielhuinda/robotics/grizzly-25-26/install/grizzly_interfaces:${AMENT_PREFIX_PATH} CMAKE_PREFIX_PATH=/Users/danielhuinda/robotics/grizzly-25-26/install/grizzly_interfaces${CMAKE_PREFIX_PATH} CONDA_PROMPT_MODIFIER=(ros_env) DYLD_LIBRARY_PATH=/Users/danielhuinda/robotics/grizzly-25-26/install/grizzly_interfaces/lib:${DYLD_LIBRARY_PATH} PYTHONPATH=/Users/danielhuinda/robotics/grizzly-25-26/build/grizzly_stack/prefix_override:/opt/anaconda3/envs/ros_env/lib/python3.11/site-packages/colcon_core/task/python/colcon_distutils_commands:/Users/danielhuinda/robotics/grizzly-25-26/install/grizzly_stack/lib/python3.11/site-packages:/Users/danielhuinda/robotics/grizzly-25-26/install/grizzly_interfaces/lib/python3.11/site-packages:${PYTHONPATH} SHLVL=3 _=/opt/anaconda3/envs/ros_env/bin/env /opt/anaconda3/envs/ros_env/bin/python3.11 -W ignore:setup.py install is deprecated -W ignore:easy_install command is deprecated setup.py egg_info --egg-base ../build/grizzly_stack build --build-base /Users/danielhuinda/robotics/grizzly-25-26/build/grizzly_stack/build install --record /Users/danielhuinda/robotics/grizzly-25-26/build/grizzly_stack/install.log --single-version-externally-managed install_data
