[0.021s] Invoking command in '/Users/danielhuinda/robotics/grizzly-25-26/build/grizzly_interfaces': CONDA_PROMPT_MODIFIER=(ros_env) SHLVL=3 _=/opt/anaconda3/envs/ros_env/bin/env /opt/anaconda3/envs/ros_env/bin/cmake --build /Users/danielhuinda/robotics/grizzly-25-26/build/grizzly_interfaces -- -j12 -l12
[0.172s] [  3%] Built target grizzly_interfaces__cpp
[0.172s] [ 12%] Built target grizzly_interfaces__rosidl_generator_c
[0.191s] [ 12%] Built target ament_cmake_python_copy_grizzly_interfaces
[0.244s] [ 22%] Built target grizzly_interfaces__rosidl_typesupport_c
[0.250s] [ 32%] Built target grizzly_interfaces__rosidl_typesupport_introspection_c
[0.263s] [ 48%] Built target grizzly_interfaces__rosidl_typesupport_cpp
[0.263s] [ 58%] Built target grizzly_interfaces__rosidl_typesupport_fastrtps_cpp
[0.263s] [ 61%] Built target grizzly_interfaces__rosidl_typesupport_introspection_cpp
[0.264s] [ 70%] Built target grizzly_interfaces__rosidl_typesupport_fastrtps_c
[0.309s] [ 70%] Built target grizzly_interfaces
[0.357s] [ 74%] Built target grizzly_interfaces__py
[0.367s] running egg_info
[0.374s] writing grizzly_interfaces.egg-info/PKG-INFO
[0.374s] writing dependency_links to grizzly_interfaces.egg-info/dependency_links.txt
[0.375s] writing top-level names to grizzly_interfaces.egg-info/top_level.txt
[0.396s] reading manifest file 'grizzly_interfaces.egg-info/SOURCES.txt'
[0.397s] writing manifest file 'grizzly_interfaces.egg-info/SOURCES.txt'
[0.405s] [ 80%] Built target grizzly_interfaces__rosidl_generator_py
[0.431s] [ 80%] Built target ament_cmake_python_build_grizzly_interfaces_egg
[0.469s] [100%] Built target grizzly_interfaces__rosidl_typesupport_fastrtps_c__pyext
[0.469s] [100%] Built target grizzly_interfaces__rosidl_typesupport_c__pyext
[0.469s] [100%] Built target grizzly_interfaces__rosidl_typesupport_introspection_c__pyext
[0.483s] Invoked command in '/Users/danielhuinda/robotics/grizzly-25-26/build/grizzly_interfaces' returned '0': CONDA_PROMPT_MODIFIER=(ros_env) SHLVL=3 _=/opt/anaconda3/envs/ros_env/bin/env /opt/anaconda3/envs/ros_env/bin/cmake --build /Users/danielhuinda/robotics/grizzly-25-26/build/grizzly_interfaces -- -j12 -l12
[0.499s] Invoking command in '/Users/danielhuinda/robotics/grizzly-25-26/build/grizzly_interfaces': CONDA_PROMPT_MODIFIER=(ros_env) SHLVL=3 _=/opt/anaconda3/envs/ros_env/bin/env /opt/anaconda3/envs/ros_env/bin/cmake --install /Users/danielhuinda/robotics/grizzly-25-26/build/grizzly_interfaces
[0.513s] -- Install configuration: ""
[0.513s] -- Up-to-date: /Users/danielhuinda/robotics/grizzly-25-26/install/grizzly_interfaces/share/ament_index/resource_index/rosidl_interfaces/grizzly_interfaces
[0.514s] -- Up-to-date: /Users/danielhuinda/robotics/grizzly-25-26/install/grizzly_interfaces/include/grizzly_interfaces/grizzly_interfaces
[0.514s] -- Up-to-date: /Users/danielhuinda/robotics/grizzly-25-26/install/grizzly_interfaces/include/grizzly_interfaces/grizzly_interfaces/msg
[0.514s] -- Up-to-date: /Users/danielhuinda/robotics/grizzly-25-26/install/grizzly_interfaces/include/grizzly_interfaces/grizzly_interfaces/msg/rosidl_generator_c__visibility_control.h
[0.514s] -- Up-to-date: /Users/danielhuinda/robotics/grizzly-25-26/install/grizzly_interfaces/include/grizzly_interfaces/grizzly_interfaces/msg/perception_state.h
[0.514s] -- Up-to-date: /Users/danielhuinda/robotics/grizzly-25-26/install/grizzly_interfaces/include/grizzly_interfaces/grizzly_interfaces/msg/detail
[0.514s] -- Up-to-date: /Users/danielhuinda/robotics/grizzly-25-26/install/grizzly_interfaces/include/grizzly_interfaces/grizzly_interfaces/msg/detail/perception_state__functions.c
[0.514s] -- Up-to-date: /Users/danielhuinda/robotics/grizzly-25-26/install/grizzly_interfaces/include/grizzly_interfaces/grizzly_interfaces/msg/detail/perception_state__type_support.h
[0.514s] -- Up-to-date: /Users/danielhuinda/robotics/grizzly-25-26/install/grizzly_interfaces/include/grizzly_interfaces/grizzly_interfaces/msg/detail/perception_state__struct.h
[0.514s] -- Up-to-date: /Users/danielhuinda/robotics/grizzly-25-26/install/grizzly_interfaces/include/grizzly_interfaces/grizzly_interfaces/msg/detail/perception_state__functions.h
[0.514s] -- Installing: /Users/danielhuinda/robotics/grizzly-25-26/install/grizzly_interfaces/lib/libgrizzly_interfaces__rosidl_generator_c.dylib
[0.519s] /opt/anaconda3/envs/ros_env/bin/install_name_tool: warning: changes being made to the file will invalidate the code signature in: /Users/danielhuinda/robotics/grizzly-25-26/install/grizzly_interfaces/lib/libgrizzly_interfaces__rosidl_generator_c.dylib
[0.520s] [cctools-port]: generating fake signature for '/Users/danielhuinda/robotics/grizzly-25-26/install/grizzly_interfaces/lib/libgrizzly_interfaces__rosidl_generator_c.dylib'
[0.538s] -- Up-to-date: /Users/danielhuinda/robotics/grizzly-25-26/install/grizzly_interfaces/include/grizzly_interfaces/grizzly_interfaces
[0.539s] -- Up-to-date: /Users/danielhuinda/robotics/grizzly-25-26/install/grizzly_interfaces/include/grizzly_interfaces/grizzly_interfaces/msg
[0.539s] -- Up-to-date: /Users/danielhuinda/robotics/grizzly-25-26/install/grizzly_interfaces/include/grizzly_interfaces/grizzly_interfaces/msg/detail
[0.539s] -- Up-to-date: /Users/danielhuinda/robotics/grizzly-25-26/install/grizzly_interfaces/include/grizzly_interfaces/grizzly_interfaces/msg/detail/perception_state__rosidl_typesupport_fastrtps_c.h
[0.539s] -- Up-to-date: /Users/danielhuinda/robotics/grizzly-25-26/install/grizzly_interfaces/include/grizzly_interfaces/grizzly_interfaces/msg/rosidl_typesupport_fastrtps_c__visibility_control.h
[0.539s] -- Up-to-date: /Users/danielhuinda/robotics/grizzly-25-26/install/grizzly_interfaces/lib/libgrizzly_interfaces__rosidl_typesupport_fastrtps_c.dylib
[0.542s] error: /opt/anaconda3/envs/ros_env/bin/install_name_tool: no LC_RPATH load command with path: /Users/danielhuinda/robotics/grizzly-25-26/build/grizzly_interfaces found in: /Users/danielhuinda/robotics/grizzly-25-26/install/grizzly_interfaces/lib/libgrizzly_interfaces__rosidl_typesupport_fastrtps_c.dylib (for architecture arm64), required for specified option "-delete_rpath /Users/danielhuinda/robotics/grizzly-25-26/build/grizzly_interfaces"
[0.542s] error: /opt/anaconda3/envs/ros_env/bin/install_name_tool: no LC_RPATH load command with path: /opt/anaconda3/envs/ros_env/lib found in: /Users/danielhuinda/robotics/grizzly-25-26/install/grizzly_interfaces/lib/libgrizzly_interfaces__rosidl_typesupport_fastrtps_c.dylib (for architecture arm64), required for specified option "-delete_rpath /opt/anaconda3/envs/ros_env/lib"
[0.542s] -- Up-to-date: /Users/danielhuinda/robotics/grizzly-25-26/install/grizzly_interfaces/include/grizzly_interfaces/grizzly_interfaces
[0.542s] -- Up-to-date: /Users/danielhuinda/robotics/grizzly-25-26/install/grizzly_interfaces/include/grizzly_interfaces/grizzly_interfaces/msg
[0.542s] -- Up-to-date: /Users/danielhuinda/robotics/grizzly-25-26/install/grizzly_interfaces/include/grizzly_interfaces/grizzly_interfaces/msg/detail
[0.542s] -- Up-to-date: /Users/danielhuinda/robotics/grizzly-25-26/install/grizzly_interfaces/include/grizzly_interfaces/grizzly_interfaces/msg/detail/perception_state__rosidl_typesupport_introspection_c.h
[0.542s] -- Up-to-date: /Users/danielhuinda/robotics/grizzly-25-26/install/grizzly_interfaces/include/grizzly_interfaces/grizzly_interfaces/msg/detail/perception_state__type_support.c
[0.542s] -- Up-to-date: /Users/danielhuinda/robotics/grizzly-25-26/install/grizzly_interfaces/include/grizzly_interfaces/grizzly_interfaces/msg/rosidl_typesupport_introspection_c__visibility_control.h
[0.542s] -- Installing: /Users/danielhuinda/robotics/grizzly-25-26/install/grizzly_interfaces/lib/libgrizzly_interfaces__rosidl_typesupport_introspection_c.dylib
[0.545s] /opt/anaconda3/envs/ros_env/bin/install_name_tool: warning: changes being made to the file will invalidate the code signature in: /Users/danielhuinda/robotics/grizzly-25-26/install/grizzly_interfaces/lib/libgrizzly_interfaces__rosidl_typesupport_introspection_c.dylib
[0.546s] [cctools-port]: generating fake signature for '/Users/danielhuinda/robotics/grizzly-25-26/install/grizzly_interfaces/lib/libgrizzly_interfaces__rosidl_typesupport_introspection_c.dylib'
[0.562s] -- Installing: /Users/danielhuinda/robotics/grizzly-25-26/install/grizzly_interfaces/lib/libgrizzly_interfaces__rosidl_typesupport_c.dylib
[0.566s] /opt/anaconda3/envs/ros_env/bin/install_name_tool: warning: changes being made to the file will invalidate the code signature in: /Users/danielhuinda/robotics/grizzly-25-26/install/grizzly_interfaces/lib/libgrizzly_interfaces__rosidl_typesupport_c.dylib
[0.566s] [cctools-port]: generating fake signature for '/Users/danielhuinda/robotics/grizzly-25-26/install/grizzly_interfaces/lib/libgrizzly_interfaces__rosidl_typesupport_c.dylib'
[0.582s] -- Up-to-date: /Users/danielhuinda/robotics/grizzly-25-26/install/grizzly_interfaces/include/grizzly_interfaces/grizzly_interfaces
[0.582s] -- Up-to-date: /Users/danielhuinda/robotics/grizzly-25-26/install/grizzly_interfaces/include/grizzly_interfaces/grizzly_interfaces/msg
[0.582s] -- Up-to-date: /Users/danielhuinda/robotics/grizzly-25-26/install/grizzly_interfaces/include/grizzly_interfaces/grizzly_interfaces/msg/detail
[0.582s] -- Up-to-date: /Users/danielhuinda/robotics/grizzly-25-26/install/grizzly_interfaces/include/grizzly_interfaces/grizzly_interfaces/msg/detail/perception_state__builder.hpp
[0.582s] -- Up-to-date: /Users/danielhuinda/robotics/grizzly-25-26/install/grizzly_interfaces/include/grizzly_interfaces/grizzly_interfaces/msg/detail/perception_state__struct.hpp
[0.582s] -- Up-to-date: /Users/danielhuinda/robotics/grizzly-25-26/install/grizzly_interfaces/include/grizzly_interfaces/grizzly_interfaces/msg/detail/perception_state__type_support.hpp
[0.582s] -- Up-to-date: /Users/danielhuinda/robotics/grizzly-25-26/install/grizzly_interfaces/include/grizzly_interfaces/grizzly_interfaces/msg/detail/perception_state__traits.hpp
[0.583s] -- Up-to-date: /Users/danielhuinda/robotics/grizzly-25-26/install/grizzly_interfaces/include/grizzly_interfaces/grizzly_interfaces/msg/rosidl_generator_cpp__visibility_control.hpp
[0.583s] -- Up-to-date: /Users/danielhuinda/robotics/grizzly-25-26/install/grizzly_interfaces/include/grizzly_interfaces/grizzly_interfaces/msg/perception_state.hpp
[0.583s] -- Up-to-date: /Users/danielhuinda/robotics/grizzly-25-26/install/grizzly_interfaces/include/grizzly_interfaces/grizzly_interfaces
[0.583s] -- Up-to-date: /Users/danielhuinda/robotics/grizzly-25-26/install/grizzly_interfaces/include/grizzly_interfaces/grizzly_interfaces/msg
[0.583s] -- Up-to-date: /Users/danielhuinda/robotics/grizzly-25-26/install/grizzly_interfaces/include/grizzly_interfaces/grizzly_interfaces/msg/rosidl_typesupport_fastrtps_cpp__visibility_control.h
[0.583s] -- Up-to-date: /Users/danielhuinda/robotics/grizzly-25-26/install/grizzly_interfaces/include/grizzly_interfaces/grizzly_interfaces/msg/detail
[0.583s] -- Up-to-date: /Users/danielhuinda/robotics/grizzly-25-26/install/grizzly_interfaces/include/grizzly_interfaces/grizzly_interfaces/msg/detail/perception_state__rosidl_typesupport_fastrtps_cpp.hpp
[0.583s] -- Up-to-date: /Users/danielhuinda/robotics/grizzly-25-26/install/grizzly_interfaces/include/grizzly_interfaces/grizzly_interfaces/msg/detail/dds_fastrtps
[0.583s] -- Installing: /Users/danielhuinda/robotics/grizzly-25-26/install/grizzly_interfaces/lib/libgrizzly_interfaces__rosidl_typesupport_fastrtps_cpp.dylib
[0.586s] /opt/anaconda3/envs/ros_env/bin/install_name_tool: warning: changes being made to the file will invalidate the code signature in: /Users/danielhuinda/robotics/grizzly-25-26/install/grizzly_interfaces/lib/libgrizzly_interfaces__rosidl_typesupport_fastrtps_cpp.dylib
[0.587s] [cctools-port]: generating fake signature for '/Users/danielhuinda/robotics/grizzly-25-26/install/grizzly_interfaces/lib/libgrizzly_interfaces__rosidl_typesupport_fastrtps_cpp.dylib'
[0.605s] -- Up-to-date: /Users/danielhuinda/robotics/grizzly-25-26/install/grizzly_interfaces/include/grizzly_interfaces/grizzly_interfaces
[0.605s] -- Up-to-date: /Users/danielhuinda/robotics/grizzly-25-26/install/grizzly_interfaces/include/grizzly_interfaces/grizzly_interfaces/msg
[0.605s] -- Up-to-date: /Users/danielhuinda/robotics/grizzly-25-26/install/grizzly_interfaces/include/grizzly_interfaces/grizzly_interfaces/msg/detail
[0.605s] -- Up-to-date: /Users/danielhuinda/robotics/grizzly-25-26/install/grizzly_interfaces/include/grizzly_interfaces/grizzly_interfaces/msg/detail/perception_state__rosidl_typesupport_introspection_cpp.hpp
[0.605s] -- Up-to-date: /Users/danielhuinda/robotics/grizzly-25-26/install/grizzly_interfaces/include/grizzly_interfaces/grizzly_interfaces/msg/detail/perception_state__type_support.cpp
[0.605s] -- Installing: /Users/danielhuinda/robotics/grizzly-25-26/install/grizzly_interfaces/lib/libgrizzly_interfaces__rosidl_typesupport_introspection_cpp.dylib
[0.608s] /opt/anaconda3/envs/ros_env/bin/install_name_tool: warning: changes being made to the file will invalidate the code signature in: /Users/danielhuinda/robotics/grizzly-25-26/install/grizzly_interfaces/lib/libgrizzly_interfaces__rosidl_typesupport_introspection_cpp.dylib
[0.608s] [cctools-port]: generating fake signature for '/Users/danielhuinda/robotics/grizzly-25-26/install/grizzly_interfaces/lib/libgrizzly_interfaces__rosidl_typesupport_introspection_cpp.dylib'
[0.624s] -- Installing: /Users/danielhuinda/robotics/grizzly-25-26/install/grizzly_interfaces/lib/libgrizzly_interfaces__rosidl_typesupport_cpp.dylib
[0.627s] /opt/anaconda3/envs/ros_env/bin/install_name_tool: warning: changes being made to the file will invalidate the code signature in: /Users/danielhuinda/robotics/grizzly-25-26/install/grizzly_interfaces/lib/libgrizzly_interfaces__rosidl_typesupport_cpp.dylib
[0.628s] [cctools-port]: generating fake signature for '/Users/danielhuinda/robotics/grizzly-25-26/install/grizzly_interfaces/lib/libgrizzly_interfaces__rosidl_typesupport_cpp.dylib'
[0.643s] -- Up-to-date: /Users/danielhuinda/robotics/grizzly-25-26/install/grizzly_interfaces/share/grizzly_interfaces/environment/pythonpath.sh
[0.643s] -- Up-to-date: /Users/danielhuinda/robotics/grizzly-25-26/install/grizzly_interfaces/share/grizzly_interfaces/environment/pythonpath.dsv
[0.643s] -- Up-to-date: /Users/danielhuinda/robotics/grizzly-25-26/install/grizzly_interfaces/lib/python3.11/site-packages/grizzly_interfaces-0.1.0-py3.11.egg-info
[0.644s] -- Installing: /Users/danielhuinda/robotics/grizzly-25-26/install/grizzly_interfaces/lib/python3.11/site-packages/grizzly_interfaces-0.1.0-py3.11.egg-info/PKG-INFO
[0.644s] -- Installing: /Users/danielhuinda/robotics/grizzly-25-26/install/grizzly_interfaces/lib/python3.11/site-packages/grizzly_interfaces-0.1.0-py3.11.egg-info/SOURCES.txt
[0.644s] -- Installing: /Users/danielhuinda/robotics/grizzly-25-26/install/grizzly_interfaces/lib/python3.11/site-packages/grizzly_interfaces-0.1.0-py3.11.egg-info/top_level.txt
[0.644s] -- Installing: /Users/danielhuinda/robotics/grizzly-25-26/install/grizzly_interfaces/lib/python3.11/site-packages/grizzly_interfaces-0.1.0-py3.11.egg-info/dependency_links.txt
[0.644s] -- Up-to-date: /Users/danielhuinda/robotics/grizzly-25-26/install/grizzly_interfaces/lib/python3.11/site-packages/grizzly_interfaces
[0.644s] -- Up-to-date: /Users/danielhuinda/robotics/grizzly-25-26/install/grizzly_interfaces/lib/python3.11/site-packages/grizzly_interfaces/msg
[0.644s] -- Up-to-date: /Users/danielhuinda/robotics/grizzly-25-26/install/grizzly_interfaces/lib/python3.11/site-packages/grizzly_interfaces/msg/_perception_state.py
[0.645s] -- Up-to-date: /Users/danielhuinda/robotics/grizzly-25-26/install/grizzly_interfaces/lib/python3.11/site-packages/grizzly_interfaces/msg/__init__.py
[0.645s] -- Up-to-date: /Users/danielhuinda/robotics/grizzly-25-26/install/grizzly_interfaces/lib/python3.11/site-packages/grizzly_interfaces/msg/_perception_state_s.c
[0.645s] -- Up-to-date: /Users/danielhuinda/robotics/grizzly-25-26/install/grizzly_interfaces/lib/python3.11/site-packages/grizzly_interfaces/_grizzly_interfaces_s.ep.rosidl_typesupport_fastrtps_c.c
[0.645s] -- Up-to-date: /Users/danielhuinda/robotics/grizzly-25-26/install/grizzly_interfaces/lib/python3.11/site-packages/grizzly_interfaces/libgrizzly_interfaces__rosidl_generator_py.dylib
[0.645s] -- Up-to-date: /Users/danielhuinda/robotics/grizzly-25-26/install/grizzly_interfaces/lib/python3.11/site-packages/grizzly_interfaces/__init__.py
[0.645s] -- Up-to-date: /Users/danielhuinda/robotics/grizzly-25-26/install/grizzly_interfaces/lib/python3.11/site-packages/grizzly_interfaces/grizzly_interfaces_s__rosidl_typesupport_c.cpython-311-darwin.so
[0.645s] -- Up-to-date: /Users/danielhuinda/robotics/grizzly-25-26/install/grizzly_interfaces/lib/python3.11/site-packages/grizzly_interfaces/grizzly_interfaces_s__rosidl_typesupport_fastrtps_c.cpython-311-darwin.so
[0.645s] -- Up-to-date: /Users/danielhuinda/robotics/grizzly-25-26/install/grizzly_interfaces/lib/python3.11/site-packages/grizzly_interfaces/_grizzly_interfaces_s.ep.rosidl_typesupport_introspection_c.c
[0.645s] -- Up-to-date: /Users/danielhuinda/robotics/grizzly-25-26/install/grizzly_interfaces/lib/python3.11/site-packages/grizzly_interfaces/grizzly_interfaces_s__rosidl_typesupport_introspection_c.cpython-311-darwin.so
[0.645s] -- Up-to-date: /Users/danielhuinda/robotics/grizzly-25-26/install/grizzly_interfaces/lib/python3.11/site-packages/grizzly_interfaces/_grizzly_interfaces_s.ep.rosidl_typesupport_c.c
[0.671s] Listing 'lib/python3.11/site-packages/grizzly_interfaces'...
[0.671s] Can't list 'lib/python3.11/site-packages/grizzly_interfaces'
[0.675s] -- Up-to-date: /Users/danielhuinda/robotics/grizzly-25-26/install/grizzly_interfaces/lib/python3.11/site-packages/grizzly_interfaces/grizzly_interfaces_s__rosidl_typesupport_fastrtps_c.cpython-311-darwin.so
[0.679s] error: /opt/anaconda3/envs/ros_env/bin/install_name_tool: no LC_RPATH load command with path: /Users/danielhuinda/robotics/grizzly-25-26/build/grizzly_interfaces/rosidl_generator_py/grizzly_interfaces found in: /Users/danielhuinda/robotics/grizzly-25-26/install/grizzly_interfaces/lib/python3.11/site-packages/grizzly_interfaces/grizzly_interfaces_s__rosidl_typesupport_fastrtps_c.cpython-311-darwin.so (for architecture arm64), required for specified option "-delete_rpath /Users/danielhuinda/robotics/grizzly-25-26/build/grizzly_interfaces/rosidl_generator_py/grizzly_interfaces"
[0.679s] error: /opt/anaconda3/envs/ros_env/bin/install_name_tool: no LC_RPATH load command with path: /Users/danielhuinda/robotics/grizzly-25-26/build/grizzly_interfaces found in: /Users/danielhuinda/robotics/grizzly-25-26/install/grizzly_interfaces/lib/python3.11/site-packages/grizzly_interfaces/grizzly_interfaces_s__rosidl_typesupport_fastrtps_c.cpython-311-darwin.so (for architecture arm64), required for specified option "-delete_rpath /Users/danielhuinda/robotics/grizzly-25-26/build/grizzly_interfaces"
[0.679s] error: /opt/anaconda3/envs/ros_env/bin/install_name_tool: no LC_RPATH load command with path: /opt/anaconda3/envs/ros_env/lib found in: /Users/danielhuinda/robotics/grizzly-25-26/install/grizzly_interfaces/lib/python3.11/site-packages/grizzly_interfaces/grizzly_interfaces_s__rosidl_typesupport_fastrtps_c.cpython-311-darwin.so (for architecture arm64), required for specified option "-delete_rpath /opt/anaconda3/envs/ros_env/lib"
[0.679s] -- Up-to-date: /Users/danielhuinda/robotics/grizzly-25-26/install/grizzly_interfaces/lib/python3.11/site-packages/grizzly_interfaces/grizzly_interfaces_s__rosidl_typesupport_introspection_c.cpython-311-darwin.so
[0.682s] error: /opt/anaconda3/envs/ros_env/bin/install_name_tool: no LC_RPATH load command with path: /Users/danielhuinda/robotics/grizzly-25-26/build/grizzly_interfaces/rosidl_generator_py/grizzly_interfaces found in: /Users/danielhuinda/robotics/grizzly-25-26/install/grizzly_interfaces/lib/python3.11/site-packages/grizzly_interfaces/grizzly_interfaces_s__rosidl_typesupport_introspection_c.cpython-311-darwin.so (for architecture arm64), required for specified option "-delete_rpath /Users/danielhuinda/robotics/grizzly-25-26/build/grizzly_interfaces/rosidl_generator_py/grizzly_interfaces"
[0.682s] error: /opt/anaconda3/envs/ros_env/bin/install_name_tool: no LC_RPATH load command with path: /Users/danielhuinda/robotics/grizzly-25-26/build/grizzly_interfaces found in: /Users/danielhuinda/robotics/grizzly-25-26/install/grizzly_interfaces/lib/python3.11/site-packages/grizzly_interfaces/grizzly_interfaces_s__rosidl_typesupport_introspection_c.cpython-311-darwin.so (for architecture arm64), required for specified option "-delete_rpath /Users/danielhuinda/robotics/grizzly-25-26/build/grizzly_interfaces"
[0.682s] error: /opt/anaconda3/envs/ros_env/bin/install_name_tool: no LC_RPATH load command with path: /opt/anaconda3/envs/ros_env/lib found in: /Users/danielhuinda/robotics/grizzly-25-26/install/grizzly_interfaces/lib/python3.11/site-packages/grizzly_interfaces/grizzly_interfaces_s__rosidl_typesupport_introspection_c.cpython-311-darwin.so (for architecture arm64), required for specified option "-delete_rpath /opt/anaconda3/envs/ros_env/lib"
[0.682s] -- Up-to-date: /Users/danielhuinda/robotics/grizzly-25-26/install/grizzly_interfaces/lib/python3.11/site-packages/grizzly_interfaces/grizzly_interfaces_s__rosidl_typesupport_c.cpython-311-darwin.so
[0.686s] error: /opt/anaconda3/envs/ros_env/bin/install_name_tool: no LC_RPATH load command with path: /Users/danielhuinda/robotics/grizzly-25-26/build/grizzly_interfaces/rosidl_generator_py/grizzly_interfaces found in: /Users/danielhuinda/robotics/grizzly-25-26/install/grizzly_interfaces/lib/python3.11/site-packages/grizzly_interfaces/grizzly_interfaces_s__rosidl_typesupport_c.cpython-311-darwin.so (for architecture arm64), required for specified option "-delete_rpath /Users/danielhuinda/robotics/grizzly-25-26/build/grizzly_interfaces/rosidl_generator_py/grizzly_interfaces"
[0.686s] error: /opt/anaconda3/envs/ros_env/bin/install_name_tool: no LC_RPATH load command with path: /Users/danielhuinda/robotics/grizzly-25-26/build/grizzly_interfaces found in: /Users/danielhuinda/robotics/grizzly-25-26/install/grizzly_interfaces/lib/python3.11/site-packages/grizzly_interfaces/grizzly_interfaces_s__rosidl_typesupport_c.cpython-311-darwin.so (for architecture arm64), required for specified option "-delete_rpath /Users/danielhuinda/robotics/grizzly-25-26/build/grizzly_interfaces"
[0.686s] error: /opt/anaconda3/envs/ros_env/bin/install_name_tool: no LC_RPATH load command with path: /opt/anaconda3/envs/ros_env/lib found in: /Users/danielhuinda/robotics/grizzly-25-26/install/grizzly_interfaces/lib/python3.11/site-packages/grizzly_interfaces/grizzly_interfaces_s__rosidl_typesupport_c.cpython-311-darwin.so (for architecture arm64), required for specified option "-delete_rpath /opt/anaconda3/envs/ros_env/lib"
[0.686s] -- Up-to-date: /Users/danielhuinda/robotics/grizzly-25-26/install/grizzly_interfaces/lib/libgrizzly_interfaces__rosidl_generator_py.dylib
[0.689s] error: /opt/anaconda3/envs/ros_env/bin/install_name_tool: no LC_RPATH load command with path: /Users/danielhuinda/robotics/grizzly-25-26/build/grizzly_interfaces found in: /Users/danielhuinda/robotics/grizzly-25-26/install/grizzly_interfaces/lib/libgrizzly_interfaces__rosidl_generator_py.dylib (for architecture arm64), required for specified option "-delete_rpath /Users/danielhuinda/robotics/grizzly-25-26/build/grizzly_interfaces"
[0.689s] error: /opt/anaconda3/envs/ros_env/bin/install_name_tool: no LC_RPATH load command with path: /opt/anaconda3/envs/ros_env/lib found in: /Users/danielhuinda/robotics/grizzly-25-26/install/grizzly_interfaces/lib/libgrizzly_interfaces__rosidl_generator_py.dylib (for architecture arm64), required for specified option "-delete_rpath /opt/anaconda3/envs/ros_env/lib"
[0.689s] -- Up-to-date: /Users/danielhuinda/robotics/grizzly-25-26/install/grizzly_interfaces/share/grizzly_interfaces/msg/PerceptionState.idl
[0.689s] -- Up-to-date: /Users/danielhuinda/robotics/grizzly-25-26/install/grizzly_interfaces/share/grizzly_interfaces/msg/PerceptionState.msg
[0.689s] -- Up-to-date: /Users/danielhuinda/robotics/grizzly-25-26/install/grizzly_interfaces/share/ament_index/resource_index/package_run_dependencies/grizzly_interfaces
[0.689s] -- Up-to-date: /Users/danielhuinda/robotics/grizzly-25-26/install/grizzly_interfaces/share/ament_index/resource_index/parent_prefix_path/grizzly_interfaces
[0.689s] -- Up-to-date: /Users/danielhuinda/robotics/grizzly-25-26/install/grizzly_interfaces/share/grizzly_interfaces/environment/ament_prefix_path.sh
[0.689s] -- Up-to-date: /Users/danielhuinda/robotics/grizzly-25-26/install/grizzly_interfaces/share/grizzly_interfaces/environment/ament_prefix_path.dsv
[0.689s] -- Up-to-date: /Users/danielhuinda/robotics/grizzly-25-26/install/grizzly_interfaces/share/grizzly_interfaces/environment/path.sh
[0.690s] -- Up-to-date: /Users/danielhuinda/robotics/grizzly-25-26/install/grizzly_interfaces/share/grizzly_interfaces/environment/path.dsv
[0.690s] -- Up-to-date: /Users/danielhuinda/robotics/grizzly-25-26/install/grizzly_interfaces/share/grizzly_interfaces/local_setup.bash
[0.690s] -- Up-to-date: /Users/danielhuinda/robotics/grizzly-25-26/install/grizzly_interfaces/share/grizzly_interfaces/local_setup.sh
[0.690s] -- Up-to-date: /Users/danielhuinda/robotics/grizzly-25-26/install/grizzly_interfaces/share/grizzly_interfaces/local_setup.zsh
[0.690s] -- Up-to-date: /Users/danielhuinda/robotics/grizzly-25-26/install/grizzly_interfaces/share/grizzly_interfaces/local_setup.dsv
[0.690s] -- Up-to-date: /Users/danielhuinda/robotics/grizzly-25-26/install/grizzly_interfaces/share/grizzly_interfaces/package.dsv
[0.690s] -- Up-to-date: /Users/danielhuinda/robotics/grizzly-25-26/install/grizzly_interfaces/share/ament_index/resource_index/packages/grizzly_interfaces
[0.690s] -- Up-to-date: /Users/danielhuinda/robotics/grizzly-25-26/install/grizzly_interfaces/share/grizzly_interfaces/cmake/export_grizzly_interfaces__rosidl_generator_cExport.cmake
[0.690s] -- Up-to-date: /Users/danielhuinda/robotics/grizzly-25-26/install/grizzly_interfaces/share/grizzly_interfaces/cmake/export_grizzly_interfaces__rosidl_generator_cExport-noconfig.cmake
[0.691s] -- Up-to-date: /Users/danielhuinda/robotics/grizzly-25-26/install/grizzly_interfaces/share/grizzly_interfaces/cmake/export_grizzly_interfaces__rosidl_typesupport_fastrtps_cExport.cmake
[0.691s] -- Up-to-date: /Users/danielhuinda/robotics/grizzly-25-26/install/grizzly_interfaces/share/grizzly_interfaces/cmake/export_grizzly_interfaces__rosidl_typesupport_fastrtps_cExport-noconfig.cmake
[0.691s] -- Up-to-date: /Users/danielhuinda/robotics/grizzly-25-26/install/grizzly_interfaces/share/grizzly_interfaces/cmake/grizzly_interfaces__rosidl_typesupport_introspection_cExport.cmake
[0.691s] -- Up-to-date: /Users/danielhuinda/robotics/grizzly-25-26/install/grizzly_interfaces/share/grizzly_interfaces/cmake/grizzly_interfaces__rosidl_typesupport_introspection_cExport-noconfig.cmake
[0.691s] -- Up-to-date: /Users/danielhuinda/robotics/grizzly-25-26/install/grizzly_interfaces/share/grizzly_interfaces/cmake/grizzly_interfaces__rosidl_typesupport_cExport.cmake
[0.691s] -- Up-to-date: /Users/danielhuinda/robotics/grizzly-25-26/install/grizzly_interfaces/share/grizzly_interfaces/cmake/grizzly_interfaces__rosidl_typesupport_cExport-noconfig.cmake
[0.691s] -- Up-to-date: /Users/danielhuinda/robotics/grizzly-25-26/install/grizzly_interfaces/share/grizzly_interfaces/cmake/export_grizzly_interfaces__rosidl_generator_cppExport.cmake
[0.691s] -- Up-to-date: /Users/danielhuinda/robotics/grizzly-25-26/install/grizzly_interfaces/share/grizzly_interfaces/cmake/export_grizzly_interfaces__rosidl_typesupport_fastrtps_cppExport.cmake
[0.691s] -- Up-to-date: /Users/danielhuinda/robotics/grizzly-25-26/install/grizzly_interfaces/share/grizzly_interfaces/cmake/export_grizzly_interfaces__rosidl_typesupport_fastrtps_cppExport-noconfig.cmake
[0.692s] -- Up-to-date: /Users/danielhuinda/robotics/grizzly-25-26/install/grizzly_interfaces/share/grizzly_interfaces/cmake/grizzly_interfaces__rosidl_typesupport_introspection_cppExport.cmake
[0.692s] -- Up-to-date: /Users/danielhuinda/robotics/grizzly-25-26/install/grizzly_interfaces/share/grizzly_interfaces/cmake/grizzly_interfaces__rosidl_typesupport_introspection_cppExport-noconfig.cmake
[0.692s] -- Up-to-date: /Users/danielhuinda/robotics/grizzly-25-26/install/grizzly_interfaces/share/grizzly_interfaces/cmake/grizzly_interfaces__rosidl_typesupport_cppExport.cmake
[0.692s] -- Up-to-date: /Users/danielhuinda/robotics/grizzly-25-26/install/grizzly_interfaces/share/grizzly_interfaces/cmake/grizzly_interfaces__rosidl_typesupport_cppExport-noconfig.cmake
[0.692s] -- Up-to-date: /Users/danielhuinda/robotics/grizzly-25-26/install/grizzly_interfaces/share/grizzly_interfaces/cmake/export_grizzly_interfaces__rosidl_generator_pyExport.cmake
[0.692s] -- Up-to-date: /Users/danielhuinda/robotics/grizzly-25-26/install/grizzly_interfaces/share/grizzly_interfaces/cmake/export_grizzly_interfaces__rosidl_generator_pyExport-noconfig.cmake
[0.692s] -- Up-to-date: /Users/danielhuinda/robotics/grizzly-25-26/install/grizzly_interfaces/share/grizzly_interfaces/cmake/rosidl_cmake-extras.cmake
[0.692s] -- Up-to-date: /Users/danielhuinda/robotics/grizzly-25-26/install/grizzly_interfaces/share/grizzly_interfaces/cmake/ament_cmake_export_dependencies-extras.cmake
[0.693s] -- Up-to-date: /Users/danielhuinda/robotics/grizzly-25-26/install/grizzly_interfaces/share/grizzly_interfaces/cmake/ament_cmake_export_include_directories-extras.cmake
[0.693s] -- Up-to-date: /Users/danielhuinda/robotics/grizzly-25-26/install/grizzly_interfaces/share/grizzly_interfaces/cmake/ament_cmake_export_libraries-extras.cmake
[0.693s] -- Up-to-date: /Users/danielhuinda/robotics/grizzly-25-26/install/grizzly_interfaces/share/grizzly_interfaces/cmake/ament_cmake_export_targets-extras.cmake
[0.693s] -- Up-to-date: /Users/danielhuinda/robotics/grizzly-25-26/install/grizzly_interfaces/share/grizzly_interfaces/cmake/rosidl_cmake_export_typesupport_targets-extras.cmake
[0.693s] -- Up-to-date: /Users/danielhuinda/robotics/grizzly-25-26/install/grizzly_interfaces/share/grizzly_interfaces/cmake/rosidl_cmake_export_typesupport_libraries-extras.cmake
[0.693s] -- Up-to-date: /Users/danielhuinda/robotics/grizzly-25-26/install/grizzly_interfaces/share/grizzly_interfaces/cmake/grizzly_interfacesConfig.cmake
[0.693s] -- Up-to-date: /Users/danielhuinda/robotics/grizzly-25-26/install/grizzly_interfaces/share/grizzly_interfaces/cmake/grizzly_interfacesConfig-version.cmake
[0.693s] -- Up-to-date: /Users/danielhuinda/robotics/grizzly-25-26/install/grizzly_interfaces/share/grizzly_interfaces/package.xml
[0.695s] Invoked command in '/Users/danielhuinda/robotics/grizzly-25-26/build/grizzly_interfaces' returned '0': CONDA_PROMPT_MODIFIER=(ros_env) SHLVL=3 _=/opt/anaconda3/envs/ros_env/bin/env /opt/anaconda3/envs/ros_env/bin/cmake --install /Users/danielhuinda/robotics/grizzly-25-26/build/grizzly_interfaces
