[0.022s] Invoking command in '/Users/danielhuinda/robotics/grizzly-25-26/build/grizzly_interfaces': CMAKE_PREFIX_PATH=/opt/anaconda3/envs/ros_env CONDA_PROMPT_MODIFIER=(base) SHLVL=2 _=/opt/anaconda3/envs/ros_env/bin/env /opt/anaconda3/envs/ros_env/bin/cmake /Users/danielhuinda/robotics/grizzly-25-26/grizzly_interfaces -DCMAKE_INSTALL_PREFIX=/Users/danielhuinda/robotics/grizzly-25-26/install/grizzly_interfaces
[0.100s] CMake Deprecation Warning at CMakeLists.txt:1 (cmake_minimum_required):
[0.100s]   Compatibility with CMake < 3.10 will be removed from a future version of
[0.100s]   CMake.
[0.100s] 
[0.100s]   Update the VERSION argument <min> value.  Or, use the <min>...<max> syntax
[0.100s]   to tell CMake that the project requires at least <min> but has been updated
[0.100s]   to work with policies introduced by <max> or earlier.
[0.100s] 
[0.100s] 
[0.495s] -- The C compiler identification is AppleClang 17.0.0.17000319
[1.432s] -- The CXX compiler identification is AppleClang 17.0.0.17000319
[1.444s] -- Detecting C compiler ABI info
[1.623s] -- Detecting C compiler ABI info - done
[1.638s] -- Check for working C compiler: /usr/bin/cc - skipped
[1.638s] -- Detecting C compile features
[1.639s] -- Detecting C compile features - done
[1.646s] -- Detecting CXX compiler ABI info
[1.805s] -- Detecting CXX compiler ABI info - done
[1.820s] -- Check for working CXX compiler: /usr/bin/c++ - skipped
[1.820s] -- Detecting CXX compile features
[1.821s] -- Detecting CXX compile features - done
[1.833s] -- Found ament_cmake: 1.3.12 (/opt/anaconda3/envs/ros_env/share/ament_cmake/cmake)
[1.949s] -- Found Python3: /opt/anaconda3/envs/ros_env/bin/python3 (found version "3.11.14") found components: Interpreter
[2.139s] -- Found rosidl_default_generators: 1.2.0 (/opt/anaconda3/envs/ros_env/share/rosidl_default_generators/cmake)
[2.149s] -- Using all available rosidl_typesupport_c: rosidl_typesupport_fastrtps_c;rosidl_typesupport_introspection_c
[2.177s] -- Found rosidl_adapter: 3.1.6 (/opt/anaconda3/envs/ros_env/share/rosidl_adapter/cmake)
[2.290s] -- Using all available rosidl_typesupport_cpp: rosidl_typesupport_fastrtps_cpp;rosidl_typesupport_introspection_cpp
[2.384s] -- Found std_msgs: 4.9.0 (/opt/anaconda3/envs/ros_env/share/std_msgs/cmake)
[2.449s] -- Found geometry_msgs: 4.9.0 (/opt/anaconda3/envs/ros_env/share/geometry_msgs/cmake)
[2.477s] -- Found nav_msgs: 4.9.0 (/opt/anaconda3/envs/ros_env/share/nav_msgs/cmake)
[2.715s] CMake Error at /opt/anaconda3/envs/ros_env/share/rosidl_cmake/cmake/rosidl_generate_interfaces.cmake:229 (message):
[2.715s]   Packages installing interfaces must include
[2.715s]   '<member_of_group>rosidl_interface_packages</member_of_group>' in their
[2.715s]   package.xml
[2.715s] Call Stack (most recent call first):
[2.715s]   CMakeLists.txt:11 (rosidl_generate_interfaces)
[2.715s] 
[2.715s] 
[2.715s] -- Configuring incomplete, errors occurred!
[2.721s] Invoked command in '/Users/danielhuinda/robotics/grizzly-25-26/build/grizzly_interfaces' returned '1': CMAKE_PREFIX_PATH=/opt/anaconda3/envs/ros_env CONDA_PROMPT_MODIFIER=(base) SHLVL=2 _=/opt/anaconda3/envs/ros_env/bin/env /opt/anaconda3/envs/ros_env/bin/cmake /Users/danielhuinda/robotics/grizzly-25-26/grizzly_interfaces -DCMAKE_INSTALL_PREFIX=/Users/danielhuinda/robotics/grizzly-25-26/install/grizzly_interfaces
