[0.130s] colcon DEBUG Command line arguments: ['/opt/anaconda3/envs/ros_env/bin/colcon', 'build', '--packages-select', 'grizzly_interfaces', '--cmake-args', '-DPython_EXECUTABLE=/opt/anaconda3/envs/ros_env/bin/python', '-DPython_INCLUDE_DIR=/opt/anaconda3/envs/ros_env/include/python3.11', '-DPython_LIBRARY=/opt/anaconda3/envs/ros_env/lib/libpython3.11.dylib']
[0.130s] colcon DEBUG Parsed command line arguments: Namespace(log_base=None, log_level=None, verb_name='build', build_base='build', install_base='install', merge_install=False, symlink_install=False, test_result_base=None, continue_on_error=False, executor='parallel', parallel_workers=12, event_handlers=None, ignore_user_meta=False, metas=['./colcon.meta'], base_paths=['.'], packages_ignore=None, packages_ignore_regex=None, paths=None, packages_up_to=None, packages_up_to_regex=None, packages_above=None, packages_above_and_dependencies=None, packages_above_depth=None, packages_select_by_dep=None, packages_skip_by_dep=None, packages_skip_up_to=None, packages_select_build_failed=False, packages_skip_build_finished=False, packages_select_test_failures=False, packages_skip_test_passed=False, packages_select=['grizzly_interfaces'], packages_skip=None, packages_select_regex=None, packages_skip_regex=None, packages_start=None, packages_end=None, cmake_args=['-DPython_EXECUTABLE=/opt/anaconda3/envs/ros_env/bin/python', '-DPython_INCLUDE_DIR=/opt/anaconda3/envs/ros_env/include/python3.11', '-DPython_LIBRARY=/opt/anaconda3/envs/ros_env/lib/libpython3.11.dylib'], cmake_target=None, cmake_target_skip_unavailable=False, cmake_clean_cache=False, cmake_clean_first=False, cmake_force_configure=False, ament_cmake_args=None, catkin_cmake_args=None, catkin_skip_building_tests=False, verb_parser=<colcon_defaults.argument_parser.defaults.DefaultArgumentsDecorator object at 0x105815b90>, verb_extension=<colcon_core.verb.build.BuildVerb object at 0x105815490>, main=<bound method BuildVerb.main of <colcon_core.verb.build.BuildVerb object at 0x105815490>>)
[0.162s] colcon.colcon_core.package_discovery Level 1 discover_packages(colcon_meta) check parameters
[0.162s] colcon.colcon_core.package_discovery Level 1 discover_packages(recursive) check parameters
[0.162s] colcon.colcon_core.package_discovery Level 1 discover_packages(ignore) check parameters
[0.162s] colcon.colcon_core.package_discovery Level 1 discover_packages(path) check parameters
[0.162s] colcon.colcon_core.package_discovery Level 1 discover_packages(colcon_meta) discover
[0.163s] colcon.colcon_core.package_discovery Level 1 discover_packages(recursive) discover
[0.163s] colcon.colcon_core.package_discovery INFO Crawling recursively for packages in '/Users/danielhuinda/robotics/grizzly-25-26'
[0.163s] colcon.colcon_core.package_identification Level 1 _identify(.) by extensions ['ignore', 'ignore_ament_install']
[0.163s] colcon.colcon_core.package_identification Level 1 _identify(.) by extension 'ignore'
[0.163s] colcon.colcon_core.package_identification Level 1 _identify(.) by extension 'ignore_ament_install'
[0.163s] colcon.colcon_core.package_identification Level 1 _identify(.) by extensions ['colcon_pkg']
[0.163s] colcon.colcon_core.package_identification Level 1 _identify(.) by extension 'colcon_pkg'
[0.163s] colcon.colcon_core.package_identification Level 1 _identify(.) by extensions ['colcon_meta']
[0.163s] colcon.colcon_core.package_identification Level 1 _identify(.) by extension 'colcon_meta'
[0.163s] colcon.colcon_core.package_identification Level 1 _identify(.) by extensions ['ros']
[0.163s] colcon.colcon_core.package_identification Level 1 _identify(.) by extension 'ros'
[0.176s] colcon.colcon_core.package_identification Level 1 _identify(.) by extensions ['cmake', 'python']
[0.177s] colcon.colcon_core.package_identification Level 1 _identify(.) by extension 'cmake'
[0.177s] colcon.colcon_core.package_identification Level 1 _identify(.) by extension 'python'
[0.177s] colcon.colcon_core.package_identification Level 1 _identify(.) by extensions ['python_setup_py']
[0.177s] colcon.colcon_core.package_identification Level 1 _identify(.) by extension 'python_setup_py'
[0.177s] colcon.colcon_core.package_identification Level 1 _identify(build) by extensions ['ignore', 'ignore_ament_install']
[0.177s] colcon.colcon_core.package_identification Level 1 _identify(build) by extension 'ignore'
[0.177s] colcon.colcon_core.package_identification Level 1 _identify(build) ignored
[0.177s] colcon.colcon_core.package_identification Level 1 _identify(grizzly_interfaces) by extensions ['ignore', 'ignore_ament_install']
[0.177s] colcon.colcon_core.package_identification Level 1 _identify(grizzly_interfaces) by extension 'ignore'
[0.177s] colcon.colcon_core.package_identification Level 1 _identify(grizzly_interfaces) by extension 'ignore_ament_install'
[0.177s] colcon.colcon_core.package_identification Level 1 _identify(grizzly_interfaces) by extensions ['colcon_pkg']
[0.177s] colcon.colcon_core.package_identification Level 1 _identify(grizzly_interfaces) by extension 'colcon_pkg'
[0.177s] colcon.colcon_core.package_identification Level 1 _identify(grizzly_interfaces) by extensions ['colcon_meta']
[0.177s] colcon.colcon_core.package_identification Level 1 _identify(grizzly_interfaces) by extension 'colcon_meta'
[0.177s] colcon.colcon_core.package_identification Level 1 _identify(grizzly_interfaces) by extensions ['ros']
[0.177s] colcon.colcon_core.package_identification Level 1 _identify(grizzly_interfaces) by extension 'ros'
[0.178s] colcon.colcon_core.package_identification DEBUG Package 'grizzly_interfaces' with type 'ros.ament_cmake' and name 'grizzly_interfaces'
[0.178s] colcon.colcon_core.package_identification Level 1 _identify(grizzly_stack) by extensions ['ignore', 'ignore_ament_install']
[0.178s] colcon.colcon_core.package_identification Level 1 _identify(grizzly_stack) by extension 'ignore'
[0.178s] colcon.colcon_core.package_identification Level 1 _identify(grizzly_stack) by extension 'ignore_ament_install'
[0.178s] colcon.colcon_core.package_identification Level 1 _identify(grizzly_stack) by extensions ['colcon_pkg']
[0.178s] colcon.colcon_core.package_identification Level 1 _identify(grizzly_stack) by extension 'colcon_pkg'
[0.178s] colcon.colcon_core.package_identification Level 1 _identify(grizzly_stack) by extensions ['colcon_meta']
[0.178s] colcon.colcon_core.package_identification Level 1 _identify(grizzly_stack) by extension 'colcon_meta'
[0.178s] colcon.colcon_core.package_identification Level 1 _identify(grizzly_stack) by extensions ['ros']
[0.178s] colcon.colcon_core.package_identification Level 1 _identify(grizzly_stack) by extension 'ros'
[0.179s] colcon.colcon_core.package_identification DEBUG Package 'grizzly_stack' with type 'ros.ament_python' and name 'grizzly_stack'
[0.179s] colcon.colcon_core.package_identification Level 1 _identify(install) by extensions ['ignore', 'ignore_ament_install']
[0.179s] colcon.colcon_core.package_identification Level 1 _identify(install) by extension 'ignore'
[0.179s] colcon.colcon_core.package_identification Level 1 _identify(install) ignored
[0.179s] colcon.colcon_core.package_identification Level 1 _identify(log) by extensions ['ignore', 'ignore_ament_install']
[0.179s] colcon.colcon_core.package_identification Level 1 _identify(log) by extension 'ignore'
[0.179s] colcon.colcon_core.package_identification Level 1 _identify(log) ignored
[0.179s] colcon.colcon_core.package_discovery Level 1 discover_packages(recursive) using defaults
[0.179s] colcon.colcon_core.package_discovery Level 1 discover_packages(ignore) discover
[0.179s] colcon.colcon_core.package_discovery Level 1 discover_packages(ignore) using defaults
[0.179s] colcon.colcon_core.package_discovery Level 1 discover_packages(path) discover
[0.179s] colcon.colcon_core.package_discovery Level 1 discover_packages(path) using defaults
[0.191s] colcon.colcon_core.package_selection INFO Skipping not selected package 'grizzly_stack' in 'grizzly_stack'
[0.191s] colcon.colcon_core.verb Level 5 set package 'grizzly_interfaces' build argument 'cmake_args' from command line to '['-DPython_EXECUTABLE=/opt/anaconda3/envs/ros_env/bin/python', '-DPython_INCLUDE_DIR=/opt/anaconda3/envs/ros_env/include/python3.11', '-DPython_LIBRARY=/opt/anaconda3/envs/ros_env/lib/libpython3.11.dylib']'
[0.191s] colcon.colcon_core.verb Level 5 set package 'grizzly_interfaces' build argument 'cmake_target' from command line to 'None'
[0.191s] colcon.colcon_core.verb Level 5 set package 'grizzly_interfaces' build argument 'cmake_target_skip_unavailable' from command line to 'False'
[0.191s] colcon.colcon_core.verb Level 5 set package 'grizzly_interfaces' build argument 'cmake_clean_cache' from command line to 'False'
[0.191s] colcon.colcon_core.verb Level 5 set package 'grizzly_interfaces' build argument 'cmake_clean_first' from command line to 'False'
[0.191s] colcon.colcon_core.verb Level 5 set package 'grizzly_interfaces' build argument 'cmake_force_configure' from command line to 'False'
[0.191s] colcon.colcon_core.verb Level 5 set package 'grizzly_interfaces' build argument 'ament_cmake_args' from command line to 'None'
[0.191s] colcon.colcon_core.verb Level 5 set package 'grizzly_interfaces' build argument 'catkin_cmake_args' from command line to 'None'
[0.191s] colcon.colcon_core.verb Level 5 set package 'grizzly_interfaces' build argument 'catkin_skip_building_tests' from command line to 'False'
[0.191s] colcon.colcon_core.verb DEBUG Building package 'grizzly_interfaces' with the following arguments: {'ament_cmake_args': None, 'build_base': '/Users/danielhuinda/robotics/grizzly-25-26/build/grizzly_interfaces', 'catkin_cmake_args': None, 'catkin_skip_building_tests': False, 'cmake_args': ['-DPython_EXECUTABLE=/opt/anaconda3/envs/ros_env/bin/python', '-DPython_INCLUDE_DIR=/opt/anaconda3/envs/ros_env/include/python3.11', '-DPython_LIBRARY=/opt/anaconda3/envs/ros_env/lib/libpython3.11.dylib'], 'cmake_clean_cache': False, 'cmake_clean_first': False, 'cmake_force_configure': False, 'cmake_target': None, 'cmake_target_skip_unavailable': False, 'install_base': '/Users/danielhuinda/robotics/grizzly-25-26/install/grizzly_interfaces', 'merge_install': False, 'path': '/Users/danielhuinda/robotics/grizzly-25-26/grizzly_interfaces', 'symlink_install': False, 'test_result_base': None}
[0.191s] colcon.colcon_core.executor INFO Executing jobs using 'parallel' executor
[0.192s] colcon.colcon_parallel_executor.executor.parallel DEBUG run_until_complete
[0.192s] colcon.colcon_ros.task.ament_cmake.build INFO Building ROS package in '/Users/danielhuinda/robotics/grizzly-25-26/grizzly_interfaces' with build type 'ament_cmake'
[0.192s] colcon.colcon_cmake.task.cmake.build INFO Building CMake package in '/Users/danielhuinda/robotics/grizzly-25-26/grizzly_interfaces'
[0.194s] colcon.colcon_core.plugin_system INFO Skipping extension 'colcon_core.shell.bat': Not used on non-Windows systems
[0.194s] colcon.colcon_core.shell INFO Skip shell extension 'powershell' for command environment: Not usable outside of PowerShell
[0.194s] colcon.colcon_core.shell DEBUG Skip shell extension 'dsv' for command environment
[0.213s] colcon.colcon_core.event_handler.log_command DEBUG Invoking command in '/Users/danielhuinda/robotics/grizzly-25-26/build/grizzly_interfaces': CMAKE_PREFIX_PATH=/opt/anaconda3/envs/ros_env CONDA_PROMPT_MODIFIER=(base) SHLVL=2 _=/opt/anaconda3/envs/ros_env/bin/env /opt/anaconda3/envs/ros_env/bin/cmake /Users/danielhuinda/robotics/grizzly-25-26/grizzly_interfaces -DPython_EXECUTABLE=/opt/anaconda3/envs/ros_env/bin/python -DPython_INCLUDE_DIR=/opt/anaconda3/envs/ros_env/include/python3.11 -DPython_LIBRARY=/opt/anaconda3/envs/ros_env/lib/libpython3.11.dylib -DCMAKE_INSTALL_PREFIX=/Users/danielhuinda/robotics/grizzly-25-26/install/grizzly_interfaces
[2.207s] colcon.colcon_core.event_handler.log_command DEBUG Invoked command in '/Users/danielhuinda/robotics/grizzly-25-26/build/grizzly_interfaces' returned '0': CMAKE_PREFIX_PATH=/opt/anaconda3/envs/ros_env CONDA_PROMPT_MODIFIER=(base) SHLVL=2 _=/opt/anaconda3/envs/ros_env/bin/env /opt/anaconda3/envs/ros_env/bin/cmake /Users/danielhuinda/robotics/grizzly-25-26/grizzly_interfaces -DPython_EXECUTABLE=/opt/anaconda3/envs/ros_env/bin/python -DPython_INCLUDE_DIR=/opt/anaconda3/envs/ros_env/include/python3.11 -DPython_LIBRARY=/opt/anaconda3/envs/ros_env/lib/libpython3.11.dylib -DCMAKE_INSTALL_PREFIX=/Users/danielhuinda/robotics/grizzly-25-26/install/grizzly_interfaces
[2.209s] colcon.colcon_core.event_handler.log_command DEBUG Invoking command in '/Users/danielhuinda/robotics/grizzly-25-26/build/grizzly_interfaces': CMAKE_PREFIX_PATH=/opt/anaconda3/envs/ros_env CONDA_PROMPT_MODIFIER=(base) SHLVL=2 _=/opt/anaconda3/envs/ros_env/bin/env /opt/anaconda3/envs/ros_env/bin/cmake --build /Users/danielhuinda/robotics/grizzly-25-26/build/grizzly_interfaces -- -j12 -l12
[4.012s] colcon.colcon_core.event_handler.log_command DEBUG Invoked command in '/Users/danielhuinda/robotics/grizzly-25-26/build/grizzly_interfaces' returned '0': CMAKE_PREFIX_PATH=/opt/anaconda3/envs/ros_env CONDA_PROMPT_MODIFIER=(base) SHLVL=2 _=/opt/anaconda3/envs/ros_env/bin/env /opt/anaconda3/envs/ros_env/bin/cmake --build /Users/danielhuinda/robotics/grizzly-25-26/build/grizzly_interfaces -- -j12 -l12
[4.028s] colcon.colcon_core.event_handler.log_command DEBUG Invoking command in '/Users/danielhuinda/robotics/grizzly-25-26/build/grizzly_interfaces': CMAKE_PREFIX_PATH=/opt/anaconda3/envs/ros_env CONDA_PROMPT_MODIFIER=(base) SHLVL=2 _=/opt/anaconda3/envs/ros_env/bin/env /opt/anaconda3/envs/ros_env/bin/cmake --install /Users/danielhuinda/robotics/grizzly-25-26/build/grizzly_interfaces
[4.316s] colcon.colcon_core.environment Level 1 create_environment_scripts_only(grizzly_interfaces)
[4.316s] colcon.colcon_core.event_handler.log_command DEBUG Invoked command in '/Users/danielhuinda/robotics/grizzly-25-26/build/grizzly_interfaces' returned '0': CMAKE_PREFIX_PATH=/opt/anaconda3/envs/ros_env CONDA_PROMPT_MODIFIER=(base) SHLVL=2 _=/opt/anaconda3/envs/ros_env/bin/env /opt/anaconda3/envs/ros_env/bin/cmake --install /Users/danielhuinda/robotics/grizzly-25-26/build/grizzly_interfaces
[4.319s] colcon.colcon_core.environment Level 1 checking '/Users/danielhuinda/robotics/grizzly-25-26/install/grizzly_interfaces' for CMake module files
[4.320s] colcon.colcon_core.environment Level 1 checking '/Users/danielhuinda/robotics/grizzly-25-26/install/grizzly_interfaces' for CMake config files
[4.320s] colcon.colcon_core.shell Level 1 create_environment_hook('grizzly_interfaces', 'cmake_prefix_path')
[4.320s] colcon.colcon_core.shell INFO Creating environment hook '/Users/danielhuinda/robotics/grizzly-25-26/install/grizzly_interfaces/share/grizzly_interfaces/hook/cmake_prefix_path.ps1'
[4.321s] colcon.colcon_core.shell INFO Creating environment descriptor '/Users/danielhuinda/robotics/grizzly-25-26/install/grizzly_interfaces/share/grizzly_interfaces/hook/cmake_prefix_path.dsv'
[4.321s] colcon.colcon_core.shell INFO Creating environment hook '/Users/danielhuinda/robotics/grizzly-25-26/install/grizzly_interfaces/share/grizzly_interfaces/hook/cmake_prefix_path.sh'
[4.322s] colcon.colcon_core.environment Level 1 checking '/Users/danielhuinda/robotics/grizzly-25-26/install/grizzly_interfaces/lib'
[4.322s] colcon.colcon_core.shell Level 1 create_environment_hook('grizzly_interfaces', 'dyld_library_path')
[4.322s] colcon.colcon_core.shell INFO Creating environment hook '/Users/danielhuinda/robotics/grizzly-25-26/install/grizzly_interfaces/share/grizzly_interfaces/hook/dyld_library_path.ps1'
[4.322s] colcon.colcon_core.shell INFO Creating environment descriptor '/Users/danielhuinda/robotics/grizzly-25-26/install/grizzly_interfaces/share/grizzly_interfaces/hook/dyld_library_path.dsv'
[4.322s] colcon.colcon_core.shell INFO Creating environment hook '/Users/danielhuinda/robotics/grizzly-25-26/install/grizzly_interfaces/share/grizzly_interfaces/hook/dyld_library_path.sh'
[4.323s] colcon.colcon_core.environment Level 1 checking '/Users/danielhuinda/robotics/grizzly-25-26/install/grizzly_interfaces/bin'
[4.323s] colcon.colcon_core.environment Level 1 checking '/Users/danielhuinda/robotics/grizzly-25-26/install/grizzly_interfaces/lib/pkgconfig/grizzly_interfaces.pc'
[4.323s] colcon.colcon_core.environment Level 1 checking '/Users/danielhuinda/robotics/grizzly-25-26/install/grizzly_interfaces/lib/python3.11/site-packages'
[4.323s] colcon.colcon_core.shell Level 1 create_environment_hook('grizzly_interfaces', 'pythonpath')
[4.323s] colcon.colcon_core.shell INFO Creating environment hook '/Users/danielhuinda/robotics/grizzly-25-26/install/grizzly_interfaces/share/grizzly_interfaces/hook/pythonpath.ps1'
[4.323s] colcon.colcon_core.shell INFO Creating environment descriptor '/Users/danielhuinda/robotics/grizzly-25-26/install/grizzly_interfaces/share/grizzly_interfaces/hook/pythonpath.dsv'
[4.323s] colcon.colcon_core.shell INFO Creating environment hook '/Users/danielhuinda/robotics/grizzly-25-26/install/grizzly_interfaces/share/grizzly_interfaces/hook/pythonpath.sh'
[4.324s] colcon.colcon_core.environment Level 1 checking '/Users/danielhuinda/robotics/grizzly-25-26/install/grizzly_interfaces/bin'
[4.324s] colcon.colcon_core.shell INFO Creating package script '/Users/danielhuinda/robotics/grizzly-25-26/install/grizzly_interfaces/share/grizzly_interfaces/package.ps1'
[4.325s] colcon.colcon_core.shell INFO Creating package descriptor '/Users/danielhuinda/robotics/grizzly-25-26/install/grizzly_interfaces/share/grizzly_interfaces/package.dsv'
[4.325s] colcon.colcon_core.shell INFO Creating package script '/Users/danielhuinda/robotics/grizzly-25-26/install/grizzly_interfaces/share/grizzly_interfaces/package.sh'
[4.326s] colcon.colcon_core.shell INFO Creating package script '/Users/danielhuinda/robotics/grizzly-25-26/install/grizzly_interfaces/share/grizzly_interfaces/package.bash'
[4.326s] colcon.colcon_core.shell INFO Creating package script '/Users/danielhuinda/robotics/grizzly-25-26/install/grizzly_interfaces/share/grizzly_interfaces/package.zsh'
[4.327s] colcon.colcon_core.environment Level 1 create_file_with_runtime_dependencies(/Users/danielhuinda/robotics/grizzly-25-26/install/grizzly_interfaces/share/colcon-core/packages/grizzly_interfaces)
[4.327s] colcon.colcon_core.environment Level 1 create_environment_scripts_only(grizzly_interfaces)
[4.327s] colcon.colcon_core.environment Level 1 checking '/Users/danielhuinda/robotics/grizzly-25-26/install/grizzly_interfaces' for CMake module files
[4.328s] colcon.colcon_core.environment Level 1 checking '/Users/danielhuinda/robotics/grizzly-25-26/install/grizzly_interfaces' for CMake config files
[4.328s] colcon.colcon_core.shell Level 1 create_environment_hook('grizzly_interfaces', 'cmake_prefix_path')
[4.328s] colcon.colcon_core.shell INFO Creating environment hook '/Users/danielhuinda/robotics/grizzly-25-26/install/grizzly_interfaces/share/grizzly_interfaces/hook/cmake_prefix_path.ps1'
[4.328s] colcon.colcon_core.shell INFO Creating environment descriptor '/Users/danielhuinda/robotics/grizzly-25-26/install/grizzly_interfaces/share/grizzly_interfaces/hook/cmake_prefix_path.dsv'
[4.329s] colcon.colcon_core.shell INFO Creating environment hook '/Users/danielhuinda/robotics/grizzly-25-26/install/grizzly_interfaces/share/grizzly_interfaces/hook/cmake_prefix_path.sh'
[4.329s] colcon.colcon_core.environment Level 1 checking '/Users/danielhuinda/robotics/grizzly-25-26/install/grizzly_interfaces/lib'
[4.329s] colcon.colcon_core.shell Level 1 create_environment_hook('grizzly_interfaces', 'dyld_library_path')
[4.329s] colcon.colcon_core.shell INFO Creating environment hook '/Users/danielhuinda/robotics/grizzly-25-26/install/grizzly_interfaces/share/grizzly_interfaces/hook/dyld_library_path.ps1'
[4.329s] colcon.colcon_core.shell INFO Creating environment descriptor '/Users/danielhuinda/robotics/grizzly-25-26/install/grizzly_interfaces/share/grizzly_interfaces/hook/dyld_library_path.dsv'
[4.329s] colcon.colcon_core.shell INFO Creating environment hook '/Users/danielhuinda/robotics/grizzly-25-26/install/grizzly_interfaces/share/grizzly_interfaces/hook/dyld_library_path.sh'
[4.329s] colcon.colcon_core.environment Level 1 checking '/Users/danielhuinda/robotics/grizzly-25-26/install/grizzly_interfaces/bin'
[4.329s] colcon.colcon_core.environment Level 1 checking '/Users/danielhuinda/robotics/grizzly-25-26/install/grizzly_interfaces/lib/pkgconfig/grizzly_interfaces.pc'
[4.330s] colcon.colcon_core.environment Level 1 checking '/Users/danielhuinda/robotics/grizzly-25-26/install/grizzly_interfaces/lib/python3.11/site-packages'
[4.330s] colcon.colcon_core.shell Level 1 create_environment_hook('grizzly_interfaces', 'pythonpath')
[4.330s] colcon.colcon_core.shell INFO Creating environment hook '/Users/danielhuinda/robotics/grizzly-25-26/install/grizzly_interfaces/share/grizzly_interfaces/hook/pythonpath.ps1'
[4.330s] colcon.colcon_core.shell INFO Creating environment descriptor '/Users/danielhuinda/robotics/grizzly-25-26/install/grizzly_interfaces/share/grizzly_interfaces/hook/pythonpath.dsv'
[4.330s] colcon.colcon_core.shell INFO Creating environment hook '/Users/danielhuinda/robotics/grizzly-25-26/install/grizzly_interfaces/share/grizzly_interfaces/hook/pythonpath.sh'
[4.330s] colcon.colcon_core.environment Level 1 checking '/Users/danielhuinda/robotics/grizzly-25-26/install/grizzly_interfaces/bin'
[4.330s] colcon.colcon_core.shell INFO Creating package script '/Users/danielhuinda/robotics/grizzly-25-26/install/grizzly_interfaces/share/grizzly_interfaces/package.ps1'
[4.331s] colcon.colcon_core.shell INFO Creating package descriptor '/Users/danielhuinda/robotics/grizzly-25-26/install/grizzly_interfaces/share/grizzly_interfaces/package.dsv'
[4.331s] colcon.colcon_core.shell INFO Creating package script '/Users/danielhuinda/robotics/grizzly-25-26/install/grizzly_interfaces/share/grizzly_interfaces/package.sh'
[4.331s] colcon.colcon_core.shell INFO Creating package script '/Users/danielhuinda/robotics/grizzly-25-26/install/grizzly_interfaces/share/grizzly_interfaces/package.bash'
[4.331s] colcon.colcon_core.shell INFO Creating package script '/Users/danielhuinda/robotics/grizzly-25-26/install/grizzly_interfaces/share/grizzly_interfaces/package.zsh'
[4.332s] colcon.colcon_core.environment Level 1 create_file_with_runtime_dependencies(/Users/danielhuinda/robotics/grizzly-25-26/install/grizzly_interfaces/share/colcon-core/packages/grizzly_interfaces)
[4.332s] colcon.colcon_parallel_executor.executor.parallel DEBUG closing loop
[4.332s] colcon.colcon_parallel_executor.executor.parallel DEBUG loop closed
[4.332s] colcon.colcon_parallel_executor.executor.parallel DEBUG run_until_complete finished with '0'
[4.332s] colcon.colcon_core.event_reactor DEBUG joining thread
[4.332s] colcon.colcon_core.event_reactor DEBUG joined thread
[4.332s] colcon.colcon_core.shell INFO Creating prefix script '/Users/danielhuinda/robotics/grizzly-25-26/install/local_setup.ps1'
[4.333s] colcon.colcon_core.shell INFO Creating prefix util module '/Users/danielhuinda/robotics/grizzly-25-26/install/_local_setup_util_ps1.py'
[4.334s] colcon.colcon_core.shell INFO Creating prefix chain script '/Users/danielhuinda/robotics/grizzly-25-26/install/setup.ps1'
[4.335s] colcon.colcon_core.shell INFO Creating prefix script '/Users/danielhuinda/robotics/grizzly-25-26/install/local_setup.sh'
[4.335s] colcon.colcon_core.shell INFO Creating prefix util module '/Users/danielhuinda/robotics/grizzly-25-26/install/_local_setup_util_sh.py'
[4.336s] colcon.colcon_core.shell INFO Creating prefix chain script '/Users/danielhuinda/robotics/grizzly-25-26/install/setup.sh'
[4.336s] colcon.colcon_core.shell INFO Creating prefix script '/Users/danielhuinda/robotics/grizzly-25-26/install/local_setup.bash'
[4.337s] colcon.colcon_core.shell INFO Creating prefix chain script '/Users/danielhuinda/robotics/grizzly-25-26/install/setup.bash'
[4.337s] colcon.colcon_core.shell INFO Creating prefix script '/Users/danielhuinda/robotics/grizzly-25-26/install/local_setup.zsh'
[4.337s] colcon.colcon_core.shell INFO Creating prefix chain script '/Users/danielhuinda/robotics/grizzly-25-26/install/setup.zsh'
