-- The C compiler identification is Clang 19.1.7
-- The CXX compiler identification is Clang 19.1.7
-- Detecting C compiler ABI info
-- Detecting C compiler ABI info - done
-- Check for working C compiler: /opt/anaconda3/envs/ros_env/bin/arm64-apple-darwin20.0.0-clang - skipped
-- Detecting C compile features
-- Detecting C compile features - done
-- Detecting CXX compiler ABI info
-- Detecting CXX compiler ABI info - done
-- Check for working CXX compiler: /opt/anaconda3/envs/ros_env/bin/arm64-apple-darwin20.0.0-clang++ - skipped
-- Detecting CXX compile features
-- Detecting CXX compile features - done
-- Found ament_cmake: 1.3.12 (/opt/anaconda3/envs/ros_env/share/ament_cmake/cmake)
-- Found Python3: /opt/anaconda3/envs/ros_env/bin/python3 (found version "3.11.14") found components: Interpreter
-- Found rosidl_default_generators: 1.2.0 (/opt/anaconda3/envs/ros_env/share/rosidl_default_generators/cmake)
-- Using all available rosidl_typesupport_c: rosidl_typesupport_fastrtps_c;rosidl_typesupport_introspection_c
-- Found rosidl_adapter: 3.1.6 (/opt/anaconda3/envs/ros_env/share/rosidl_adapter/cmake)
-- Using all available rosidl_typesupport_cpp: rosidl_typesupport_fastrtps_cpp;rosidl_typesupport_introspection_cpp
-- Found std_msgs: 4.9.0 (/opt/anaconda3/envs/ros_env/share/std_msgs/cmake)
-- Found geometry_msgs: 4.9.0 (/opt/anaconda3/envs/ros_env/share/geometry_msgs/cmake)
-- Found nav_msgs: 4.9.0 (/opt/anaconda3/envs/ros_env/share/nav_msgs/cmake)
-- Configuring incomplete, errors occurred!
