[0.021s] Invoking command in '/Users/danielhuinda/robotics/grizzly-25-26/build/grizzly_interfaces': CONDA_PROMPT_MODIFIER=(ros_env) SHLVL=2 _=/opt/anaconda3/envs/ros_env/bin/env /opt/anaconda3/envs/ros_env/bin/cmake /Users/danielhuinda/robotics/grizzly-25-26/grizzly_interfaces -DCMAKE_INSTALL_PREFIX=/Users/danielhuinda/robotics/grizzly-25-26/install/grizzly_interfaces
[0.085s] CMake Deprecation Warning at CMakeLists.txt:1 (cmake_minimum_required):
[0.085s]   Compatibility with CMake < 3.10 will be removed from a future version of
[0.086s]   CMake.
[0.086s] 
[0.086s]   Update the VERSION argument <min> value.  Or, use the <min>...<max> syntax
[0.086s]   to tell CMake that the project requires at least <min> but has been updated
[0.086s]   to work with policies introduced by <max> or earlier.
[0.086s] 
[0.086s] 
[0.535s] -- The C compiler identification is Clang 19.1.7
[0.715s] -- The CXX compiler identification is Clang 19.1.7
[0.751s] -- Detecting C compiler ABI info
[0.931s] -- Detecting C compiler ABI info - done
[0.937s] -- Check for working C compiler: /opt/anaconda3/envs/ros_env/bin/arm64-apple-darwin20.0.0-clang - skipped
[0.938s] -- Detecting C compile features
[0.939s] -- Detecting C compile features - done
[0.946s] -- Detecting CXX compiler ABI info
[1.125s] -- Detecting CXX compiler ABI info - done
[1.132s] -- Check for working CXX compiler: /opt/anaconda3/envs/ros_env/bin/arm64-apple-darwin20.0.0-clang++ - skipped
[1.132s] -- Detecting CXX compile features
[1.133s] -- Detecting CXX compile features - done
[1.147s] -- Found ament_cmake: 1.3.12 (/opt/anaconda3/envs/ros_env/share/ament_cmake/cmake)
[1.254s] -- Found Python3: /opt/anaconda3/envs/ros_env/bin/python3 (found version "3.11.14") found components: Interpreter
[1.447s] -- Found rosidl_default_generators: 1.2.0 (/opt/anaconda3/envs/ros_env/share/rosidl_default_generators/cmake)
[1.457s] -- Using all available rosidl_typesupport_c: rosidl_typesupport_fastrtps_c;rosidl_typesupport_introspection_c
[1.485s] -- Found rosidl_adapter: 3.1.6 (/opt/anaconda3/envs/ros_env/share/rosidl_adapter/cmake)
[1.601s] -- Using all available rosidl_typesupport_cpp: rosidl_typesupport_fastrtps_cpp;rosidl_typesupport_introspection_cpp
[1.696s] -- Found std_msgs: 4.9.0 (/opt/anaconda3/envs/ros_env/share/std_msgs/cmake)
[1.761s] -- Found geometry_msgs: 4.9.0 (/opt/anaconda3/envs/ros_env/share/geometry_msgs/cmake)
[1.790s] -- Found nav_msgs: 4.9.0 (/opt/anaconda3/envs/ros_env/share/nav_msgs/cmake)
[2.001s] CMake Error at /opt/anaconda3/envs/ros_env/share/rosidl_cmake/cmake/rosidl_generate_interfaces.cmake:229 (message):
[2.001s]   Packages installing interfaces must include
[2.001s]   '<member_of_group>rosidl_interface_packages</member_of_group>' in their
[2.001s]   package.xml
[2.001s] Call Stack (most recent call first):
[2.002s]   CMakeLists.txt:11 (rosidl_generate_interfaces)
[2.002s] 
[2.002s] 
[2.002s] -- Configuring incomplete, errors occurred!
[2.007s] Invoked command in '/Users/danielhuinda/robotics/grizzly-25-26/build/grizzly_interfaces' returned '1': CONDA_PROMPT_MODIFIER=(ros_env) SHLVL=2 _=/opt/anaconda3/envs/ros_env/bin/env /opt/anaconda3/envs/ros_env/bin/cmake /Users/danielhuinda/robotics/grizzly-25-26/grizzly_interfaces -DCMAKE_INSTALL_PREFIX=/Users/danielhuinda/robotics/grizzly-25-26/install/grizzly_interfaces
