[0.168s] [34mcolcon[0m [1;30mDEBUG[0m [32mCommand line arguments: ['/opt/anaconda3/envs/ros_env/bin/colcon', 'build', '--cmake-args', '-DPython_EXECUTABLE=/opt/anaconda3/envs/ros_env/bin/python', '-DPython_INCLUDE_DIR=/opt/anaconda3/envs/ros_env/include/python3.11', '-DPython_LIBRARY=/opt/anaconda3/envs/ros_env/lib/libpython3.11.dylib', '--packages-select', 'grizzly_interfaces'][0m
[0.168s] [34mcolcon[0m [1;30mDEBUG[0m [32mParsed command line arguments: Namespace(log_base=None, log_level=None, verb_name='build', build_base='build', install_base='install', merge_install=False, symlink_install=False, test_result_base=None, continue_on_error=False, executor='parallel', parallel_workers=12, event_handlers=None, ignore_user_meta=False, metas=['./colcon.meta'], base_paths=['.'], packages_ignore=None, packages_ignore_regex=None, paths=None, packages_up_to=None, packages_up_to_regex=None, packages_above=None, packages_above_and_dependencies=None, packages_above_depth=None, packages_select_by_dep=None, packages_skip_by_dep=None, packages_skip_up_to=None, packages_select_build_failed=False, packages_skip_build_finished=False, packages_select_test_failures=False, packages_skip_test_passed=False, packages_select=['grizzly_interfaces'], packages_skip=None, packages_select_regex=None, packages_skip_regex=None, packages_start=None, packages_end=None, cmake_args=['-DPython_EXECUTABLE=/opt/anaconda3/envs/ros_env/bin/python', '-DPython_INCLUDE_DIR=/opt/anaconda3/envs/ros_env/include/python3.11', '-DPython_LIBRARY=/opt/anaconda3/envs/ros_env/lib/libpython3.11.dylib'], cmake_target=None, cmake_target_skip_unavailable=False, cmake_clean_cache=False, cmake_clean_first=False, cmake_force_configure=False, ament_cmake_args=None, catkin_cmake_args=None, catkin_skip_building_tests=False, verb_parser=<colcon_defaults.argument_parser.defaults.DefaultArgumentsDecorator object at 0x102e65e50>, verb_extension=<colcon_core.verb.build.BuildVerb object at 0x102e657d0>, main=<bound method BuildVerb.main of <colcon_core.verb.build.BuildVerb object at 0x102e657d0>>)[0m
[0.205s] [34mcolcon.colcon_core.package_discovery[0m [1;30mLevel 1[0m discover_packages(colcon_meta) check parameters
[0.205s] [34mcolcon.colcon_core.package_discovery[0m [1;30mLevel 1[0m discover_packages(recursive) check parameters
[0.205s] [34mcolcon.colcon_core.package_discovery[0m [1;30mLevel 1[0m discover_packages(ignore) check parameters
[0.205s] [34mcolcon.colcon_core.package_discovery[0m [1;30mLevel 1[0m discover_packages(path) check parameters
[0.205s] [34mcolcon.colcon_core.package_discovery[0m [1;30mLevel 1[0m discover_packages(colcon_meta) discover
[0.205s] [34mcolcon.colcon_core.package_discovery[0m [1;30mLevel 1[0m discover_packages(recursive) discover
[0.205s] [34mcolcon.colcon_core.package_discovery[0m [1;30mINFO[0m Crawling recursively for packages in '/Users/danielhuinda/robotics/grizzly-25-26'
[0.205s] [34mcolcon.colcon_core.package_identification[0m [1;30mLevel 1[0m _identify(.) by extensions ['ignore', 'ignore_ament_install']
[0.205s] [34mcolcon.colcon_core.package_identification[0m [1;30mLevel 1[0m _identify(.) by extension 'ignore'
[0.205s] [34mcolcon.colcon_core.package_identification[0m [1;30mLevel 1[0m _identify(.) by extension 'ignore_ament_install'
[0.205s] [34mcolcon.colcon_core.package_identification[0m [1;30mLevel 1[0m _identify(.) by extensions ['colcon_pkg']
[0.205s] [34mcolcon.colcon_core.package_identification[0m [1;30mLevel 1[0m _identify(.) by extension 'colcon_pkg'
[0.205s] [34mcolcon.colcon_core.package_identification[0m [1;30mLevel 1[0m _identify(.) by extensions ['colcon_meta']
[0.205s] [34mcolcon.colcon_core.package_identification[0m [1;30mLevel 1[0m _identify(.) by extension 'colcon_meta'
[0.205s] [34mcolcon.colcon_core.package_identification[0m [1;30mLevel 1[0m _identify(.) by extensions ['ros']
[0.205s] [34mcolcon.colcon_core.package_identification[0m [1;30mLevel 1[0m _identify(.) by extension 'ros'
[0.227s] [34mcolcon.colcon_core.package_identification[0m [1;30mLevel 1[0m _identify(.) by extensions ['cmake', 'python']
[0.227s] [34mcolcon.colcon_core.package_identification[0m [1;30mLevel 1[0m _identify(.) by extension 'cmake'
[0.227s] [34mcolcon.colcon_core.package_identification[0m [1;30mLevel 1[0m _identify(.) by extension 'python'
[0.227s] [34mcolcon.colcon_core.package_identification[0m [1;30mLevel 1[0m _identify(.) by extensions ['python_setup_py']
[0.227s] [34mcolcon.colcon_core.package_identification[0m [1;30mLevel 1[0m _identify(.) by extension 'python_setup_py'
[0.227s] [34mcolcon.colcon_core.package_identification[0m [1;30mLevel 1[0m _identify(build) by extensions ['ignore', 'ignore_ament_install']
[0.227s] [34mcolcon.colcon_core.package_identification[0m [1;30mLevel 1[0m _identify(build) by extension 'ignore'
[0.227s] [34mcolcon.colcon_core.package_identification[0m [1;30mLevel 1[0m _identify(build) ignored
[0.227s] [34mcolcon.colcon_core.package_identification[0m [1;30mLevel 1[0m _identify(grizzly_interfaces) by extensions ['ignore', 'ignore_ament_install']
[0.227s] [34mcolcon.colcon_core.package_identification[0m [1;30mLevel 1[0m _identify(grizzly_interfaces) by extension 'ignore'
[0.227s] [34mcolcon.colcon_core.package_identification[0m [1;30mLevel 1[0m _identify(grizzly_interfaces) by extension 'ignore_ament_install'
[0.227s] [34mcolcon.colcon_core.package_identification[0m [1;30mLevel 1[0m _identify(grizzly_interfaces) by extensions ['colcon_pkg']
[0.227s] [34mcolcon.colcon_core.package_identification[0m [1;30mLevel 1[0m _identify(grizzly_interfaces) by extension 'colcon_pkg'
[0.228s] [34mcolcon.colcon_core.package_identification[0m [1;30mLevel 1[0m _identify(grizzly_interfaces) by extensions ['colcon_meta']
[0.228s] [34mcolcon.colcon_core.package_identification[0m [1;30mLevel 1[0m _identify(grizzly_interfaces) by extension 'colcon_meta'
[0.228s] [34mcolcon.colcon_core.package_identification[0m [1;30mLevel 1[0m _identify(grizzly_interfaces) by extensions ['ros']
[0.228s] [34mcolcon.colcon_core.package_identification[0m [1;30mLevel 1[0m _identify(grizzly_interfaces) by extension 'ros'
[0.230s] [34mcolcon.colcon_core.package_identification[0m [1;30mDEBUG[0m [32mPackage 'grizzly_interfaces' with type 'ros.ament_cmake' and name 'grizzly_interfaces'[0m
[0.230s] [34mcolcon.colcon_core.package_identification[0m [1;30mLevel 1[0m _identify(grizzly_stack) by extensions ['ignore', 'ignore_ament_install']
[0.230s] [34mcolcon.colcon_core.package_identification[0m [1;30mLevel 1[0m _identify(grizzly_stack) by extension 'ignore'
[0.230s] [34mcolcon.colcon_core.package_identification[0m [1;30mLevel 1[0m _identify(grizzly_stack) by extension 'ignore_ament_install'
[0.230s] [34mcolcon.colcon_core.package_identification[0m [1;30mLevel 1[0m _identify(grizzly_stack) by extensions ['colcon_pkg']
[0.230s] [34mcolcon.colcon_core.package_identification[0m [1;30mLevel 1[0m _identify(grizzly_stack) by extension 'colcon_pkg'
[0.230s] [34mcolcon.colcon_core.package_identification[0m [1;30mLevel 1[0m _identify(grizzly_stack) by extensions ['colcon_meta']
[0.230s] [34mcolcon.colcon_core.package_identification[0m [1;30mLevel 1[0m _identify(grizzly_stack) by extension 'colcon_meta'
[0.230s] [34mcolcon.colcon_core.package_identification[0m [1;30mLevel 1[0m _identify(grizzly_stack) by extensions ['ros']
[0.230s] [34mcolcon.colcon_core.package_identification[0m [1;30mLevel 1[0m _identify(grizzly_stack) by extension 'ros'
[0.231s] [34mcolcon.colcon_core.package_identification[0m [1;30mDEBUG[0m [32mPackage 'grizzly_stack' with type 'ros.ament_python' and name 'grizzly_stack'[0m
[0.231s] [34mcolcon.colcon_core.package_identification[0m [1;30mLevel 1[0m _identify(install) by extensions ['ignore', 'ignore_ament_install']
[0.231s] [34mcolcon.colcon_core.package_identification[0m [1;30mLevel 1[0m _identify(install) by extension 'ignore'
[0.231s] [34mcolcon.colcon_core.package_identification[0m [1;30mLevel 1[0m _identify(install) ignored
[0.231s] [34mcolcon.colcon_core.package_identification[0m [1;30mLevel 1[0m _identify(log) by extensions ['ignore', 'ignore_ament_install']
[0.231s] [34mcolcon.colcon_core.package_identification[0m [1;30mLevel 1[0m _identify(log) by extension 'ignore'
[0.231s] [34mcolcon.colcon_core.package_identification[0m [1;30mLevel 1[0m _identify(log) ignored
[0.231s] [34mcolcon.colcon_core.package_discovery[0m [1;30mLevel 1[0m discover_packages(recursive) using defaults
[0.231s] [34mcolcon.colcon_core.package_discovery[0m [1;30mLevel 1[0m discover_packages(ignore) discover
[0.231s] [34mcolcon.colcon_core.package_discovery[0m [1;30mLevel 1[0m discover_packages(ignore) using defaults
[0.231s] [34mcolcon.colcon_core.package_discovery[0m [1;30mLevel 1[0m discover_packages(path) discover
[0.231s] [34mcolcon.colcon_core.package_discovery[0m [1;30mLevel 1[0m discover_packages(path) using defaults
[0.244s] [34mcolcon.colcon_core.package_selection[0m [1;30mINFO[0m Skipping not selected package 'grizzly_stack' in 'grizzly_stack'
[0.245s] [34mcolcon.colcon_core.verb[0m [1;30mLevel 5[0m set package 'grizzly_interfaces' build argument 'cmake_args' from command line to '['-DPython_EXECUTABLE=/opt/anaconda3/envs/ros_env/bin/python', '-DPython_INCLUDE_DIR=/opt/anaconda3/envs/ros_env/include/python3.11', '-DPython_LIBRARY=/opt/anaconda3/envs/ros_env/lib/libpython3.11.dylib']'
[0.245s] [34mcolcon.colcon_core.verb[0m [1;30mLevel 5[0m set package 'grizzly_interfaces' build argument 'cmake_target' from command line to 'None'
[0.245s] [34mcolcon.colcon_core.verb[0m [1;30mLevel 5[0m set package 'grizzly_interfaces' build argument 'cmake_target_skip_unavailable' from command line to 'False'
[0.245s] [34mcolcon.colcon_core.verb[0m [1;30mLevel 5[0m set package 'grizzly_interfaces' build argument 'cmake_clean_cache' from command line to 'False'
[0.245s] [34mcolcon.colcon_core.verb[0m [1;30mLevel 5[0m set package 'grizzly_interfaces' build argument 'cmake_clean_first' from command line to 'False'
[0.245s] [34mcolcon.colcon_core.verb[0m [1;30mLevel 5[0m set package 'grizzly_interfaces' build argument 'cmake_force_configure' from command line to 'False'
[0.245s] [34mcolcon.colcon_core.verb[0m [1;30mLevel 5[0m set package 'grizzly_interfaces' build argument 'ament_cmake_args' from command line to 'None'
[0.245s] [34mcolcon.colcon_core.verb[0m [1;30mLevel 5[0m set package 'grizzly_interfaces' build argument 'catkin_cmake_args' from command line to 'None'
[0.245s] [34mcolcon.colcon_core.verb[0m [1;30mLevel 5[0m set package 'grizzly_interfaces' build argument 'catkin_skip_building_tests' from command line to 'False'
[0.245s] [34mcolcon.colcon_core.verb[0m [1;30mDEBUG[0m [32mBuilding package 'grizzly_interfaces' with the following arguments: {'ament_cmake_args': None, 'build_base': '/Users/danielhuinda/robotics/grizzly-25-26/build/grizzly_interfaces', 'catkin_cmake_args': None, 'catkin_skip_building_tests': False, 'cmake_args': ['-DPython_EXECUTABLE=/opt/anaconda3/envs/ros_env/bin/python', '-DPython_INCLUDE_DIR=/opt/anaconda3/envs/ros_env/include/python3.11', '-DPython_LIBRARY=/opt/anaconda3/envs/ros_env/lib/libpython3.11.dylib'], 'cmake_clean_cache': False, 'cmake_clean_first': False, 'cmake_force_configure': False, 'cmake_target': None, 'cmake_target_skip_unavailable': False, 'install_base': '/Users/danielhuinda/robotics/grizzly-25-26/install/grizzly_interfaces', 'merge_install': False, 'path': '/Users/danielhuinda/robotics/grizzly-25-26/grizzly_interfaces', 'symlink_install': False, 'test_result_base': None}[0m
[0.245s] [34mcolcon.colcon_core.executor[0m [1;30mINFO[0m Executing jobs using 'parallel' executor
[0.245s] [34mcolcon.colcon_parallel_executor.executor.parallel[0m [1;30mDEBUG[0m [32mrun_until_complete[0m
[0.245s] [34mcolcon.colcon_ros.task.ament_cmake.build[0m [1;30mINFO[0m Building ROS package in '/Users/danielhuinda/robotics/grizzly-25-26/grizzly_interfaces' with build type 'ament_cmake'
[0.245s] [34mcolcon.colcon_cmake.task.cmake.build[0m [1;30mINFO[0m Building CMake package in '/Users/danielhuinda/robotics/grizzly-25-26/grizzly_interfaces'
[0.247s] [34mcolcon.colcon_core.plugin_system[0m [1;30mINFO[0m Skipping extension 'colcon_core.shell.bat': Not used on non-Windows systems
[0.248s] [34mcolcon.colcon_core.shell[0m [1;30mINFO[0m Skip shell extension 'powershell' for command environment: Not usable outside of PowerShell
[0.248s] [34mcolcon.colcon_core.shell[0m [1;30mDEBUG[0m [32mSkip shell extension 'dsv' for command environment[0m
[0.268s] [34mcolcon.colcon_core.event_handler.log_command[0m [1;30mDEBUG[0m [32mInvoking command in '/Users/danielhuinda/robotics/grizzly-25-26/build/grizzly_interfaces': CMAKE_PREFIX_PATH=/opt/anaconda3/envs/ros_env CONDA_PROMPT_MODIFIER=(base) SHLVL=3 _=/opt/anaconda3/envs/ros_env/bin/env /opt/anaconda3/envs/ros_env/bin/cmake /Users/danielhuinda/robotics/grizzly-25-26/grizzly_interfaces -DPython_EXECUTABLE=/opt/anaconda3/envs/ros_env/bin/python -DPython_INCLUDE_DIR=/opt/anaconda3/envs/ros_env/include/python3.11 -DPython_LIBRARY=/opt/anaconda3/envs/ros_env/lib/libpython3.11.dylib -DCMAKE_INSTALL_PREFIX=/Users/danielhuinda/robotics/grizzly-25-26/install/grizzly_interfaces[0m
[3.553s] [34mcolcon.colcon_core.event_handler.log_command[0m [1;30mDEBUG[0m [32mInvoked command in '/Users/danielhuinda/robotics/grizzly-25-26/build/grizzly_interfaces' returned '0': CMAKE_PREFIX_PATH=/opt/anaconda3/envs/ros_env CONDA_PROMPT_MODIFIER=(base) SHLVL=3 _=/opt/anaconda3/envs/ros_env/bin/env /opt/anaconda3/envs/ros_env/bin/cmake /Users/danielhuinda/robotics/grizzly-25-26/grizzly_interfaces -DPython_EXECUTABLE=/opt/anaconda3/envs/ros_env/bin/python -DPython_INCLUDE_DIR=/opt/anaconda3/envs/ros_env/include/python3.11 -DPython_LIBRARY=/opt/anaconda3/envs/ros_env/lib/libpython3.11.dylib -DCMAKE_INSTALL_PREFIX=/Users/danielhuinda/robotics/grizzly-25-26/install/grizzly_interfaces[0m
[3.555s] [34mcolcon.colcon_core.event_handler.log_command[0m [1;30mDEBUG[0m [32mInvoking command in '/Users/danielhuinda/robotics/grizzly-25-26/build/grizzly_interfaces': CMAKE_PREFIX_PATH=/opt/anaconda3/envs/ros_env CONDA_PROMPT_MODIFIER=(base) SHLVL=3 _=/opt/anaconda3/envs/ros_env/bin/env /opt/anaconda3/envs/ros_env/bin/cmake --build /Users/danielhuinda/robotics/grizzly-25-26/build/grizzly_interfaces -- -j12 -l12[0m
[5.337s] [34mcolcon.colcon_core.event_handler.log_command[0m [1;30mDEBUG[0m [32mInvoked command in '/Users/danielhuinda/robotics/grizzly-25-26/build/grizzly_interfaces' returned '0': CMAKE_PREFIX_PATH=/opt/anaconda3/envs/ros_env CONDA_PROMPT_MODIFIER=(base) SHLVL=3 _=/opt/anaconda3/envs/ros_env/bin/env /opt/anaconda3/envs/ros_env/bin/cmake --build /Users/danielhuinda/robotics/grizzly-25-26/build/grizzly_interfaces -- -j12 -l12[0m
[5.352s] [34mcolcon.colcon_core.event_handler.log_command[0m [1;30mDEBUG[0m [32mInvoking command in '/Users/danielhuinda/robotics/grizzly-25-26/build/grizzly_interfaces': CMAKE_PREFIX_PATH=/opt/anaconda3/envs/ros_env CONDA_PROMPT_MODIFIER=(base) SHLVL=3 _=/opt/anaconda3/envs/ros_env/bin/env /opt/anaconda3/envs/ros_env/bin/cmake --install /Users/danielhuinda/robotics/grizzly-25-26/build/grizzly_interfaces[0m
[5.630s] [34mcolcon.colcon_core.environment[0m [1;30mLevel 1[0m create_environment_scripts_only(grizzly_interfaces)
[5.630s] [34mcolcon.colcon_core.event_handler.log_command[0m [1;30mDEBUG[0m [32mInvoked command in '/Users/danielhuinda/robotics/grizzly-25-26/build/grizzly_interfaces' returned '0': CMAKE_PREFIX_PATH=/opt/anaconda3/envs/ros_env CONDA_PROMPT_MODIFIER=(base) SHLVL=3 _=/opt/anaconda3/envs/ros_env/bin/env /opt/anaconda3/envs/ros_env/bin/cmake --install /Users/danielhuinda/robotics/grizzly-25-26/build/grizzly_interfaces[0m
[5.633s] [34mcolcon.colcon_core.environment[0m [1;30mLevel 1[0m checking '/Users/danielhuinda/robotics/grizzly-25-26/install/grizzly_interfaces' for CMake module files
[5.634s] [34mcolcon.colcon_core.environment[0m [1;30mLevel 1[0m checking '/Users/danielhuinda/robotics/grizzly-25-26/install/grizzly_interfaces' for CMake config files
[5.634s] [34mcolcon.colcon_core.shell[0m [1;30mLevel 1[0m create_environment_hook('grizzly_interfaces', 'cmake_prefix_path')
[5.634s] [34mcolcon.colcon_core.shell[0m [1;30mINFO[0m Creating environment hook '/Users/danielhuinda/robotics/grizzly-25-26/install/grizzly_interfaces/share/grizzly_interfaces/hook/cmake_prefix_path.ps1'
[5.635s] [34mcolcon.colcon_core.shell[0m [1;30mINFO[0m Creating environment descriptor '/Users/danielhuinda/robotics/grizzly-25-26/install/grizzly_interfaces/share/grizzly_interfaces/hook/cmake_prefix_path.dsv'
[5.635s] [34mcolcon.colcon_core.shell[0m [1;30mINFO[0m Creating environment hook '/Users/danielhuinda/robotics/grizzly-25-26/install/grizzly_interfaces/share/grizzly_interfaces/hook/cmake_prefix_path.sh'
[5.635s] [34mcolcon.colcon_core.environment[0m [1;30mLevel 1[0m checking '/Users/danielhuinda/robotics/grizzly-25-26/install/grizzly_interfaces/lib'
[5.636s] [34mcolcon.colcon_core.shell[0m [1;30mLevel 1[0m create_environment_hook('grizzly_interfaces', 'dyld_library_path')
[5.636s] [34mcolcon.colcon_core.shell[0m [1;30mINFO[0m Creating environment hook '/Users/danielhuinda/robotics/grizzly-25-26/install/grizzly_interfaces/share/grizzly_interfaces/hook/dyld_library_path.ps1'
[5.636s] [34mcolcon.colcon_core.shell[0m [1;30mINFO[0m Creating environment descriptor '/Users/danielhuinda/robotics/grizzly-25-26/install/grizzly_interfaces/share/grizzly_interfaces/hook/dyld_library_path.dsv'
[5.636s] [34mcolcon.colcon_core.shell[0m [1;30mINFO[0m Creating environment hook '/Users/danielhuinda/robotics/grizzly-25-26/install/grizzly_interfaces/share/grizzly_interfaces/hook/dyld_library_path.sh'
[5.636s] [34mcolcon.colcon_core.environment[0m [1;30mLevel 1[0m checking '/Users/danielhuinda/robotics/grizzly-25-26/install/grizzly_interfaces/bin'
[5.636s] [34mcolcon.colcon_core.environment[0m [1;30mLevel 1[0m checking '/Users/danielhuinda/robotics/grizzly-25-26/install/grizzly_interfaces/lib/pkgconfig/grizzly_interfaces.pc'
[5.636s] [34mcolcon.colcon_core.environment[0m [1;30mLevel 1[0m checking '/Users/danielhuinda/robotics/grizzly-25-26/install/grizzly_interfaces/lib/python3.11/site-packages'
[5.636s] [34mcolcon.colcon_core.shell[0m [1;30mLevel 1[0m create_environment_hook('grizzly_interfaces', 'pythonpath')
[5.637s] [34mcolcon.colcon_core.shell[0m [1;30mINFO[0m Creating environment hook '/Users/danielhuinda/robotics/grizzly-25-26/install/grizzly_interfaces/share/grizzly_interfaces/hook/pythonpath.ps1'
[5.637s] [34mcolcon.colcon_core.shell[0m [1;30mINFO[0m Creating environment descriptor '/Users/danielhuinda/robotics/grizzly-25-26/install/grizzly_interfaces/share/grizzly_interfaces/hook/pythonpath.dsv'
[5.637s] [34mcolcon.colcon_core.shell[0m [1;30mINFO[0m Creating environment hook '/Users/danielhuinda/robotics/grizzly-25-26/install/grizzly_interfaces/share/grizzly_interfaces/hook/pythonpath.sh'
[5.637s] [34mcolcon.colcon_core.environment[0m [1;30mLevel 1[0m checking '/Users/danielhuinda/robotics/grizzly-25-26/install/grizzly_interfaces/bin'
[5.637s] [34mcolcon.colcon_core.shell[0m [1;30mINFO[0m Creating package script '/Users/danielhuinda/robotics/grizzly-25-26/install/grizzly_interfaces/share/grizzly_interfaces/package.ps1'
[5.638s] [34mcolcon.colcon_core.shell[0m [1;30mINFO[0m Creating package descriptor '/Users/danielhuinda/robotics/grizzly-25-26/install/grizzly_interfaces/share/grizzly_interfaces/package.dsv'
[5.638s] [34mcolcon.colcon_core.shell[0m [1;30mINFO[0m Creating package script '/Users/danielhuinda/robotics/grizzly-25-26/install/grizzly_interfaces/share/grizzly_interfaces/package.sh'
[5.639s] [34mcolcon.colcon_core.shell[0m [1;30mINFO[0m Creating package script '/Users/danielhuinda/robotics/grizzly-25-26/install/grizzly_interfaces/share/grizzly_interfaces/package.bash'
[5.639s] [34mcolcon.colcon_core.shell[0m [1;30mINFO[0m Creating package script '/Users/danielhuinda/robotics/grizzly-25-26/install/grizzly_interfaces/share/grizzly_interfaces/package.zsh'
[5.640s] [34mcolcon.colcon_core.environment[0m [1;30mLevel 1[0m create_file_with_runtime_dependencies(/Users/danielhuinda/robotics/grizzly-25-26/install/grizzly_interfaces/share/colcon-core/packages/grizzly_interfaces)
[5.640s] [34mcolcon.colcon_core.environment[0m [1;30mLevel 1[0m create_environment_scripts_only(grizzly_interfaces)
[5.640s] [34mcolcon.colcon_core.environment[0m [1;30mLevel 1[0m checking '/Users/danielhuinda/robotics/grizzly-25-26/install/grizzly_interfaces' for CMake module files
[5.641s] [34mcolcon.colcon_core.environment[0m [1;30mLevel 1[0m checking '/Users/danielhuinda/robotics/grizzly-25-26/install/grizzly_interfaces' for CMake config files
[5.641s] [34mcolcon.colcon_core.shell[0m [1;30mLevel 1[0m create_environment_hook('grizzly_interfaces', 'cmake_prefix_path')
[5.641s] [34mcolcon.colcon_core.shell[0m [1;30mINFO[0m Creating environment hook '/Users/danielhuinda/robotics/grizzly-25-26/install/grizzly_interfaces/share/grizzly_interfaces/hook/cmake_prefix_path.ps1'
[5.641s] [34mcolcon.colcon_core.shell[0m [1;30mINFO[0m Creating environment descriptor '/Users/danielhuinda/robotics/grizzly-25-26/install/grizzly_interfaces/share/grizzly_interfaces/hook/cmake_prefix_path.dsv'
[5.642s] [34mcolcon.colcon_core.shell[0m [1;30mINFO[0m Creating environment hook '/Users/danielhuinda/robotics/grizzly-25-26/install/grizzly_interfaces/share/grizzly_interfaces/hook/cmake_prefix_path.sh'
[5.642s] [34mcolcon.colcon_core.environment[0m [1;30mLevel 1[0m checking '/Users/danielhuinda/robotics/grizzly-25-26/install/grizzly_interfaces/lib'
[5.642s] [34mcolcon.colcon_core.shell[0m [1;30mLevel 1[0m create_environment_hook('grizzly_interfaces', 'dyld_library_path')
[5.642s] [34mcolcon.colcon_core.shell[0m [1;30mINFO[0m Creating environment hook '/Users/danielhuinda/robotics/grizzly-25-26/install/grizzly_interfaces/share/grizzly_interfaces/hook/dyld_library_path.ps1'
[5.642s] [34mcolcon.colcon_core.shell[0m [1;30mINFO[0m Creating environment descriptor '/Users/danielhuinda/robotics/grizzly-25-26/install/grizzly_interfaces/share/grizzly_interfaces/hook/dyld_library_path.dsv'
[5.642s] [34mcolcon.colcon_core.shell[0m [1;30mINFO[0m Creating environment hook '/Users/danielhuinda/robotics/grizzly-25-26/install/grizzly_interfaces/share/grizzly_interfaces/hook/dyld_library_path.sh'
[5.643s] [34mcolcon.colcon_core.environment[0m [1;30mLevel 1[0m checking '/Users/danielhuinda/robotics/grizzly-25-26/install/grizzly_interfaces/bin'
[5.643s] [34mcolcon.colcon_core.environment[0m [1;30mLevel 1[0m checking '/Users/danielhuinda/robotics/grizzly-25-26/install/grizzly_interfaces/lib/pkgconfig/grizzly_interfaces.pc'
[5.643s] [34mcolcon.colcon_core.environment[0m [1;30mLevel 1[0m checking '/Users/danielhuinda/robotics/grizzly-25-26/install/grizzly_interfaces/lib/python3.11/site-packages'
[5.643s] [34mcolcon.colcon_core.shell[0m [1;30mLevel 1[0m create_environment_hook('grizzly_interfaces', 'pythonpath')
[5.643s] [34mcolcon.colcon_core.shell[0m [1;30mINFO[0m Creating environment hook '/Users/danielhuinda/robotics/grizzly-25-26/install/grizzly_interfaces/share/grizzly_interfaces/hook/pythonpath.ps1'
[5.643s] [34mcolcon.colcon_core.shell[0m [1;30mINFO[0m Creating environment descriptor '/Users/danielhuinda/robotics/grizzly-25-26/install/grizzly_interfaces/share/grizzly_interfaces/hook/pythonpath.dsv'
[5.643s] [34mcolcon.colcon_core.shell[0m [1;30mINFO[0m Creating environment hook '/Users/danielhuinda/robotics/grizzly-25-26/install/grizzly_interfaces/share/grizzly_interfaces/hook/pythonpath.sh'
[5.643s] [34mcolcon.colcon_core.environment[0m [1;30mLevel 1[0m checking '/Users/danielhuinda/robotics/grizzly-25-26/install/grizzly_interfaces/bin'
[5.643s] [34mcolcon.colcon_core.shell[0m [1;30mINFO[0m Creating package script '/Users/danielhuinda/robotics/grizzly-25-26/install/grizzly_interfaces/share/grizzly_interfaces/package.ps1'
[5.644s] [34mcolcon.colcon_core.shell[0m [1;30mINFO[0m Creating package descriptor '/Users/danielhuinda/robotics/grizzly-25-26/install/grizzly_interfaces/share/grizzly_interfaces/package.dsv'
[5.644s] [34mcolcon.colcon_core.shell[0m [1;30mINFO[0m Creating package script '/Users/danielhuinda/robotics/grizzly-25-26/install/grizzly_interfaces/share/grizzly_interfaces/package.sh'
[5.644s] [34mcolcon.colcon_core.shell[0m [1;30mINFO[0m Creating package script '/Users/danielhuinda/robotics/grizzly-25-26/install/grizzly_interfaces/share/grizzly_interfaces/package.bash'
[5.644s] [34mcolcon.colcon_core.shell[0m [1;30mINFO[0m Creating package script '/Users/danielhuinda/robotics/grizzly-25-26/install/grizzly_interfaces/share/grizzly_interfaces/package.zsh'
[5.645s] [34mcolcon.colcon_core.environment[0m [1;30mLevel 1[0m create_file_with_runtime_dependencies(/Users/danielhuinda/robotics/grizzly-25-26/install/grizzly_interfaces/share/colcon-core/packages/grizzly_interfaces)
[5.645s] [34mcolcon.colcon_parallel_executor.executor.parallel[0m [1;30mDEBUG[0m [32mclosing loop[0m
[5.645s] [34mcolcon.colcon_parallel_executor.executor.parallel[0m [1;30mDEBUG[0m [32mloop closed[0m
[5.645s] [34mcolcon.colcon_parallel_executor.executor.parallel[0m [1;30mDEBUG[0m [32mrun_until_complete finished with '0'[0m
[5.645s] [34mcolcon.colcon_core.event_reactor[0m [1;30mDEBUG[0m [32mjoining thread[0m
[5.646s] [34mcolcon.colcon_core.event_reactor[0m [1;30mDEBUG[0m [32mjoined thread[0m
[5.646s] [34mcolcon.colcon_core.shell[0m [1;30mINFO[0m Creating prefix script '/Users/danielhuinda/robotics/grizzly-25-26/install/local_setup.ps1'
[5.647s] [34mcolcon.colcon_core.shell[0m [1;30mINFO[0m Creating prefix util module '/Users/danielhuinda/robotics/grizzly-25-26/install/_local_setup_util_ps1.py'
[5.647s] [34mcolcon.colcon_core.shell[0m [1;30mINFO[0m Creating prefix chain script '/Users/danielhuinda/robotics/grizzly-25-26/install/setup.ps1'
[5.648s] [34mcolcon.colcon_core.shell[0m [1;30mINFO[0m Creating prefix script '/Users/danielhuinda/robotics/grizzly-25-26/install/local_setup.sh'
[5.648s] [34mcolcon.colcon_core.shell[0m [1;30mINFO[0m Creating prefix util module '/Users/danielhuinda/robotics/grizzly-25-26/install/_local_setup_util_sh.py'
[5.649s] [34mcolcon.colcon_core.shell[0m [1;30mINFO[0m Creating prefix chain script '/Users/danielhuinda/robotics/grizzly-25-26/install/setup.sh'
[5.649s] [34mcolcon.colcon_core.shell[0m [1;30mINFO[0m Creating prefix script '/Users/danielhuinda/robotics/grizzly-25-26/install/local_setup.bash'
[5.650s] [34mcolcon.colcon_core.shell[0m [1;30mINFO[0m Creating prefix chain script '/Users/danielhuinda/robotics/grizzly-25-26/install/setup.bash'
[5.650s] [34mcolcon.colcon_core.shell[0m [1;30mINFO[0m Creating prefix script '/Users/danielhuinda/robotics/grizzly-25-26/install/local_setup.zsh'
[5.651s] [34mcolcon.colcon_core.shell[0m [1;30mINFO[0m Creating prefix chain script '/Users/danielhuinda/robotics/grizzly-25-26/install/setup.zsh'
